{"D:\\Github\\ShowME\\Show-Me-Related-Work\\server\\Show-Me-App\\spec\\findAllDomainsSpec.js":{"path":"D:\\Github\\ShowME\\Show-Me-Related-Work\\server\\Show-Me-App\\spec\\findAllDomainsSpec.js","s":{"1":1,"2":1,"3":1,"4":1,"5":1,"6":1,"7":1,"8":1,"9":1,"10":1,"11":1,"12":1,"13":1,"14":1,"15":1},"b":{},"f":{"1":1,"2":1,"3":1,"4":1,"5":1,"6":1},"fnMap":{"1":{"name":"(anonymous_1)","line":4,"loc":{"start":{"line":4,"column":34},"end":{"line":4,"column":44}}},"2":{"name":"(anonymous_2)","line":5,"loc":{"start":{"line":5,"column":22},"end":{"line":5,"column":33}}},"3":{"name":"(anonymous_3)","line":7,"loc":{"start":{"line":7,"column":32},"end":{"line":7,"column":47}}},"4":{"name":"(anonymous_4)","line":8,"loc":{"start":{"line":8,"column":20},"end":{"line":8,"column":52}}},"5":{"name":"(anonymous_5)","line":14,"loc":{"start":{"line":14,"column":33},"end":{"line":14,"column":48}}},"6":{"name":"(anonymous_6)","line":15,"loc":{"start":{"line":15,"column":20},"end":{"line":15,"column":52}}}},"statementMap":{"1":{"start":{"line":1,"column":0},"end":{"line":1,"column":33}},"2":{"start":{"line":2,"column":0},"end":{"line":2,"column":50}},"3":{"start":{"line":4,"column":0},"end":{"line":26,"column":3}},"4":{"start":{"line":5,"column":4},"end":{"line":25,"column":4}},"5":{"start":{"line":7,"column":2},"end":{"line":12,"column":5}},"6":{"start":{"line":8,"column":3},"end":{"line":11,"column":6}},"7":{"start":{"line":9,"column":4},"end":{"line":9,"column":42}},"8":{"start":{"line":10,"column":4},"end":{"line":10,"column":11}},"9":{"start":{"line":14,"column":2},"end":{"line":23,"column":5}},"10":{"start":{"line":15,"column":3},"end":{"line":22,"column":6}},"11":{"start":{"line":17,"column":4},"end":{"line":17,"column":39}},"12":{"start":{"line":18,"column":4},"end":{"line":18,"column":44}},"13":{"start":{"line":19,"column":4},"end":{"line":19,"column":41}},"14":{"start":{"line":20,"column":4},"end":{"line":20,"column":38}},"15":{"start":{"line":21,"column":4},"end":{"line":21,"column":11}}},"branchMap":{}},"D:\\Github\\ShowME\\Show-Me-Related-Work\\server\\Show-Me-App\\spec\\findPapersForDomainSpec.js":{"path":"D:\\Github\\ShowME\\Show-Me-Related-Work\\server\\Show-Me-App\\spec\\findPapersForDomainSpec.js","s":{"1":1,"2":1,"3":1,"4":1,"5":1,"6":1,"7":1,"8":1,"9":1,"10":1,"11":1,"12":1,"13":1,"14":1,"15":1},"b":{},"f":{"1":1,"2":1,"3":1,"4":1,"5":1,"6":1},"fnMap":{"1":{"name":"(anonymous_1)","line":4,"loc":{"start":{"line":4,"column":49},"end":{"line":4,"column":59}}},"2":{"name":"(anonymous_2)","line":5,"loc":{"start":{"line":5,"column":22},"end":{"line":5,"column":33}}},"3":{"name":"(anonymous_3)","line":7,"loc":{"start":{"line":7,"column":32},"end":{"line":7,"column":47}}},"4":{"name":"(anonymous_4)","line":9,"loc":{"start":{"line":9,"column":20},"end":{"line":9,"column":52}}},"5":{"name":"(anonymous_5)","line":15,"loc":{"start":{"line":15,"column":45},"end":{"line":15,"column":60}}},"6":{"name":"(anonymous_6)","line":17,"loc":{"start":{"line":17,"column":20},"end":{"line":17,"column":52}}}},"statementMap":{"1":{"start":{"line":1,"column":0},"end":{"line":1,"column":33}},"2":{"start":{"line":2,"column":0},"end":{"line":2,"column":52}},"3":{"start":{"line":4,"column":0},"end":{"line":25,"column":3}},"4":{"start":{"line":5,"column":4},"end":{"line":24,"column":4}},"5":{"start":{"line":7,"column":2},"end":{"line":13,"column":5}},"6":{"start":{"line":8,"column":3},"end":{"line":8,"column":28}},"7":{"start":{"line":9,"column":3},"end":{"line":12,"column":6}},"8":{"start":{"line":10,"column":4},"end":{"line":10,"column":42}},"9":{"start":{"line":11,"column":4},"end":{"line":11,"column":11}},"10":{"start":{"line":15,"column":2},"end":{"line":22,"column":5}},"11":{"start":{"line":16,"column":3},"end":{"line":16,"column":28}},"12":{"start":{"line":17,"column":3},"end":{"line":21,"column":6}},"13":{"start":{"line":18,"column":4},"end":{"line":18,"column":39}},"14":{"start":{"line":19,"column":4},"end":{"line":19,"column":71}},"15":{"start":{"line":20,"column":4},"end":{"line":20,"column":11}}},"branchMap":{}},"D:\\Github\\ShowME\\Show-Me-Related-Work\\server\\Show-Me-App\\spec\\findRelationsfromIdSpec.js":{"path":"D:\\Github\\ShowME\\Show-Me-Related-Work\\server\\Show-Me-App\\spec\\findRelationsfromIdSpec.js","s":{"1":1,"2":1,"3":1,"4":1,"5":1,"6":1,"7":1,"8":1,"9":1,"10":1,"11":1,"12":1,"13":1,"14":1,"15":1,"16":1,"17":1,"18":1,"19":1,"20":1,"21":1,"22":1},"b":{},"f":{"1":1,"2":1,"3":1,"4":1,"5":1,"6":1,"7":1,"8":1},"fnMap":{"1":{"name":"(anonymous_1)","line":4,"loc":{"start":{"line":4,"column":30},"end":{"line":4,"column":41}}},"2":{"name":"(anonymous_2)","line":5,"loc":{"start":{"line":5,"column":20},"end":{"line":5,"column":31}}},"3":{"name":"(anonymous_3)","line":8,"loc":{"start":{"line":8,"column":34},"end":{"line":8,"column":49}}},"4":{"name":"(anonymous_4)","line":10,"loc":{"start":{"line":10,"column":32},"end":{"line":10,"column":64}}},"5":{"name":"(anonymous_5)","line":17,"loc":{"start":{"line":17,"column":34},"end":{"line":17,"column":49}}},"6":{"name":"(anonymous_6)","line":19,"loc":{"start":{"line":19,"column":28},"end":{"line":19,"column":60}}},"7":{"name":"(anonymous_7)","line":26,"loc":{"start":{"line":26,"column":53},"end":{"line":26,"column":68}}},"8":{"name":"(anonymous_8)","line":28,"loc":{"start":{"line":28,"column":27},"end":{"line":28,"column":59}}}},"statementMap":{"1":{"start":{"line":1,"column":0},"end":{"line":1,"column":33}},"2":{"start":{"line":2,"column":0},"end":{"line":2,"column":59}},"3":{"start":{"line":4,"column":0},"end":{"line":46,"column":3}},"4":{"start":{"line":5,"column":2},"end":{"line":45,"column":5}},"5":{"start":{"line":8,"column":4},"end":{"line":14,"column":7}},"6":{"start":{"line":9,"column":3},"end":{"line":9,"column":88}},"7":{"start":{"line":10,"column":6},"end":{"line":13,"column":9}},"8":{"start":{"line":11,"column":8},"end":{"line":11,"column":46}},"9":{"start":{"line":12,"column":8},"end":{"line":12,"column":15}},"10":{"start":{"line":17,"column":4},"end":{"line":23,"column":7}},"11":{"start":{"line":18,"column":3},"end":{"line":18,"column":84}},"12":{"start":{"line":19,"column":6},"end":{"line":22,"column":9}},"13":{"start":{"line":20,"column":8},"end":{"line":20,"column":50}},"14":{"start":{"line":21,"column":8},"end":{"line":21,"column":15}},"15":{"start":{"line":26,"column":4},"end":{"line":44,"column":7}},"16":{"start":{"line":27,"column":3},"end":{"line":27,"column":83}},"17":{"start":{"line":28,"column":6},"end":{"line":43,"column":9}},"18":{"start":{"line":29,"column":2},"end":{"line":29,"column":34}},"19":{"start":{"line":30,"column":2},"end":{"line":30,"column":46}},"20":{"start":{"line":40,"column":2},"end":{"line":40,"column":45}},"21":{"start":{"line":41,"column":2},"end":{"line":41,"column":46}},"22":{"start":{"line":42,"column":2},"end":{"line":42,"column":9}}},"branchMap":{}},"D:\\Github\\ShowME\\Show-Me-Related-Work\\server\\Show-Me-App\\spec\\findUserspec.js":{"path":"D:\\Github\\ShowME\\Show-Me-Related-Work\\server\\Show-Me-App\\spec\\findUserspec.js","s":{"1":1,"2":1,"3":1,"4":1,"5":1,"6":1,"7":1,"8":1,"9":1,"10":1,"11":1,"12":1,"13":1,"14":1,"15":1,"16":1,"17":1,"18":1,"19":1,"20":1,"21":1,"22":1,"23":1},"b":{},"f":{"1":1,"2":1,"3":1,"4":1,"5":1,"6":1,"7":1,"8":1},"fnMap":{"1":{"name":"(anonymous_1)","line":4,"loc":{"start":{"line":4,"column":52},"end":{"line":4,"column":63}}},"2":{"name":"(anonymous_2)","line":5,"loc":{"start":{"line":5,"column":20},"end":{"line":5,"column":31}}},"3":{"name":"(anonymous_3)","line":8,"loc":{"start":{"line":8,"column":34},"end":{"line":8,"column":49}}},"4":{"name":"(anonymous_4)","line":9,"loc":{"start":{"line":9,"column":28},"end":{"line":9,"column":60}}},"5":{"name":"(anonymous_5)","line":17,"loc":{"start":{"line":17,"column":31},"end":{"line":17,"column":46}}},"6":{"name":"(anonymous_6)","line":19,"loc":{"start":{"line":19,"column":28},"end":{"line":19,"column":60}}},"7":{"name":"(anonymous_7)","line":31,"loc":{"start":{"line":31,"column":31},"end":{"line":31,"column":46}}},"8":{"name":"(anonymous_8)","line":33,"loc":{"start":{"line":33,"column":28},"end":{"line":33,"column":60}}}},"statementMap":{"1":{"start":{"line":1,"column":0},"end":{"line":1,"column":33}},"2":{"start":{"line":2,"column":0},"end":{"line":2,"column":45}},"3":{"start":{"line":4,"column":0},"end":{"line":40,"column":3}},"4":{"start":{"line":5,"column":2},"end":{"line":39,"column":5}},"5":{"start":{"line":8,"column":4},"end":{"line":13,"column":7}},"6":{"start":{"line":9,"column":6},"end":{"line":12,"column":9}},"7":{"start":{"line":10,"column":8},"end":{"line":10,"column":46}},"8":{"start":{"line":11,"column":8},"end":{"line":11,"column":15}},"9":{"start":{"line":17,"column":4},"end":{"line":27,"column":7}},"10":{"start":{"line":18,"column":3},"end":{"line":18,"column":49}},"11":{"start":{"line":19,"column":6},"end":{"line":26,"column":9}},"12":{"start":{"line":20,"column":2},"end":{"line":20,"column":34}},"13":{"start":{"line":21,"column":2},"end":{"line":21,"column":36}},"14":{"start":{"line":22,"column":2},"end":{"line":22,"column":50}},"15":{"start":{"line":23,"column":2},"end":{"line":23,"column":48}},"16":{"start":{"line":24,"column":2},"end":{"line":24,"column":55}},"17":{"start":{"line":25,"column":2},"end":{"line":25,"column":9}},"18":{"start":{"line":31,"column":4},"end":{"line":38,"column":7}},"19":{"start":{"line":32,"column":3},"end":{"line":32,"column":51}},"20":{"start":{"line":33,"column":6},"end":{"line":37,"column":9}},"21":{"start":{"line":34,"column":2},"end":{"line":34,"column":34}},"22":{"start":{"line":35,"column":2},"end":{"line":35,"column":37}},"23":{"start":{"line":36,"column":2},"end":{"line":36,"column":9}}},"branchMap":{}},"D:\\Github\\ShowME\\Show-Me-Related-Work\\server\\Show-Me-App\\api.js":{"path":"D:\\Github\\ShowME\\Show-Me-Related-Work\\server\\Show-Me-App\\api.js","s":{"1":0,"2":0,"3":0,"4":0,"5":0,"6":0,"7":0,"8":0,"9":0,"10":0,"11":0,"12":0,"13":0,"14":0,"15":0,"16":0,"17":0,"18":0,"19":0,"20":0,"21":0,"22":0,"23":0,"24":0,"25":0,"26":0,"27":0,"28":0,"29":0,"30":0,"31":0,"32":0,"33":0,"34":0,"35":0,"36":0,"37":0,"38":0,"39":0,"40":0,"41":0,"42":0,"43":0,"44":0,"45":0,"46":0,"47":0,"48":0,"49":0,"50":0,"51":0,"52":0,"53":0,"54":0,"55":0,"56":0,"57":0,"58":0,"59":0,"60":0,"61":0,"62":0,"63":0,"64":0,"65":0,"66":0,"67":0,"68":0,"69":0,"70":0,"71":0,"72":0,"73":0,"74":0,"75":0,"76":0,"77":0,"78":0,"79":0,"80":0,"81":0,"82":0,"83":0,"84":0,"85":0,"86":0,"87":0,"88":0,"89":0,"90":0,"91":0,"92":0,"93":0,"94":0,"95":0,"96":0,"97":0,"98":0,"99":0,"100":0,"101":0,"102":0,"103":0,"104":0,"105":0,"106":0,"107":0,"108":0,"109":0,"110":0,"111":0,"112":0,"113":0,"114":0,"115":0,"116":0,"117":0,"118":0,"119":0,"120":0,"121":0,"122":0,"123":0,"124":0,"125":0,"126":0,"127":0,"128":0,"129":0,"130":0,"131":0,"132":0,"133":0,"134":0,"135":0,"136":0,"137":0,"138":0,"139":0,"140":0,"141":0,"142":0,"143":0,"144":0,"145":0,"146":0,"147":0,"148":0,"149":0,"150":0,"151":0,"152":0,"153":0,"154":0,"155":0,"156":0,"157":0,"158":0,"159":0,"160":0,"161":0,"162":0,"163":0,"164":0,"165":0,"166":0,"167":0,"168":0,"169":0,"170":0,"171":0,"172":0,"173":0,"174":0,"175":0,"176":0,"177":0,"178":0,"179":0,"180":0,"181":0,"182":0,"183":0,"184":0,"185":0,"186":0,"187":0,"188":0,"189":0,"190":0,"191":0,"192":0,"193":0,"194":0,"195":0,"196":0,"197":0,"198":0,"199":0,"200":0,"201":0,"202":0,"203":0,"204":0,"205":0,"206":0,"207":0,"208":0,"209":0,"210":0,"211":0,"212":0,"213":0,"214":0,"215":0,"216":0,"217":0,"218":0,"219":0,"220":0,"221":0,"222":0,"223":0,"224":0,"225":0,"226":0,"227":0,"228":0,"229":0,"230":0,"231":0,"232":0,"233":0,"234":0,"235":0,"236":0,"237":0,"238":0,"239":0,"240":0,"241":0,"242":0,"243":0,"244":0,"245":0,"246":0,"247":0,"248":0,"249":0,"250":0,"251":0,"252":0,"253":0,"254":0,"255":0,"256":0,"257":0,"258":0,"259":0,"260":0,"261":0,"262":0,"263":0,"264":0,"265":0,"266":0,"267":0,"268":0,"269":0,"270":0,"271":0,"272":0,"273":0,"274":0,"275":0,"276":0,"277":0,"278":0,"279":0,"280":0,"281":0,"282":0,"283":0,"284":0,"285":0,"286":0,"287":0,"288":0,"289":0,"290":0,"291":0,"292":0,"293":0,"294":0,"295":0,"296":0,"297":0,"298":0,"299":0,"300":0,"301":0,"302":0,"303":0,"304":0,"305":0,"306":0,"307":0,"308":0,"309":0,"310":0,"311":0,"312":0,"313":0,"314":0,"315":0,"316":0,"317":0,"318":0,"319":0,"320":0,"321":0,"322":0,"323":0,"324":0,"325":0,"326":0,"327":0,"328":0,"329":0,"330":0,"331":0,"332":0,"333":0,"334":0,"335":0,"336":0,"337":0,"338":0,"339":0,"340":0,"341":0,"342":0,"343":0,"344":0,"345":0,"346":0,"347":0,"348":0,"349":0,"350":0,"351":0,"352":0,"353":0,"354":0,"355":0,"356":0,"357":0,"358":0,"359":0,"360":0,"361":0,"362":0,"363":0,"364":0,"365":0},"b":{"1":[0,0],"2":[0,0],"3":[0,0],"4":[0,0],"5":[0,0],"6":[0,0],"7":[0,0],"8":[0,0],"9":[0,0],"10":[0,0],"11":[0,0],"12":[0,0],"13":[0,0],"14":[0,0],"15":[0,0],"16":[0,0],"17":[0,0],"18":[0,0],"19":[0,0],"20":[0,0],"21":[0,0],"22":[0,0],"23":[0,0],"24":[0,0],"25":[0,0],"26":[0,0],"27":[0,0],"28":[0,0],"29":[0,0],"30":[0,0],"31":[0,0],"32":[0,0],"33":[0,0],"34":[0,0],"35":[0,0],"36":[0,0],"37":[0,0],"38":[0,0],"39":[0,0],"40":[0,0],"41":[0,0],"42":[0,0],"43":[0,0],"44":[0,0],"45":[0,0],"46":[0,0],"47":[0,0],"48":[0,0],"49":[0,0],"50":[0,0],"51":[0,0],"52":[0,0],"53":[0,0],"54":[0,0],"55":[0,0],"56":[0,0],"57":[0,0],"58":[0,0],"59":[0,0],"60":[0,0],"61":[0,0],"62":[0,0],"63":[0,0],"64":[0,0],"65":[0,0],"66":[0,0],"67":[0,0],"68":[0,0],"69":[0,0],"70":[0,0],"71":[0,0],"72":[0,0],"73":[0,0],"74":[0,0],"75":[0,0],"76":[0,0],"77":[0,0],"78":[0,0],"79":[0,0,0],"80":[0,0],"81":[0,0],"82":[0,0],"83":[0,0]},"f":{"1":0,"2":0,"3":0,"4":0,"5":0,"6":0,"7":0,"8":0,"9":0,"10":0,"11":0,"12":0,"13":0,"14":0,"15":0,"16":0,"17":0,"18":0,"19":0,"20":0,"21":0,"22":0,"23":0,"24":0,"25":0,"26":0,"27":0,"28":0,"29":0,"30":0,"31":0,"32":0,"33":0,"34":0},"fnMap":{"1":{"name":"(anonymous_1)","line":12,"loc":{"start":{"line":12,"column":30},"end":{"line":12,"column":50}}},"2":{"name":"(anonymous_2)","line":16,"loc":{"start":{"line":16,"column":19},"end":{"line":16,"column":39}}},"3":{"name":"(anonymous_3)","line":20,"loc":{"start":{"line":20,"column":19},"end":{"line":20,"column":38}}},"4":{"name":"(anonymous_4)","line":22,"loc":{"start":{"line":22,"column":12},"end":{"line":22,"column":33}}},"5":{"name":"(anonymous_5)","line":36,"loc":{"start":{"line":36,"column":25},"end":{"line":36,"column":40}}},"6":{"name":"(anonymous_6)","line":38,"loc":{"start":{"line":38,"column":12},"end":{"line":38,"column":34}}},"7":{"name":"(anonymous_7)","line":52,"loc":{"start":{"line":52,"column":30},"end":{"line":52,"column":47}}},"8":{"name":"(anonymous_8)","line":55,"loc":{"start":{"line":55,"column":12},"end":{"line":55,"column":33}}},"9":{"name":"(anonymous_9)","line":75,"loc":{"start":{"line":75,"column":29},"end":{"line":75,"column":79}}},"10":{"name":"(anonymous_10)","line":82,"loc":{"start":{"line":82,"column":12},"end":{"line":82,"column":40}}},"11":{"name":"(anonymous_11)","line":120,"loc":{"start":{"line":120,"column":21},"end":{"line":120,"column":71}}},"12":{"name":"(anonymous_12)","line":127,"loc":{"start":{"line":127,"column":12},"end":{"line":127,"column":40}}},"13":{"name":"(anonymous_13)","line":157,"loc":{"start":{"line":157,"column":24},"end":{"line":157,"column":37}}},"14":{"name":"(anonymous_14)","line":172,"loc":{"start":{"line":172,"column":24},"end":{"line":172,"column":74}}},"15":{"name":"(anonymous_15)","line":179,"loc":{"start":{"line":179,"column":12},"end":{"line":179,"column":40}}},"16":{"name":"(anonymous_16)","line":205,"loc":{"start":{"line":205,"column":24},"end":{"line":205,"column":37}}},"17":{"name":"(anonymous_17)","line":220,"loc":{"start":{"line":220,"column":23},"end":{"line":220,"column":73}}},"18":{"name":"(anonymous_18)","line":227,"loc":{"start":{"line":227,"column":12},"end":{"line":227,"column":40}}},"19":{"name":"(anonymous_19)","line":257,"loc":{"start":{"line":257,"column":24},"end":{"line":257,"column":37}}},"20":{"name":"(anonymous_20)","line":272,"loc":{"start":{"line":272,"column":26},"end":{"line":272,"column":76}}},"21":{"name":"(anonymous_21)","line":279,"loc":{"start":{"line":279,"column":12},"end":{"line":279,"column":40}}},"22":{"name":"(anonymous_22)","line":305,"loc":{"start":{"line":305,"column":24},"end":{"line":305,"column":37}}},"23":{"name":"(anonymous_23)","line":320,"loc":{"start":{"line":320,"column":22},"end":{"line":320,"column":78}}},"24":{"name":"(anonymous_24)","line":329,"loc":{"start":{"line":329,"column":12},"end":{"line":329,"column":40}}},"25":{"name":"(anonymous_25)","line":350,"loc":{"start":{"line":350,"column":20},"end":{"line":350,"column":39}}},"26":{"name":"(anonymous_26)","line":357,"loc":{"start":{"line":357,"column":26},"end":{"line":357,"column":39}}},"27":{"name":"(anonymous_27)","line":375,"loc":{"start":{"line":375,"column":19},"end":{"line":375,"column":43}}},"28":{"name":"(anonymous_28)","line":381,"loc":{"start":{"line":381,"column":19},"end":{"line":381,"column":43}}},"29":{"name":"(anonymous_29)","line":417,"loc":{"start":{"line":417,"column":23},"end":{"line":417,"column":42}}},"30":{"name":"(anonymous_30)","line":437,"loc":{"start":{"line":437,"column":39},"end":{"line":437,"column":81}}},"31":{"name":"(anonymous_31)","line":447,"loc":{"start":{"line":447,"column":32},"end":{"line":447,"column":53}}},"32":{"name":"(anonymous_32)","line":457,"loc":{"start":{"line":457,"column":14},"end":{"line":457,"column":35}}},"33":{"name":"(anonymous_33)","line":478,"loc":{"start":{"line":478,"column":17},"end":{"line":478,"column":38}}},"34":{"name":"(anonymous_34)","line":484,"loc":{"start":{"line":484,"column":12},"end":{"line":484,"column":35}}}},"statementMap":{"1":{"start":{"line":1,"column":0},"end":{"line":1,"column":45}},"2":{"start":{"line":2,"column":0},"end":{"line":2,"column":47}},"3":{"start":{"line":3,"column":0},"end":{"line":3,"column":49}},"4":{"start":{"line":4,"column":0},"end":{"line":4,"column":53}},"5":{"start":{"line":5,"column":0},"end":{"line":5,"column":51}},"6":{"start":{"line":6,"column":0},"end":{"line":6,"column":59}},"7":{"start":{"line":7,"column":0},"end":{"line":7,"column":19}},"8":{"start":{"line":9,"column":0},"end":{"line":9,"column":34}},"9":{"start":{"line":12,"column":0},"end":{"line":14,"column":1}},"10":{"start":{"line":13,"column":1},"end":{"line":13,"column":27}},"11":{"start":{"line":16,"column":0},"end":{"line":18,"column":1}},"12":{"start":{"line":17,"column":1},"end":{"line":17,"column":27}},"13":{"start":{"line":20,"column":0},"end":{"line":34,"column":1}},"14":{"start":{"line":21,"column":1},"end":{"line":21,"column":47}},"15":{"start":{"line":22,"column":1},"end":{"line":33,"column":4}},"16":{"start":{"line":23,"column":2},"end":{"line":32,"column":36}},"17":{"start":{"line":23,"column":11},"end":{"line":23,"column":40}},"18":{"start":{"line":24,"column":7},"end":{"line":32,"column":36}},"19":{"start":{"line":25,"column":3},"end":{"line":30,"column":6}},"20":{"start":{"line":32,"column":7},"end":{"line":32,"column":36}},"21":{"start":{"line":36,"column":0},"end":{"line":50,"column":1}},"22":{"start":{"line":37,"column":1},"end":{"line":37,"column":32}},"23":{"start":{"line":38,"column":1},"end":{"line":49,"column":4}},"24":{"start":{"line":39,"column":2},"end":{"line":48,"column":36}},"25":{"start":{"line":39,"column":10},"end":{"line":39,"column":39}},"26":{"start":{"line":40,"column":7},"end":{"line":48,"column":36}},"27":{"start":{"line":41,"column":3},"end":{"line":41,"column":12}},"28":{"start":{"line":42,"column":3},"end":{"line":45,"column":4}},"29":{"start":{"line":43,"column":4},"end":{"line":43,"column":107}},"30":{"start":{"line":44,"column":4},"end":{"line":44,"column":21}},"31":{"start":{"line":46,"column":3},"end":{"line":46,"column":47}},"32":{"start":{"line":48,"column":7},"end":{"line":48,"column":36}},"33":{"start":{"line":52,"column":0},"end":{"line":73,"column":1}},"34":{"start":{"line":53,"column":1},"end":{"line":53,"column":42}},"35":{"start":{"line":55,"column":1},"end":{"line":72,"column":3}},"36":{"start":{"line":56,"column":2},"end":{"line":71,"column":3}},"37":{"start":{"line":56,"column":10},"end":{"line":56,"column":39}},"38":{"start":{"line":57,"column":7},"end":{"line":71,"column":3}},"39":{"start":{"line":58,"column":3},"end":{"line":58,"column":30}},"40":{"start":{"line":60,"column":3},"end":{"line":60,"column":20}},"41":{"start":{"line":61,"column":3},"end":{"line":66,"column":4}},"42":{"start":{"line":64,"column":4},"end":{"line":64,"column":162}},"43":{"start":{"line":65,"column":4},"end":{"line":65,"column":25}},"44":{"start":{"line":67,"column":3},"end":{"line":67,"column":60}},"45":{"start":{"line":70,"column":3},"end":{"line":70,"column":42}},"46":{"start":{"line":75,"column":0},"end":{"line":118,"column":1}},"47":{"start":{"line":76,"column":1},"end":{"line":76,"column":54}},"48":{"start":{"line":76,"column":13},"end":{"line":76,"column":54}},"49":{"start":{"line":77,"column":1},"end":{"line":77,"column":54}},"50":{"start":{"line":77,"column":13},"end":{"line":77,"column":54}},"51":{"start":{"line":78,"column":1},"end":{"line":78,"column":64}},"52":{"start":{"line":78,"column":18},"end":{"line":78,"column":64}},"53":{"start":{"line":79,"column":1},"end":{"line":79,"column":52}},"54":{"start":{"line":79,"column":13},"end":{"line":79,"column":52}},"55":{"start":{"line":81,"column":1},"end":{"line":81,"column":46}},"56":{"start":{"line":82,"column":1},"end":{"line":117,"column":4}},"57":{"start":{"line":83,"column":2},"end":{"line":116,"column":3}},"58":{"start":{"line":83,"column":10},"end":{"line":83,"column":39}},"59":{"start":{"line":84,"column":7},"end":{"line":116,"column":3}},"60":{"start":{"line":85,"column":3},"end":{"line":85,"column":37}},"61":{"start":{"line":86,"column":3},"end":{"line":86,"column":26}},"62":{"start":{"line":87,"column":3},"end":{"line":92,"column":4}},"63":{"start":{"line":88,"column":4},"end":{"line":91,"column":5}},"64":{"start":{"line":89,"column":5},"end":{"line":89,"column":29}},"65":{"start":{"line":90,"column":5},"end":{"line":90,"column":11}},"66":{"start":{"line":93,"column":3},"end":{"line":115,"column":4}},"67":{"start":{"line":93,"column":27},"end":{"line":93,"column":71}},"68":{"start":{"line":95,"column":4},"end":{"line":95,"column":43}},"69":{"start":{"line":96,"column":4},"end":{"line":96,"column":26}},"70":{"start":{"line":97,"column":4},"end":{"line":97,"column":38}},"71":{"start":{"line":98,"column":4},"end":{"line":114,"column":5}},"72":{"start":{"line":100,"column":5},"end":{"line":100,"column":25}},"73":{"start":{"line":101,"column":5},"end":{"line":101,"column":27}},"74":{"start":{"line":103,"column":5},"end":{"line":103,"column":61}},"75":{"start":{"line":104,"column":5},"end":{"line":104,"column":33}},"76":{"start":{"line":104,"column":18},"end":{"line":104,"column":33}},"77":{"start":{"line":106,"column":5},"end":{"line":106,"column":65}},"78":{"start":{"line":107,"column":5},"end":{"line":107,"column":37}},"79":{"start":{"line":107,"column":20},"end":{"line":107,"column":37}},"80":{"start":{"line":109,"column":5},"end":{"line":109,"column":108}},"81":{"start":{"line":110,"column":5},"end":{"line":110,"column":22}},"82":{"start":{"line":113,"column":5},"end":{"line":113,"column":70}},"83":{"start":{"line":120,"column":0},"end":{"line":170,"column":1}},"84":{"start":{"line":121,"column":1},"end":{"line":121,"column":54}},"85":{"start":{"line":121,"column":13},"end":{"line":121,"column":54}},"86":{"start":{"line":122,"column":1},"end":{"line":122,"column":54}},"87":{"start":{"line":122,"column":13},"end":{"line":122,"column":54}},"88":{"start":{"line":123,"column":1},"end":{"line":123,"column":64}},"89":{"start":{"line":123,"column":18},"end":{"line":123,"column":64}},"90":{"start":{"line":124,"column":1},"end":{"line":124,"column":52}},"91":{"start":{"line":124,"column":13},"end":{"line":124,"column":52}},"92":{"start":{"line":126,"column":1},"end":{"line":126,"column":46}},"93":{"start":{"line":127,"column":1},"end":{"line":169,"column":4}},"94":{"start":{"line":128,"column":2},"end":{"line":168,"column":3}},"95":{"start":{"line":128,"column":10},"end":{"line":128,"column":39}},"96":{"start":{"line":129,"column":7},"end":{"line":168,"column":3}},"97":{"start":{"line":130,"column":3},"end":{"line":130,"column":37}},"98":{"start":{"line":131,"column":3},"end":{"line":131,"column":26}},"99":{"start":{"line":132,"column":3},"end":{"line":132,"column":26}},"100":{"start":{"line":133,"column":3},"end":{"line":139,"column":4}},"101":{"start":{"line":134,"column":4},"end":{"line":138,"column":5}},"102":{"start":{"line":135,"column":5},"end":{"line":135,"column":29}},"103":{"start":{"line":136,"column":5},"end":{"line":136,"column":21}},"104":{"start":{"line":137,"column":5},"end":{"line":137,"column":11}},"105":{"start":{"line":140,"column":3},"end":{"line":167,"column":4}},"106":{"start":{"line":140,"column":27},"end":{"line":140,"column":71}},"107":{"start":{"line":142,"column":4},"end":{"line":142,"column":71}},"108":{"start":{"line":143,"column":4},"end":{"line":143,"column":26}},"109":{"start":{"line":144,"column":4},"end":{"line":144,"column":38}},"110":{"start":{"line":145,"column":4},"end":{"line":166,"column":5}},"111":{"start":{"line":147,"column":5},"end":{"line":147,"column":64}},"112":{"start":{"line":148,"column":5},"end":{"line":149,"column":50}},"113":{"start":{"line":149,"column":6},"end":{"line":149,"column":50}},"114":{"start":{"line":151,"column":5},"end":{"line":151,"column":66}},"115":{"start":{"line":152,"column":5},"end":{"line":153,"column":55}},"116":{"start":{"line":153,"column":6},"end":{"line":153,"column":55}},"117":{"start":{"line":155,"column":5},"end":{"line":155,"column":62}},"118":{"start":{"line":157,"column":5},"end":{"line":162,"column":8}},"119":{"start":{"line":158,"column":6},"end":{"line":161,"column":7}},"120":{"start":{"line":158,"column":14},"end":{"line":158,"column":48}},"121":{"start":{"line":160,"column":7},"end":{"line":160,"column":34}},"122":{"start":{"line":165,"column":5},"end":{"line":165,"column":70}},"123":{"start":{"line":172,"column":0},"end":{"line":218,"column":1}},"124":{"start":{"line":173,"column":1},"end":{"line":173,"column":54}},"125":{"start":{"line":173,"column":13},"end":{"line":173,"column":54}},"126":{"start":{"line":174,"column":1},"end":{"line":174,"column":54}},"127":{"start":{"line":174,"column":13},"end":{"line":174,"column":54}},"128":{"start":{"line":175,"column":1},"end":{"line":175,"column":64}},"129":{"start":{"line":175,"column":18},"end":{"line":175,"column":64}},"130":{"start":{"line":176,"column":1},"end":{"line":176,"column":52}},"131":{"start":{"line":176,"column":13},"end":{"line":176,"column":52}},"132":{"start":{"line":178,"column":1},"end":{"line":178,"column":46}},"133":{"start":{"line":179,"column":1},"end":{"line":217,"column":4}},"134":{"start":{"line":180,"column":2},"end":{"line":216,"column":3}},"135":{"start":{"line":180,"column":10},"end":{"line":180,"column":39}},"136":{"start":{"line":181,"column":7},"end":{"line":216,"column":3}},"137":{"start":{"line":182,"column":3},"end":{"line":182,"column":37}},"138":{"start":{"line":183,"column":3},"end":{"line":183,"column":26}},"139":{"start":{"line":184,"column":3},"end":{"line":184,"column":26}},"140":{"start":{"line":185,"column":3},"end":{"line":191,"column":4}},"141":{"start":{"line":186,"column":4},"end":{"line":190,"column":5}},"142":{"start":{"line":187,"column":5},"end":{"line":187,"column":29}},"143":{"start":{"line":188,"column":5},"end":{"line":188,"column":21}},"144":{"start":{"line":189,"column":5},"end":{"line":189,"column":11}},"145":{"start":{"line":192,"column":3},"end":{"line":215,"column":4}},"146":{"start":{"line":192,"column":27},"end":{"line":192,"column":71}},"147":{"start":{"line":194,"column":4},"end":{"line":194,"column":71}},"148":{"start":{"line":195,"column":4},"end":{"line":195,"column":26}},"149":{"start":{"line":196,"column":4},"end":{"line":196,"column":38}},"150":{"start":{"line":197,"column":4},"end":{"line":214,"column":5}},"151":{"start":{"line":199,"column":5},"end":{"line":199,"column":64}},"152":{"start":{"line":200,"column":5},"end":{"line":201,"column":54}},"153":{"start":{"line":201,"column":6},"end":{"line":201,"column":54}},"154":{"start":{"line":203,"column":5},"end":{"line":203,"column":62}},"155":{"start":{"line":205,"column":5},"end":{"line":210,"column":8}},"156":{"start":{"line":206,"column":6},"end":{"line":209,"column":7}},"157":{"start":{"line":206,"column":14},"end":{"line":206,"column":48}},"158":{"start":{"line":208,"column":7},"end":{"line":208,"column":34}},"159":{"start":{"line":213,"column":5},"end":{"line":213,"column":70}},"160":{"start":{"line":220,"column":0},"end":{"line":270,"column":1}},"161":{"start":{"line":221,"column":1},"end":{"line":221,"column":54}},"162":{"start":{"line":221,"column":13},"end":{"line":221,"column":54}},"163":{"start":{"line":222,"column":1},"end":{"line":222,"column":54}},"164":{"start":{"line":222,"column":13},"end":{"line":222,"column":54}},"165":{"start":{"line":223,"column":1},"end":{"line":223,"column":64}},"166":{"start":{"line":223,"column":18},"end":{"line":223,"column":64}},"167":{"start":{"line":224,"column":1},"end":{"line":224,"column":52}},"168":{"start":{"line":224,"column":13},"end":{"line":224,"column":52}},"169":{"start":{"line":226,"column":1},"end":{"line":226,"column":46}},"170":{"start":{"line":227,"column":1},"end":{"line":269,"column":4}},"171":{"start":{"line":228,"column":2},"end":{"line":268,"column":3}},"172":{"start":{"line":228,"column":10},"end":{"line":228,"column":39}},"173":{"start":{"line":229,"column":7},"end":{"line":268,"column":3}},"174":{"start":{"line":230,"column":3},"end":{"line":230,"column":37}},"175":{"start":{"line":231,"column":3},"end":{"line":231,"column":26}},"176":{"start":{"line":232,"column":3},"end":{"line":232,"column":26}},"177":{"start":{"line":233,"column":3},"end":{"line":239,"column":4}},"178":{"start":{"line":234,"column":4},"end":{"line":238,"column":5}},"179":{"start":{"line":235,"column":5},"end":{"line":235,"column":29}},"180":{"start":{"line":236,"column":5},"end":{"line":236,"column":21}},"181":{"start":{"line":237,"column":5},"end":{"line":237,"column":11}},"182":{"start":{"line":240,"column":3},"end":{"line":267,"column":4}},"183":{"start":{"line":240,"column":27},"end":{"line":240,"column":71}},"184":{"start":{"line":242,"column":4},"end":{"line":242,"column":71}},"185":{"start":{"line":243,"column":4},"end":{"line":243,"column":26}},"186":{"start":{"line":244,"column":4},"end":{"line":244,"column":38}},"187":{"start":{"line":245,"column":4},"end":{"line":266,"column":5}},"188":{"start":{"line":247,"column":5},"end":{"line":247,"column":66}},"189":{"start":{"line":248,"column":5},"end":{"line":249,"column":52}},"190":{"start":{"line":249,"column":6},"end":{"line":249,"column":52}},"191":{"start":{"line":251,"column":5},"end":{"line":251,"column":64}},"192":{"start":{"line":252,"column":5},"end":{"line":253,"column":53}},"193":{"start":{"line":253,"column":6},"end":{"line":253,"column":53}},"194":{"start":{"line":255,"column":5},"end":{"line":255,"column":62}},"195":{"start":{"line":257,"column":5},"end":{"line":262,"column":8}},"196":{"start":{"line":258,"column":6},"end":{"line":261,"column":7}},"197":{"start":{"line":258,"column":14},"end":{"line":258,"column":48}},"198":{"start":{"line":260,"column":7},"end":{"line":260,"column":34}},"199":{"start":{"line":265,"column":5},"end":{"line":265,"column":70}},"200":{"start":{"line":272,"column":0},"end":{"line":318,"column":1}},"201":{"start":{"line":273,"column":1},"end":{"line":273,"column":54}},"202":{"start":{"line":273,"column":13},"end":{"line":273,"column":54}},"203":{"start":{"line":274,"column":1},"end":{"line":274,"column":54}},"204":{"start":{"line":274,"column":13},"end":{"line":274,"column":54}},"205":{"start":{"line":275,"column":1},"end":{"line":275,"column":64}},"206":{"start":{"line":275,"column":18},"end":{"line":275,"column":64}},"207":{"start":{"line":276,"column":1},"end":{"line":276,"column":52}},"208":{"start":{"line":276,"column":13},"end":{"line":276,"column":52}},"209":{"start":{"line":278,"column":1},"end":{"line":278,"column":46}},"210":{"start":{"line":279,"column":1},"end":{"line":317,"column":4}},"211":{"start":{"line":280,"column":2},"end":{"line":316,"column":3}},"212":{"start":{"line":280,"column":10},"end":{"line":280,"column":39}},"213":{"start":{"line":281,"column":7},"end":{"line":316,"column":3}},"214":{"start":{"line":282,"column":3},"end":{"line":282,"column":37}},"215":{"start":{"line":283,"column":3},"end":{"line":283,"column":26}},"216":{"start":{"line":284,"column":3},"end":{"line":284,"column":26}},"217":{"start":{"line":285,"column":3},"end":{"line":291,"column":4}},"218":{"start":{"line":286,"column":4},"end":{"line":290,"column":5}},"219":{"start":{"line":287,"column":5},"end":{"line":287,"column":29}},"220":{"start":{"line":288,"column":5},"end":{"line":288,"column":21}},"221":{"start":{"line":289,"column":5},"end":{"line":289,"column":11}},"222":{"start":{"line":292,"column":3},"end":{"line":315,"column":4}},"223":{"start":{"line":292,"column":27},"end":{"line":292,"column":71}},"224":{"start":{"line":294,"column":4},"end":{"line":294,"column":71}},"225":{"start":{"line":295,"column":4},"end":{"line":295,"column":26}},"226":{"start":{"line":296,"column":4},"end":{"line":296,"column":38}},"227":{"start":{"line":297,"column":4},"end":{"line":314,"column":5}},"228":{"start":{"line":299,"column":5},"end":{"line":299,"column":66}},"229":{"start":{"line":300,"column":5},"end":{"line":301,"column":56}},"230":{"start":{"line":301,"column":6},"end":{"line":301,"column":56}},"231":{"start":{"line":303,"column":5},"end":{"line":303,"column":62}},"232":{"start":{"line":305,"column":5},"end":{"line":310,"column":8}},"233":{"start":{"line":306,"column":6},"end":{"line":309,"column":7}},"234":{"start":{"line":306,"column":14},"end":{"line":306,"column":48}},"235":{"start":{"line":308,"column":7},"end":{"line":308,"column":34}},"236":{"start":{"line":313,"column":5},"end":{"line":313,"column":70}},"237":{"start":{"line":320,"column":0},"end":{"line":373,"column":1}},"238":{"start":{"line":321,"column":1},"end":{"line":321,"column":54}},"239":{"start":{"line":321,"column":13},"end":{"line":321,"column":54}},"240":{"start":{"line":322,"column":1},"end":{"line":322,"column":54}},"241":{"start":{"line":322,"column":13},"end":{"line":322,"column":54}},"242":{"start":{"line":323,"column":1},"end":{"line":323,"column":64}},"243":{"start":{"line":323,"column":18},"end":{"line":323,"column":64}},"244":{"start":{"line":324,"column":1},"end":{"line":324,"column":52}},"245":{"start":{"line":324,"column":13},"end":{"line":324,"column":52}},"246":{"start":{"line":325,"column":1},"end":{"line":325,"column":50}},"247":{"start":{"line":325,"column":11},"end":{"line":325,"column":50}},"248":{"start":{"line":327,"column":1},"end":{"line":327,"column":46}},"249":{"start":{"line":328,"column":1},"end":{"line":328,"column":52}},"250":{"start":{"line":329,"column":1},"end":{"line":372,"column":4}},"251":{"start":{"line":330,"column":2},"end":{"line":371,"column":3}},"252":{"start":{"line":330,"column":10},"end":{"line":330,"column":39}},"253":{"start":{"line":331,"column":7},"end":{"line":371,"column":3}},"254":{"start":{"line":332,"column":3},"end":{"line":332,"column":37}},"255":{"start":{"line":333,"column":3},"end":{"line":333,"column":26}},"256":{"start":{"line":334,"column":3},"end":{"line":334,"column":26}},"257":{"start":{"line":335,"column":3},"end":{"line":341,"column":4}},"258":{"start":{"line":336,"column":4},"end":{"line":340,"column":5}},"259":{"start":{"line":337,"column":5},"end":{"line":337,"column":29}},"260":{"start":{"line":338,"column":5},"end":{"line":338,"column":21}},"261":{"start":{"line":339,"column":5},"end":{"line":339,"column":11}},"262":{"start":{"line":343,"column":3},"end":{"line":370,"column":4}},"263":{"start":{"line":343,"column":27},"end":{"line":343,"column":71}},"264":{"start":{"line":345,"column":4},"end":{"line":345,"column":71}},"265":{"start":{"line":346,"column":4},"end":{"line":346,"column":26}},"266":{"start":{"line":347,"column":4},"end":{"line":347,"column":38}},"267":{"start":{"line":349,"column":4},"end":{"line":369,"column":5}},"268":{"start":{"line":350,"column":5},"end":{"line":365,"column":8}},"269":{"start":{"line":351,"column":6},"end":{"line":364,"column":50}},"270":{"start":{"line":351,"column":15},"end":{"line":351,"column":44}},"271":{"start":{"line":352,"column":11},"end":{"line":364,"column":50}},"272":{"start":{"line":353,"column":7},"end":{"line":353,"column":103}},"273":{"start":{"line":354,"column":7},"end":{"line":354,"column":37}},"274":{"start":{"line":355,"column":7},"end":{"line":355,"column":49}},"275":{"start":{"line":356,"column":7},"end":{"line":356,"column":64}},"276":{"start":{"line":357,"column":7},"end":{"line":362,"column":10}},"277":{"start":{"line":358,"column":8},"end":{"line":361,"column":9}},"278":{"start":{"line":358,"column":16},"end":{"line":358,"column":50}},"279":{"start":{"line":360,"column":9},"end":{"line":360,"column":36}},"280":{"start":{"line":364,"column":11},"end":{"line":364,"column":50}},"281":{"start":{"line":368,"column":5},"end":{"line":368,"column":70}},"282":{"start":{"line":375,"column":0},"end":{"line":379,"column":1}},"283":{"start":{"line":376,"column":1},"end":{"line":376,"column":19}},"284":{"start":{"line":377,"column":1},"end":{"line":377,"column":39}},"285":{"start":{"line":378,"column":1},"end":{"line":378,"column":28}},"286":{"start":{"line":381,"column":0},"end":{"line":434,"column":1}},"287":{"start":{"line":382,"column":1},"end":{"line":382,"column":41}},"288":{"start":{"line":383,"column":1},"end":{"line":383,"column":32}},"289":{"start":{"line":384,"column":1},"end":{"line":384,"column":92}},"290":{"start":{"line":385,"column":1},"end":{"line":385,"column":16}},"291":{"start":{"line":386,"column":1},"end":{"line":386,"column":38}},"292":{"start":{"line":387,"column":1},"end":{"line":387,"column":38}},"293":{"start":{"line":388,"column":1},"end":{"line":433,"column":4}},"294":{"start":{"line":389,"column":2},"end":{"line":389,"column":18}},"295":{"start":{"line":390,"column":2},"end":{"line":396,"column":3}},"296":{"start":{"line":391,"column":3},"end":{"line":391,"column":60}},"297":{"start":{"line":392,"column":3},"end":{"line":392,"column":65}},"298":{"start":{"line":393,"column":3},"end":{"line":393,"column":68}},"299":{"start":{"line":394,"column":3},"end":{"line":394,"column":63}},"300":{"start":{"line":395,"column":3},"end":{"line":395,"column":64}},"301":{"start":{"line":398,"column":2},"end":{"line":398,"column":17}},"302":{"start":{"line":399,"column":2},"end":{"line":399,"column":38}},"303":{"start":{"line":400,"column":2},"end":{"line":400,"column":29}},"304":{"start":{"line":401,"column":2},"end":{"line":401,"column":144}},"305":{"start":{"line":402,"column":2},"end":{"line":431,"column":5}},"306":{"start":{"line":403,"column":3},"end":{"line":403,"column":19}},"307":{"start":{"line":404,"column":3},"end":{"line":411,"column":4}},"308":{"start":{"line":405,"column":4},"end":{"line":405,"column":18}},"309":{"start":{"line":406,"column":4},"end":{"line":406,"column":60}},"310":{"start":{"line":407,"column":4},"end":{"line":407,"column":74}},"311":{"start":{"line":408,"column":4},"end":{"line":408,"column":69}},"312":{"start":{"line":409,"column":4},"end":{"line":409,"column":115}},"313":{"start":{"line":410,"column":4},"end":{"line":410,"column":47}},"314":{"start":{"line":413,"column":3},"end":{"line":413,"column":18}},"315":{"start":{"line":414,"column":3},"end":{"line":414,"column":39}},"316":{"start":{"line":415,"column":3},"end":{"line":415,"column":30}},"317":{"start":{"line":416,"column":3},"end":{"line":416,"column":145}},"318":{"start":{"line":417,"column":3},"end":{"line":430,"column":6}},"319":{"start":{"line":418,"column":4},"end":{"line":418,"column":20}},"320":{"start":{"line":419,"column":4},"end":{"line":419,"column":21}},"321":{"start":{"line":420,"column":4},"end":{"line":427,"column":5}},"322":{"start":{"line":421,"column":5},"end":{"line":421,"column":19}},"323":{"start":{"line":422,"column":5},"end":{"line":422,"column":61}},"324":{"start":{"line":423,"column":5},"end":{"line":423,"column":70}},"325":{"start":{"line":424,"column":5},"end":{"line":424,"column":65}},"326":{"start":{"line":425,"column":5},"end":{"line":425,"column":116}},"327":{"start":{"line":426,"column":5},"end":{"line":426,"column":48}},"328":{"start":{"line":428,"column":4},"end":{"line":428,"column":19}},"329":{"start":{"line":429,"column":4},"end":{"line":429,"column":24}},"330":{"start":{"line":437,"column":0},"end":{"line":477,"column":1}},"331":{"start":{"line":438,"column":1},"end":{"line":445,"column":4}},"332":{"start":{"line":446,"column":1},"end":{"line":446,"column":18}},"333":{"start":{"line":447,"column":1},"end":{"line":476,"column":4}},"334":{"start":{"line":448,"column":2},"end":{"line":448,"column":47}},"335":{"start":{"line":448,"column":10},"end":{"line":448,"column":47}},"336":{"start":{"line":449,"column":2},"end":{"line":475,"column":3}},"337":{"start":{"line":450,"column":3},"end":{"line":450,"column":79}},"338":{"start":{"line":453,"column":3},"end":{"line":453,"column":39}},"339":{"start":{"line":454,"column":3},"end":{"line":454,"column":81}},"340":{"start":{"line":457,"column":3},"end":{"line":474,"column":5}},"341":{"start":{"line":458,"column":4},"end":{"line":473,"column":5}},"342":{"start":{"line":458,"column":12},"end":{"line":458,"column":41}},"343":{"start":{"line":459,"column":9},"end":{"line":473,"column":5}},"344":{"start":{"line":460,"column":5},"end":{"line":460,"column":32}},"345":{"start":{"line":461,"column":5},"end":{"line":461,"column":22}},"346":{"start":{"line":462,"column":5},"end":{"line":468,"column":6}},"347":{"start":{"line":463,"column":6},"end":{"line":463,"column":22}},"348":{"start":{"line":464,"column":6},"end":{"line":464,"column":32}},"349":{"start":{"line":465,"column":6},"end":{"line":465,"column":35}},"350":{"start":{"line":466,"column":6},"end":{"line":466,"column":60}},"351":{"start":{"line":467,"column":6},"end":{"line":467,"column":27}},"352":{"start":{"line":469,"column":5},"end":{"line":469,"column":108}},"353":{"start":{"line":472,"column":5},"end":{"line":472,"column":81}},"354":{"start":{"line":478,"column":0},"end":{"line":498,"column":1}},"355":{"start":{"line":479,"column":1},"end":{"line":482,"column":43}},"356":{"start":{"line":484,"column":1},"end":{"line":497,"column":4}},"357":{"start":{"line":485,"column":2},"end":{"line":496,"column":3}},"358":{"start":{"line":485,"column":11},"end":{"line":485,"column":40}},"359":{"start":{"line":486,"column":7},"end":{"line":496,"column":3}},"360":{"start":{"line":487,"column":3},"end":{"line":487,"column":22}},"361":{"start":{"line":488,"column":3},"end":{"line":491,"column":4}},"362":{"start":{"line":489,"column":4},"end":{"line":489,"column":145}},"363":{"start":{"line":490,"column":4},"end":{"line":490,"column":26}},"364":{"start":{"line":492,"column":3},"end":{"line":492,"column":64}},"365":{"start":{"line":495,"column":3},"end":{"line":495,"column":42}}},"branchMap":{"1":{"line":23,"type":"if","locations":[{"start":{"line":23,"column":2},"end":{"line":23,"column":2}},{"start":{"line":23,"column":2},"end":{"line":23,"column":2}}]},"2":{"line":24,"type":"if","locations":[{"start":{"line":24,"column":7},"end":{"line":24,"column":7}},{"start":{"line":24,"column":7},"end":{"line":24,"column":7}}]},"3":{"line":39,"type":"if","locations":[{"start":{"line":39,"column":2},"end":{"line":39,"column":2}},{"start":{"line":39,"column":2},"end":{"line":39,"column":2}}]},"4":{"line":40,"type":"if","locations":[{"start":{"line":40,"column":7},"end":{"line":40,"column":7}},{"start":{"line":40,"column":7},"end":{"line":40,"column":7}}]},"5":{"line":56,"type":"if","locations":[{"start":{"line":56,"column":2},"end":{"line":56,"column":2}},{"start":{"line":56,"column":2},"end":{"line":56,"column":2}}]},"6":{"line":57,"type":"if","locations":[{"start":{"line":57,"column":7},"end":{"line":57,"column":7}},{"start":{"line":57,"column":7},"end":{"line":57,"column":7}}]},"7":{"line":76,"type":"if","locations":[{"start":{"line":76,"column":1},"end":{"line":76,"column":1}},{"start":{"line":76,"column":1},"end":{"line":76,"column":1}}]},"8":{"line":77,"type":"if","locations":[{"start":{"line":77,"column":1},"end":{"line":77,"column":1}},{"start":{"line":77,"column":1},"end":{"line":77,"column":1}}]},"9":{"line":78,"type":"if","locations":[{"start":{"line":78,"column":1},"end":{"line":78,"column":1}},{"start":{"line":78,"column":1},"end":{"line":78,"column":1}}]},"10":{"line":79,"type":"if","locations":[{"start":{"line":79,"column":1},"end":{"line":79,"column":1}},{"start":{"line":79,"column":1},"end":{"line":79,"column":1}}]},"11":{"line":83,"type":"if","locations":[{"start":{"line":83,"column":2},"end":{"line":83,"column":2}},{"start":{"line":83,"column":2},"end":{"line":83,"column":2}}]},"12":{"line":84,"type":"if","locations":[{"start":{"line":84,"column":7},"end":{"line":84,"column":7}},{"start":{"line":84,"column":7},"end":{"line":84,"column":7}}]},"13":{"line":88,"type":"if","locations":[{"start":{"line":88,"column":4},"end":{"line":88,"column":4}},{"start":{"line":88,"column":4},"end":{"line":88,"column":4}}]},"14":{"line":93,"type":"if","locations":[{"start":{"line":93,"column":3},"end":{"line":93,"column":3}},{"start":{"line":93,"column":3},"end":{"line":93,"column":3}}]},"15":{"line":98,"type":"if","locations":[{"start":{"line":98,"column":4},"end":{"line":98,"column":4}},{"start":{"line":98,"column":4},"end":{"line":98,"column":4}}]},"16":{"line":104,"type":"if","locations":[{"start":{"line":104,"column":5},"end":{"line":104,"column":5}},{"start":{"line":104,"column":5},"end":{"line":104,"column":5}}]},"17":{"line":107,"type":"if","locations":[{"start":{"line":107,"column":5},"end":{"line":107,"column":5}},{"start":{"line":107,"column":5},"end":{"line":107,"column":5}}]},"18":{"line":121,"type":"if","locations":[{"start":{"line":121,"column":1},"end":{"line":121,"column":1}},{"start":{"line":121,"column":1},"end":{"line":121,"column":1}}]},"19":{"line":122,"type":"if","locations":[{"start":{"line":122,"column":1},"end":{"line":122,"column":1}},{"start":{"line":122,"column":1},"end":{"line":122,"column":1}}]},"20":{"line":123,"type":"if","locations":[{"start":{"line":123,"column":1},"end":{"line":123,"column":1}},{"start":{"line":123,"column":1},"end":{"line":123,"column":1}}]},"21":{"line":124,"type":"if","locations":[{"start":{"line":124,"column":1},"end":{"line":124,"column":1}},{"start":{"line":124,"column":1},"end":{"line":124,"column":1}}]},"22":{"line":128,"type":"if","locations":[{"start":{"line":128,"column":2},"end":{"line":128,"column":2}},{"start":{"line":128,"column":2},"end":{"line":128,"column":2}}]},"23":{"line":129,"type":"if","locations":[{"start":{"line":129,"column":7},"end":{"line":129,"column":7}},{"start":{"line":129,"column":7},"end":{"line":129,"column":7}}]},"24":{"line":134,"type":"if","locations":[{"start":{"line":134,"column":4},"end":{"line":134,"column":4}},{"start":{"line":134,"column":4},"end":{"line":134,"column":4}}]},"25":{"line":140,"type":"if","locations":[{"start":{"line":140,"column":3},"end":{"line":140,"column":3}},{"start":{"line":140,"column":3},"end":{"line":140,"column":3}}]},"26":{"line":145,"type":"if","locations":[{"start":{"line":145,"column":4},"end":{"line":145,"column":4}},{"start":{"line":145,"column":4},"end":{"line":145,"column":4}}]},"27":{"line":148,"type":"if","locations":[{"start":{"line":148,"column":5},"end":{"line":148,"column":5}},{"start":{"line":148,"column":5},"end":{"line":148,"column":5}}]},"28":{"line":152,"type":"if","locations":[{"start":{"line":152,"column":5},"end":{"line":152,"column":5}},{"start":{"line":152,"column":5},"end":{"line":152,"column":5}}]},"29":{"line":158,"type":"if","locations":[{"start":{"line":158,"column":6},"end":{"line":158,"column":6}},{"start":{"line":158,"column":6},"end":{"line":158,"column":6}}]},"30":{"line":173,"type":"if","locations":[{"start":{"line":173,"column":1},"end":{"line":173,"column":1}},{"start":{"line":173,"column":1},"end":{"line":173,"column":1}}]},"31":{"line":174,"type":"if","locations":[{"start":{"line":174,"column":1},"end":{"line":174,"column":1}},{"start":{"line":174,"column":1},"end":{"line":174,"column":1}}]},"32":{"line":175,"type":"if","locations":[{"start":{"line":175,"column":1},"end":{"line":175,"column":1}},{"start":{"line":175,"column":1},"end":{"line":175,"column":1}}]},"33":{"line":176,"type":"if","locations":[{"start":{"line":176,"column":1},"end":{"line":176,"column":1}},{"start":{"line":176,"column":1},"end":{"line":176,"column":1}}]},"34":{"line":180,"type":"if","locations":[{"start":{"line":180,"column":2},"end":{"line":180,"column":2}},{"start":{"line":180,"column":2},"end":{"line":180,"column":2}}]},"35":{"line":181,"type":"if","locations":[{"start":{"line":181,"column":7},"end":{"line":181,"column":7}},{"start":{"line":181,"column":7},"end":{"line":181,"column":7}}]},"36":{"line":186,"type":"if","locations":[{"start":{"line":186,"column":4},"end":{"line":186,"column":4}},{"start":{"line":186,"column":4},"end":{"line":186,"column":4}}]},"37":{"line":192,"type":"if","locations":[{"start":{"line":192,"column":3},"end":{"line":192,"column":3}},{"start":{"line":192,"column":3},"end":{"line":192,"column":3}}]},"38":{"line":197,"type":"if","locations":[{"start":{"line":197,"column":4},"end":{"line":197,"column":4}},{"start":{"line":197,"column":4},"end":{"line":197,"column":4}}]},"39":{"line":200,"type":"if","locations":[{"start":{"line":200,"column":5},"end":{"line":200,"column":5}},{"start":{"line":200,"column":5},"end":{"line":200,"column":5}}]},"40":{"line":206,"type":"if","locations":[{"start":{"line":206,"column":6},"end":{"line":206,"column":6}},{"start":{"line":206,"column":6},"end":{"line":206,"column":6}}]},"41":{"line":221,"type":"if","locations":[{"start":{"line":221,"column":1},"end":{"line":221,"column":1}},{"start":{"line":221,"column":1},"end":{"line":221,"column":1}}]},"42":{"line":222,"type":"if","locations":[{"start":{"line":222,"column":1},"end":{"line":222,"column":1}},{"start":{"line":222,"column":1},"end":{"line":222,"column":1}}]},"43":{"line":223,"type":"if","locations":[{"start":{"line":223,"column":1},"end":{"line":223,"column":1}},{"start":{"line":223,"column":1},"end":{"line":223,"column":1}}]},"44":{"line":224,"type":"if","locations":[{"start":{"line":224,"column":1},"end":{"line":224,"column":1}},{"start":{"line":224,"column":1},"end":{"line":224,"column":1}}]},"45":{"line":228,"type":"if","locations":[{"start":{"line":228,"column":2},"end":{"line":228,"column":2}},{"start":{"line":228,"column":2},"end":{"line":228,"column":2}}]},"46":{"line":229,"type":"if","locations":[{"start":{"line":229,"column":7},"end":{"line":229,"column":7}},{"start":{"line":229,"column":7},"end":{"line":229,"column":7}}]},"47":{"line":234,"type":"if","locations":[{"start":{"line":234,"column":4},"end":{"line":234,"column":4}},{"start":{"line":234,"column":4},"end":{"line":234,"column":4}}]},"48":{"line":240,"type":"if","locations":[{"start":{"line":240,"column":3},"end":{"line":240,"column":3}},{"start":{"line":240,"column":3},"end":{"line":240,"column":3}}]},"49":{"line":245,"type":"if","locations":[{"start":{"line":245,"column":4},"end":{"line":245,"column":4}},{"start":{"line":245,"column":4},"end":{"line":245,"column":4}}]},"50":{"line":248,"type":"if","locations":[{"start":{"line":248,"column":5},"end":{"line":248,"column":5}},{"start":{"line":248,"column":5},"end":{"line":248,"column":5}}]},"51":{"line":252,"type":"if","locations":[{"start":{"line":252,"column":5},"end":{"line":252,"column":5}},{"start":{"line":252,"column":5},"end":{"line":252,"column":5}}]},"52":{"line":258,"type":"if","locations":[{"start":{"line":258,"column":6},"end":{"line":258,"column":6}},{"start":{"line":258,"column":6},"end":{"line":258,"column":6}}]},"53":{"line":273,"type":"if","locations":[{"start":{"line":273,"column":1},"end":{"line":273,"column":1}},{"start":{"line":273,"column":1},"end":{"line":273,"column":1}}]},"54":{"line":274,"type":"if","locations":[{"start":{"line":274,"column":1},"end":{"line":274,"column":1}},{"start":{"line":274,"column":1},"end":{"line":274,"column":1}}]},"55":{"line":275,"type":"if","locations":[{"start":{"line":275,"column":1},"end":{"line":275,"column":1}},{"start":{"line":275,"column":1},"end":{"line":275,"column":1}}]},"56":{"line":276,"type":"if","locations":[{"start":{"line":276,"column":1},"end":{"line":276,"column":1}},{"start":{"line":276,"column":1},"end":{"line":276,"column":1}}]},"57":{"line":280,"type":"if","locations":[{"start":{"line":280,"column":2},"end":{"line":280,"column":2}},{"start":{"line":280,"column":2},"end":{"line":280,"column":2}}]},"58":{"line":281,"type":"if","locations":[{"start":{"line":281,"column":7},"end":{"line":281,"column":7}},{"start":{"line":281,"column":7},"end":{"line":281,"column":7}}]},"59":{"line":286,"type":"if","locations":[{"start":{"line":286,"column":4},"end":{"line":286,"column":4}},{"start":{"line":286,"column":4},"end":{"line":286,"column":4}}]},"60":{"line":292,"type":"if","locations":[{"start":{"line":292,"column":3},"end":{"line":292,"column":3}},{"start":{"line":292,"column":3},"end":{"line":292,"column":3}}]},"61":{"line":297,"type":"if","locations":[{"start":{"line":297,"column":4},"end":{"line":297,"column":4}},{"start":{"line":297,"column":4},"end":{"line":297,"column":4}}]},"62":{"line":300,"type":"if","locations":[{"start":{"line":300,"column":5},"end":{"line":300,"column":5}},{"start":{"line":300,"column":5},"end":{"line":300,"column":5}}]},"63":{"line":306,"type":"if","locations":[{"start":{"line":306,"column":6},"end":{"line":306,"column":6}},{"start":{"line":306,"column":6},"end":{"line":306,"column":6}}]},"64":{"line":321,"type":"if","locations":[{"start":{"line":321,"column":1},"end":{"line":321,"column":1}},{"start":{"line":321,"column":1},"end":{"line":321,"column":1}}]},"65":{"line":322,"type":"if","locations":[{"start":{"line":322,"column":1},"end":{"line":322,"column":1}},{"start":{"line":322,"column":1},"end":{"line":322,"column":1}}]},"66":{"line":323,"type":"if","locations":[{"start":{"line":323,"column":1},"end":{"line":323,"column":1}},{"start":{"line":323,"column":1},"end":{"line":323,"column":1}}]},"67":{"line":324,"type":"if","locations":[{"start":{"line":324,"column":1},"end":{"line":324,"column":1}},{"start":{"line":324,"column":1},"end":{"line":324,"column":1}}]},"68":{"line":325,"type":"if","locations":[{"start":{"line":325,"column":1},"end":{"line":325,"column":1}},{"start":{"line":325,"column":1},"end":{"line":325,"column":1}}]},"69":{"line":330,"type":"if","locations":[{"start":{"line":330,"column":2},"end":{"line":330,"column":2}},{"start":{"line":330,"column":2},"end":{"line":330,"column":2}}]},"70":{"line":331,"type":"if","locations":[{"start":{"line":331,"column":7},"end":{"line":331,"column":7}},{"start":{"line":331,"column":7},"end":{"line":331,"column":7}}]},"71":{"line":336,"type":"if","locations":[{"start":{"line":336,"column":4},"end":{"line":336,"column":4}},{"start":{"line":336,"column":4},"end":{"line":336,"column":4}}]},"72":{"line":343,"type":"if","locations":[{"start":{"line":343,"column":3},"end":{"line":343,"column":3}},{"start":{"line":343,"column":3},"end":{"line":343,"column":3}}]},"73":{"line":349,"type":"if","locations":[{"start":{"line":349,"column":4},"end":{"line":349,"column":4}},{"start":{"line":349,"column":4},"end":{"line":349,"column":4}}]},"74":{"line":351,"type":"if","locations":[{"start":{"line":351,"column":6},"end":{"line":351,"column":6}},{"start":{"line":351,"column":6},"end":{"line":351,"column":6}}]},"75":{"line":352,"type":"if","locations":[{"start":{"line":352,"column":11},"end":{"line":352,"column":11}},{"start":{"line":352,"column":11},"end":{"line":352,"column":11}}]},"76":{"line":358,"type":"if","locations":[{"start":{"line":358,"column":8},"end":{"line":358,"column":8}},{"start":{"line":358,"column":8},"end":{"line":358,"column":8}}]},"77":{"line":448,"type":"if","locations":[{"start":{"line":448,"column":2},"end":{"line":448,"column":2}},{"start":{"line":448,"column":2},"end":{"line":448,"column":2}}]},"78":{"line":449,"type":"if","locations":[{"start":{"line":449,"column":2},"end":{"line":449,"column":2}},{"start":{"line":449,"column":2},"end":{"line":449,"column":2}}]},"79":{"line":449,"type":"binary-expr","locations":[{"start":{"line":449,"column":5},"end":{"line":449,"column":25}},{"start":{"line":449,"column":29},"end":{"line":449,"column":47}},{"start":{"line":449,"column":51},"end":{"line":449,"column":68}}]},"80":{"line":458,"type":"if","locations":[{"start":{"line":458,"column":4},"end":{"line":458,"column":4}},{"start":{"line":458,"column":4},"end":{"line":458,"column":4}}]},"81":{"line":459,"type":"if","locations":[{"start":{"line":459,"column":9},"end":{"line":459,"column":9}},{"start":{"line":459,"column":9},"end":{"line":459,"column":9}}]},"82":{"line":485,"type":"if","locations":[{"start":{"line":485,"column":2},"end":{"line":485,"column":2}},{"start":{"line":485,"column":2},"end":{"line":485,"column":2}}]},"83":{"line":486,"type":"if","locations":[{"start":{"line":486,"column":7},"end":{"line":486,"column":7}},{"start":{"line":486,"column":7},"end":{"line":486,"column":7}}]}}},"D:\\Github\\ShowME\\Show-Me-Related-Work\\server\\Show-Me-App\\app.js":{"path":"D:\\Github\\ShowME\\Show-Me-Related-Work\\server\\Show-Me-App\\app.js","s":{"1":0,"2":0,"3":0,"4":0,"5":0,"6":0,"7":0,"8":0,"9":0,"10":0,"11":0,"12":0,"13":0,"14":0,"15":0,"16":0,"17":0,"18":0,"19":0,"20":0,"21":0,"22":0,"23":0,"24":0,"25":0,"26":0,"27":0,"28":0,"29":0,"30":0,"31":0,"32":0,"33":0,"34":0,"35":0,"36":0,"37":0,"38":0,"39":0,"40":0,"41":0,"42":0},"b":{"1":[0,0],"2":[0,0]},"f":{"1":0,"2":0},"fnMap":{"1":{"name":"(anonymous_1)","line":42,"loc":{"start":{"line":42,"column":8},"end":{"line":42,"column":33}}},"2":{"name":"(anonymous_2)","line":49,"loc":{"start":{"line":49,"column":8},"end":{"line":49,"column":38}}}},"statementMap":{"1":{"start":{"line":1,"column":0},"end":{"line":1,"column":33}},"2":{"start":{"line":2,"column":0},"end":{"line":2,"column":27}},"3":{"start":{"line":3,"column":0},"end":{"line":3,"column":39}},"4":{"start":{"line":4,"column":0},"end":{"line":4,"column":31}},"5":{"start":{"line":5,"column":0},"end":{"line":5,"column":44}},"6":{"start":{"line":6,"column":0},"end":{"line":6,"column":40}},"7":{"start":{"line":7,"column":0},"end":{"line":7,"column":27}},"8":{"start":{"line":9,"column":0},"end":{"line":9,"column":38}},"9":{"start":{"line":10,"column":0},"end":{"line":10,"column":38}},"10":{"start":{"line":11,"column":0},"end":{"line":11,"column":42}},"11":{"start":{"line":12,"column":0},"end":{"line":12,"column":46}},"12":{"start":{"line":13,"column":0},"end":{"line":13,"column":46}},"13":{"start":{"line":14,"column":0},"end":{"line":14,"column":40}},"14":{"start":{"line":16,"column":0},"end":{"line":16,"column":20}},"15":{"start":{"line":17,"column":0},"end":{"line":17,"column":16}},"16":{"start":{"line":19,"column":0},"end":{"line":19,"column":40}},"17":{"start":{"line":20,"column":0},"end":{"line":20,"column":22}},"18":{"start":{"line":23,"column":0},"end":{"line":23,"column":48}},"19":{"start":{"line":24,"column":0},"end":{"line":24,"column":30}},"20":{"start":{"line":28,"column":0},"end":{"line":28,"column":23}},"21":{"start":{"line":29,"column":0},"end":{"line":29,"column":27}},"22":{"start":{"line":30,"column":0},"end":{"line":30,"column":52}},"23":{"start":{"line":31,"column":0},"end":{"line":31,"column":24}},"24":{"start":{"line":32,"column":0},"end":{"line":32,"column":56}},"25":{"start":{"line":34,"column":0},"end":{"line":34,"column":20}},"26":{"start":{"line":35,"column":0},"end":{"line":35,"column":25}},"27":{"start":{"line":36,"column":0},"end":{"line":36,"column":29}},"28":{"start":{"line":37,"column":0},"end":{"line":37,"column":33}},"29":{"start":{"line":38,"column":0},"end":{"line":38,"column":33}},"30":{"start":{"line":39,"column":0},"end":{"line":39,"column":26}},"31":{"start":{"line":42,"column":0},"end":{"line":46,"column":3}},"32":{"start":{"line":43,"column":2},"end":{"line":43,"column":35}},"33":{"start":{"line":44,"column":2},"end":{"line":44,"column":19}},"34":{"start":{"line":45,"column":2},"end":{"line":45,"column":12}},"35":{"start":{"line":49,"column":0},"end":{"line":57,"column":3}},"36":{"start":{"line":51,"column":2},"end":{"line":51,"column":35}},"37":{"start":{"line":52,"column":2},"end":{"line":52,"column":69}},"38":{"start":{"line":55,"column":2},"end":{"line":55,"column":32}},"39":{"start":{"line":56,"column":2},"end":{"line":56,"column":22}},"40":{"start":{"line":59,"column":0},"end":{"line":59,"column":17}},"41":{"start":{"line":61,"column":0},"end":{"line":61,"column":40}},"42":{"start":{"line":63,"column":0},"end":{"line":63,"column":21}}},"branchMap":{"1":{"line":52,"type":"cond-expr","locations":[{"start":{"line":52,"column":60},"end":{"line":52,"column":63}},{"start":{"line":52,"column":66},"end":{"line":52,"column":68}}]},"2":{"line":55,"type":"binary-expr","locations":[{"start":{"line":55,"column":13},"end":{"line":55,"column":23}},{"start":{"line":55,"column":27},"end":{"line":55,"column":30}}]}}},"D:\\Github\\ShowME\\Show-Me-Related-Work\\server\\Show-Me-App\\models\\comments.js":{"path":"D:\\Github\\ShowME\\Show-Me-Related-Work\\server\\Show-Me-App\\models\\comments.js","s":{"1":0,"2":0,"3":0,"4":0,"5":0,"6":0,"7":0,"8":0,"9":0,"10":0,"11":0},"b":{},"f":{"1":0,"2":0},"fnMap":{"1":{"name":"(anonymous_1)","line":13,"loc":{"start":{"line":13,"column":35},"end":{"line":13,"column":45}}},"2":{"name":"(anonymous_2)","line":17,"loc":{"start":{"line":17,"column":34},"end":{"line":17,"column":44}}}},"statementMap":{"1":{"start":{"line":1,"column":0},"end":{"line":1,"column":35}},"2":{"start":{"line":2,"column":0},"end":{"line":2,"column":34}},"3":{"start":{"line":3,"column":0},"end":{"line":3,"column":38}},"4":{"start":{"line":4,"column":0},"end":{"line":4,"column":29}},"5":{"start":{"line":6,"column":0},"end":{"line":11,"column":3}},"6":{"start":{"line":13,"column":0},"end":{"line":15,"column":3}},"7":{"start":{"line":14,"column":1},"end":{"line":14,"column":39}},"8":{"start":{"line":17,"column":0},"end":{"line":19,"column":3}},"9":{"start":{"line":18,"column":1},"end":{"line":18,"column":39}},"10":{"start":{"line":21,"column":0},"end":{"line":21,"column":66}},"11":{"start":{"line":23,"column":0},"end":{"line":23,"column":64}}},"branchMap":{}},"D:\\Github\\ShowME\\Show-Me-Related-Work\\server\\Show-Me-App\\models\\domains.js":{"path":"D:\\Github\\ShowME\\Show-Me-Related-Work\\server\\Show-Me-App\\models\\domains.js","s":{"1":0,"2":0,"3":0,"4":0,"5":0,"6":0,"7":0,"8":0,"9":0,"10":0,"11":0},"b":{},"f":{"1":0,"2":0},"fnMap":{"1":{"name":"(anonymous_1)","line":35,"loc":{"start":{"line":35,"column":35},"end":{"line":35,"column":45}}},"2":{"name":"(anonymous_2)","line":39,"loc":{"start":{"line":39,"column":34},"end":{"line":39,"column":44}}}},"statementMap":{"1":{"start":{"line":1,"column":0},"end":{"line":1,"column":35}},"2":{"start":{"line":2,"column":0},"end":{"line":2,"column":34}},"3":{"start":{"line":3,"column":0},"end":{"line":3,"column":40}},"4":{"start":{"line":4,"column":0},"end":{"line":4,"column":45}},"5":{"start":{"line":5,"column":0},"end":{"line":5,"column":29}},"6":{"start":{"line":7,"column":0},"end":{"line":33,"column":3}},"7":{"start":{"line":35,"column":0},"end":{"line":37,"column":3}},"8":{"start":{"line":36,"column":1},"end":{"line":36,"column":23}},"9":{"start":{"line":39,"column":0},"end":{"line":41,"column":3}},"10":{"start":{"line":40,"column":1},"end":{"line":40,"column":38}},"11":{"start":{"line":43,"column":0},"end":{"line":43,"column":63}}},"branchMap":{}},"D:\\Github\\ShowME\\Show-Me-Related-Work\\server\\Show-Me-App\\models\\models.js":{"path":"D:\\Github\\ShowME\\Show-Me-Related-Work\\server\\Show-Me-App\\models\\models.js","s":{"1":0,"2":0,"3":0,"4":0,"5":0,"6":0,"7":0,"8":0,"9":0,"10":0,"11":0,"12":0,"13":0,"14":0,"15":0,"16":0,"17":0,"18":0,"19":0},"b":{},"f":{"1":0,"2":0,"3":0},"fnMap":{"1":{"name":"(anonymous_1)","line":11,"loc":{"start":{"line":11,"column":21},"end":{"line":11,"column":31}}},"2":{"name":"(anonymous_2)","line":22,"loc":{"start":{"line":22,"column":16},"end":{"line":22,"column":29}}},"3":{"name":"(anonymous_3)","line":26,"loc":{"start":{"line":26,"column":23},"end":{"line":26,"column":33}}}},"statementMap":{"1":{"start":{"line":1,"column":0},"end":{"line":1,"column":29}},"2":{"start":{"line":2,"column":0},"end":{"line":2,"column":35}},"3":{"start":{"line":3,"column":0},"end":{"line":3,"column":34}},"4":{"start":{"line":4,"column":0},"end":{"line":4,"column":39}},"5":{"start":{"line":5,"column":0},"end":{"line":5,"column":38}},"6":{"start":{"line":6,"column":0},"end":{"line":6,"column":40}},"7":{"start":{"line":7,"column":0},"end":{"line":7,"column":42}},"8":{"start":{"line":8,"column":0},"end":{"line":8,"column":46}},"9":{"start":{"line":10,"column":0},"end":{"line":10,"column":34}},"10":{"start":{"line":11,"column":0},"end":{"line":20,"column":1}},"11":{"start":{"line":12,"column":1},"end":{"line":12,"column":32}},"12":{"start":{"line":14,"column":1},"end":{"line":16,"column":4}},"13":{"start":{"line":18,"column":1},"end":{"line":18,"column":30}},"14":{"start":{"line":19,"column":1},"end":{"line":19,"column":74}},"15":{"start":{"line":22,"column":0},"end":{"line":24,"column":1}},"16":{"start":{"line":23,"column":1},"end":{"line":23,"column":38}},"17":{"start":{"line":26,"column":0},"end":{"line":113,"column":1}},"18":{"start":{"line":27,"column":1},"end":{"line":27,"column":18}},"19":{"start":{"line":112,"column":1},"end":{"line":112,"column":48}}},"branchMap":{}},"D:\\Github\\ShowME\\Show-Me-Related-Work\\server\\Show-Me-App\\models\\papers.js":{"path":"D:\\Github\\ShowME\\Show-Me-Related-Work\\server\\Show-Me-App\\models\\papers.js","s":{"1":0,"2":0,"3":0,"4":0,"5":0,"6":0,"7":0},"b":{},"f":{"1":0},"fnMap":{"1":{"name":"(anonymous_1)","line":17,"loc":{"start":{"line":17,"column":33},"end":{"line":17,"column":43}}}},"statementMap":{"1":{"start":{"line":1,"column":0},"end":{"line":1,"column":35}},"2":{"start":{"line":2,"column":0},"end":{"line":2,"column":34}},"3":{"start":{"line":3,"column":0},"end":{"line":3,"column":29}},"4":{"start":{"line":5,"column":0},"end":{"line":15,"column":3}},"5":{"start":{"line":17,"column":0},"end":{"line":19,"column":3}},"6":{"start":{"line":18,"column":1},"end":{"line":18,"column":19}},"7":{"start":{"line":25,"column":0},"end":{"line":25,"column":60}}},"branchMap":{}},"D:\\Github\\ShowME\\Show-Me-Related-Work\\server\\Show-Me-App\\models\\relations.js":{"path":"D:\\Github\\ShowME\\Show-Me-Related-Work\\server\\Show-Me-App\\models\\relations.js","s":{"1":0,"2":0,"3":0,"4":0,"5":0,"6":0,"7":0,"8":0,"9":0,"10":0,"11":0,"12":0},"b":{},"f":{"1":0,"2":0},"fnMap":{"1":{"name":"(anonymous_1)","line":15,"loc":{"start":{"line":15,"column":36},"end":{"line":15,"column":46}}},"2":{"name":"(anonymous_2)","line":19,"loc":{"start":{"line":19,"column":35},"end":{"line":19,"column":45}}}},"statementMap":{"1":{"start":{"line":1,"column":0},"end":{"line":1,"column":35}},"2":{"start":{"line":2,"column":0},"end":{"line":2,"column":34}},"3":{"start":{"line":3,"column":0},"end":{"line":3,"column":40}},"4":{"start":{"line":4,"column":0},"end":{"line":4,"column":38}},"5":{"start":{"line":5,"column":0},"end":{"line":5,"column":44}},"6":{"start":{"line":6,"column":0},"end":{"line":6,"column":29}},"7":{"start":{"line":8,"column":0},"end":{"line":13,"column":3}},"8":{"start":{"line":15,"column":0},"end":{"line":17,"column":3}},"9":{"start":{"line":16,"column":1},"end":{"line":16,"column":48}},"10":{"start":{"line":19,"column":0},"end":{"line":21,"column":3}},"11":{"start":{"line":20,"column":1},"end":{"line":20,"column":40}},"12":{"start":{"line":23,"column":0},"end":{"line":23,"column":66}}},"branchMap":{}},"D:\\Github\\ShowME\\Show-Me-Related-Work\\server\\Show-Me-App\\models\\users.js":{"path":"D:\\Github\\ShowME\\Show-Me-Related-Work\\server\\Show-Me-App\\models\\users.js","s":{"1":0,"2":0,"3":0,"4":0,"5":0,"6":0,"7":0,"8":0,"9":0},"b":{},"f":{"1":0,"2":0},"fnMap":{"1":{"name":"(anonymous_1)","line":12,"loc":{"start":{"line":12,"column":31},"end":{"line":12,"column":41}}},"2":{"name":"(anonymous_2)","line":16,"loc":{"start":{"line":16,"column":30},"end":{"line":16,"column":40}}}},"statementMap":{"1":{"start":{"line":1,"column":0},"end":{"line":1,"column":35}},"2":{"start":{"line":2,"column":0},"end":{"line":2,"column":34}},"3":{"start":{"line":3,"column":0},"end":{"line":3,"column":29}},"4":{"start":{"line":5,"column":0},"end":{"line":10,"column":3}},"5":{"start":{"line":12,"column":0},"end":{"line":14,"column":3}},"6":{"start":{"line":13,"column":1},"end":{"line":13,"column":47}},"7":{"start":{"line":16,"column":0},"end":{"line":18,"column":3}},"8":{"start":{"line":17,"column":1},"end":{"line":17,"column":36}},"9":{"start":{"line":20,"column":0},"end":{"line":20,"column":57}}},"branchMap":{}},"D:\\Github\\ShowME\\Show-Me-Related-Work\\server\\Show-Me-App\\neo4jmodels\\graphNode.js":{"path":"D:\\Github\\ShowME\\Show-Me-Related-Work\\server\\Show-Me-App\\neo4jmodels\\graphNode.js","s":{"1":0,"2":0,"3":0,"4":0},"b":{},"f":{"1":0},"fnMap":{"1":{"name":"(anonymous_1)","line":5,"loc":{"start":{"line":5,"column":20},"end":{"line":5,"column":31}}}},"statementMap":{"1":{"start":{"line":1,"column":0},"end":{"line":1,"column":35}},"2":{"start":{"line":3,"column":0},"end":{"line":3,"column":34}},"3":{"start":{"line":5,"column":0},"end":{"line":7,"column":1}},"4":{"start":{"line":6,"column":1},"end":{"line":6,"column":33}}},"branchMap":{}},"D:\\Github\\ShowME\\Show-Me-Related-Work\\server\\Show-Me-App\\neo4jmodels\\models.js":{"path":"D:\\Github\\ShowME\\Show-Me-Related-Work\\server\\Show-Me-App\\neo4jmodels\\models.js","s":{"1":0,"2":0,"3":0,"4":0,"5":0,"6":0,"7":0,"8":0,"9":0,"10":0,"11":0,"12":0},"b":{},"f":{"1":0,"2":0},"fnMap":{"1":{"name":"(anonymous_1)","line":10,"loc":{"start":{"line":10,"column":21},"end":{"line":10,"column":32}}},"2":{"name":"(anonymous_2)","line":18,"loc":{"start":{"line":18,"column":27},"end":{"line":18,"column":37}}}},"statementMap":{"1":{"start":{"line":3,"column":0},"end":{"line":3,"column":39}},"2":{"start":{"line":4,"column":0},"end":{"line":4,"column":47}},"3":{"start":{"line":6,"column":0},"end":{"line":6,"column":39}},"4":{"start":{"line":8,"column":0},"end":{"line":8,"column":34}},"5":{"start":{"line":10,"column":0},"end":{"line":16,"column":1}},"6":{"start":{"line":11,"column":1},"end":{"line":11,"column":27}},"7":{"start":{"line":12,"column":1},"end":{"line":12,"column":37}},"8":{"start":{"line":13,"column":1},"end":{"line":13,"column":37}},"9":{"start":{"line":14,"column":1},"end":{"line":14,"column":70}},"10":{"start":{"line":15,"column":1},"end":{"line":15,"column":15}},"11":{"start":{"line":18,"column":0},"end":{"line":20,"column":1}},"12":{"start":{"line":19,"column":1},"end":{"line":19,"column":25}}},"branchMap":{}},"D:\\Github\\ShowME\\Show-Me-Related-Work\\server\\Show-Me-App\\routes\\domains.js":{"path":"D:\\Github\\ShowME\\Show-Me-Related-Work\\server\\Show-Me-App\\routes\\domains.js","s":{"1":0,"2":0,"3":0,"4":0,"5":0,"6":0,"7":0,"8":0,"9":0,"10":0,"11":0},"b":{},"f":{"1":0,"2":0,"3":0},"fnMap":{"1":{"name":"(anonymous_1)","line":6,"loc":{"start":{"line":6,"column":19},"end":{"line":6,"column":44}}},"2":{"name":"(anonymous_2)","line":10,"loc":{"start":{"line":10,"column":19},"end":{"line":10,"column":43}}},"3":{"name":"(anonymous_3)","line":15,"loc":{"start":{"line":15,"column":23},"end":{"line":15,"column":47}}}},"statementMap":{"1":{"start":{"line":1,"column":0},"end":{"line":1,"column":33}},"2":{"start":{"line":2,"column":0},"end":{"line":2,"column":30}},"3":{"start":{"line":3,"column":0},"end":{"line":3,"column":32}},"4":{"start":{"line":6,"column":0},"end":{"line":8,"column":3}},"5":{"start":{"line":7,"column":1},"end":{"line":7,"column":26}},"6":{"start":{"line":10,"column":0},"end":{"line":13,"column":3}},"7":{"start":{"line":11,"column":1},"end":{"line":11,"column":24}},"8":{"start":{"line":12,"column":1},"end":{"line":12,"column":35}},"9":{"start":{"line":15,"column":0},"end":{"line":17,"column":3}},"10":{"start":{"line":16,"column":1},"end":{"line":16,"column":105}},"11":{"start":{"line":18,"column":0},"end":{"line":18,"column":24}}},"branchMap":{}},"D:\\Github\\ShowME\\Show-Me-Related-Work\\server\\Show-Me-App\\routes\\graphNode.js":{"path":"D:\\Github\\ShowME\\Show-Me-Related-Work\\server\\Show-Me-App\\routes\\graphNode.js","s":{"1":0,"2":0,"3":0,"4":0,"5":0,"6":0,"7":0,"8":0},"b":{},"f":{"1":0},"fnMap":{"1":{"name":"(anonymous_1)","line":5,"loc":{"start":{"line":5,"column":29},"end":{"line":5,"column":54}}}},"statementMap":{"1":{"start":{"line":1,"column":0},"end":{"line":1,"column":33}},"2":{"start":{"line":2,"column":0},"end":{"line":2,"column":30}},"3":{"start":{"line":3,"column":0},"end":{"line":3,"column":32}},"4":{"start":{"line":5,"column":0},"end":{"line":9,"column":3}},"5":{"start":{"line":6,"column":1},"end":{"line":6,"column":29}},"6":{"start":{"line":7,"column":1},"end":{"line":7,"column":32}},"7":{"start":{"line":8,"column":1},"end":{"line":8,"column":28}},"8":{"start":{"line":11,"column":0},"end":{"line":11,"column":24}}},"branchMap":{}},"D:\\Github\\ShowME\\Show-Me-Related-Work\\server\\Show-Me-App\\routes\\index.js":{"path":"D:\\Github\\ShowME\\Show-Me-Related-Work\\server\\Show-Me-App\\routes\\index.js","s":{"1":0,"2":0,"3":0,"4":0,"5":0},"b":{},"f":{"1":0},"fnMap":{"1":{"name":"(anonymous_1)","line":5,"loc":{"start":{"line":5,"column":16},"end":{"line":5,"column":41}}}},"statementMap":{"1":{"start":{"line":1,"column":0},"end":{"line":1,"column":33}},"2":{"start":{"line":2,"column":0},"end":{"line":2,"column":30}},"3":{"start":{"line":5,"column":0},"end":{"line":7,"column":3}},"4":{"start":{"line":6,"column":2},"end":{"line":6,"column":44}},"5":{"start":{"line":9,"column":0},"end":{"line":9,"column":24}}},"branchMap":{}},"D:\\Github\\ShowME\\Show-Me-Related-Work\\server\\Show-Me-App\\routes\\relations.js":{"path":"D:\\Github\\ShowME\\Show-Me-Related-Work\\server\\Show-Me-App\\routes\\relations.js","s":{"1":0,"2":0,"3":0,"4":0,"5":0,"6":0,"7":0,"8":0,"9":0,"10":0,"11":0,"12":0,"13":0,"14":0,"15":0,"16":0,"17":0,"18":0,"19":0,"20":0,"21":0,"22":0,"23":0,"24":0,"25":0,"26":0,"27":0,"28":0,"29":0,"30":0,"31":0,"32":0,"33":0,"34":0,"35":0,"36":0,"37":0,"38":0,"39":0,"40":0,"41":0},"b":{},"f":{"1":0,"2":0,"3":0,"4":0,"5":0,"6":0},"fnMap":{"1":{"name":"(anonymous_1)","line":6,"loc":{"start":{"line":6,"column":19},"end":{"line":6,"column":44}}},"2":{"name":"(anonymous_2)","line":14,"loc":{"start":{"line":14,"column":26},"end":{"line":14,"column":50}}},"3":{"name":"(anonymous_3)","line":22,"loc":{"start":{"line":22,"column":28},"end":{"line":22,"column":52}}},"4":{"name":"(anonymous_4)","line":31,"loc":{"start":{"line":31,"column":29},"end":{"line":31,"column":53}}},"5":{"name":"(anonymous_5)","line":39,"loc":{"start":{"line":39,"column":31},"end":{"line":39,"column":55}}},"6":{"name":"(anonymous_6)","line":47,"loc":{"start":{"line":47,"column":27},"end":{"line":47,"column":51}}}},"statementMap":{"1":{"start":{"line":1,"column":0},"end":{"line":1,"column":33}},"2":{"start":{"line":2,"column":0},"end":{"line":2,"column":30}},"3":{"start":{"line":3,"column":0},"end":{"line":3,"column":32}},"4":{"start":{"line":6,"column":0},"end":{"line":12,"column":3}},"5":{"start":{"line":7,"column":1},"end":{"line":7,"column":31}},"6":{"start":{"line":8,"column":1},"end":{"line":8,"column":31}},"7":{"start":{"line":9,"column":1},"end":{"line":9,"column":41}},"8":{"start":{"line":10,"column":1},"end":{"line":10,"column":27}},"9":{"start":{"line":11,"column":1},"end":{"line":11,"column":65}},"10":{"start":{"line":14,"column":0},"end":{"line":20,"column":3}},"11":{"start":{"line":15,"column":1},"end":{"line":15,"column":31}},"12":{"start":{"line":16,"column":1},"end":{"line":16,"column":31}},"13":{"start":{"line":17,"column":1},"end":{"line":17,"column":41}},"14":{"start":{"line":18,"column":1},"end":{"line":18,"column":27}},"15":{"start":{"line":19,"column":1},"end":{"line":19,"column":57}},"16":{"start":{"line":22,"column":0},"end":{"line":29,"column":3}},"17":{"start":{"line":23,"column":1},"end":{"line":23,"column":31}},"18":{"start":{"line":24,"column":1},"end":{"line":24,"column":31}},"19":{"start":{"line":25,"column":1},"end":{"line":25,"column":41}},"20":{"start":{"line":26,"column":1},"end":{"line":26,"column":27}},"21":{"start":{"line":28,"column":1},"end":{"line":28,"column":59}},"22":{"start":{"line":31,"column":0},"end":{"line":37,"column":3}},"23":{"start":{"line":32,"column":1},"end":{"line":32,"column":31}},"24":{"start":{"line":33,"column":1},"end":{"line":33,"column":31}},"25":{"start":{"line":34,"column":1},"end":{"line":34,"column":41}},"26":{"start":{"line":35,"column":1},"end":{"line":35,"column":27}},"27":{"start":{"line":36,"column":1},"end":{"line":36,"column":60}},"28":{"start":{"line":39,"column":0},"end":{"line":45,"column":3}},"29":{"start":{"line":40,"column":1},"end":{"line":40,"column":31}},"30":{"start":{"line":41,"column":1},"end":{"line":41,"column":31}},"31":{"start":{"line":42,"column":1},"end":{"line":42,"column":41}},"32":{"start":{"line":43,"column":1},"end":{"line":43,"column":27}},"33":{"start":{"line":44,"column":1},"end":{"line":44,"column":62}},"34":{"start":{"line":47,"column":0},"end":{"line":54,"column":3}},"35":{"start":{"line":48,"column":1},"end":{"line":48,"column":31}},"36":{"start":{"line":49,"column":1},"end":{"line":49,"column":31}},"37":{"start":{"line":50,"column":1},"end":{"line":50,"column":41}},"38":{"start":{"line":51,"column":1},"end":{"line":51,"column":27}},"39":{"start":{"line":52,"column":1},"end":{"line":52,"column":27}},"40":{"start":{"line":53,"column":1},"end":{"line":53,"column":64}},"41":{"start":{"line":56,"column":0},"end":{"line":56,"column":24}}},"branchMap":{}},"D:\\Github\\ShowME\\Show-Me-Related-Work\\server\\Show-Me-App\\routes\\search.js":{"path":"D:\\Github\\ShowME\\Show-Me-Related-Work\\server\\Show-Me-App\\routes\\search.js","s":{"1":0,"2":0,"3":0,"4":0,"5":0,"6":0,"7":0,"8":0},"b":{},"f":{"1":0},"fnMap":{"1":{"name":"(anonymous_1)","line":5,"loc":{"start":{"line":5,"column":20},"end":{"line":5,"column":45}}}},"statementMap":{"1":{"start":{"line":1,"column":0},"end":{"line":1,"column":33}},"2":{"start":{"line":2,"column":0},"end":{"line":2,"column":30}},"3":{"start":{"line":3,"column":0},"end":{"line":3,"column":32}},"4":{"start":{"line":5,"column":0},"end":{"line":9,"column":3}},"5":{"start":{"line":6,"column":4},"end":{"line":6,"column":28}},"6":{"start":{"line":7,"column":4},"end":{"line":7,"column":29}},"7":{"start":{"line":8,"column":4},"end":{"line":8,"column":26}},"8":{"start":{"line":11,"column":0},"end":{"line":11,"column":24}}},"branchMap":{}},"D:\\Github\\ShowME\\Show-Me-Related-Work\\server\\Show-Me-App\\routes\\users.js":{"path":"D:\\Github\\ShowME\\Show-Me-Related-Work\\server\\Show-Me-App\\routes\\users.js","s":{"1":0,"2":0,"3":0,"4":0,"5":0,"6":0,"7":0},"b":{},"f":{"1":0},"fnMap":{"1":{"name":"(anonymous_1)","line":6,"loc":{"start":{"line":6,"column":26},"end":{"line":6,"column":51}}}},"statementMap":{"1":{"start":{"line":1,"column":0},"end":{"line":1,"column":33}},"2":{"start":{"line":2,"column":0},"end":{"line":2,"column":30}},"3":{"start":{"line":3,"column":0},"end":{"line":3,"column":32}},"4":{"start":{"line":6,"column":0},"end":{"line":9,"column":3}},"5":{"start":{"line":7,"column":1},"end":{"line":7,"column":28}},"6":{"start":{"line":8,"column":1},"end":{"line":8,"column":28}},"7":{"start":{"line":11,"column":0},"end":{"line":11,"column":24}}},"branchMap":{}},"D:\\Github\\ShowME\\Show-Me-Related-Work\\server\\Show-Me-App\\spec\\addDownvotes.js":{"path":"D:\\Github\\ShowME\\Show-Me-Related-Work\\server\\Show-Me-App\\spec\\addDownvotes.js","s":{"1":0,"2":0,"3":0,"4":0,"5":0,"6":0,"7":0,"8":0,"9":0,"10":0,"11":0,"12":0,"13":0,"14":0,"15":0,"16":0,"17":0,"18":0,"19":0,"20":0,"21":0},"b":{},"f":{"1":0,"2":0,"3":0,"4":0,"5":0,"6":0,"7":0,"8":0},"fnMap":{"1":{"name":"(anonymous_1)","line":4,"loc":{"start":{"line":4,"column":30},"end":{"line":4,"column":41}}},"2":{"name":"(anonymous_2)","line":5,"loc":{"start":{"line":5,"column":20},"end":{"line":5,"column":31}}},"3":{"name":"(anonymous_3)","line":8,"loc":{"start":{"line":8,"column":34},"end":{"line":8,"column":49}}},"4":{"name":"(anonymous_4)","line":10,"loc":{"start":{"line":10,"column":32},"end":{"line":10,"column":64}}},"5":{"name":"(anonymous_5)","line":17,"loc":{"start":{"line":17,"column":34},"end":{"line":17,"column":49}}},"6":{"name":"(anonymous_6)","line":19,"loc":{"start":{"line":19,"column":28},"end":{"line":19,"column":60}}},"7":{"name":"(anonymous_7)","line":26,"loc":{"start":{"line":26,"column":68},"end":{"line":26,"column":83}}},"8":{"name":"(anonymous_8)","line":28,"loc":{"start":{"line":28,"column":27},"end":{"line":28,"column":59}}}},"statementMap":{"1":{"start":{"line":1,"column":0},"end":{"line":1,"column":33}},"2":{"start":{"line":2,"column":0},"end":{"line":2,"column":68}},"3":{"start":{"line":4,"column":0},"end":{"line":36,"column":3}},"4":{"start":{"line":5,"column":2},"end":{"line":35,"column":5}},"5":{"start":{"line":8,"column":4},"end":{"line":14,"column":7}},"6":{"start":{"line":9,"column":3},"end":{"line":9,"column":88}},"7":{"start":{"line":10,"column":6},"end":{"line":13,"column":9}},"8":{"start":{"line":11,"column":8},"end":{"line":11,"column":46}},"9":{"start":{"line":12,"column":8},"end":{"line":12,"column":15}},"10":{"start":{"line":17,"column":4},"end":{"line":23,"column":7}},"11":{"start":{"line":18,"column":3},"end":{"line":18,"column":86}},"12":{"start":{"line":19,"column":6},"end":{"line":22,"column":9}},"13":{"start":{"line":20,"column":8},"end":{"line":20,"column":50}},"14":{"start":{"line":21,"column":8},"end":{"line":21,"column":15}},"15":{"start":{"line":26,"column":4},"end":{"line":34,"column":7}},"16":{"start":{"line":27,"column":3},"end":{"line":27,"column":83}},"17":{"start":{"line":28,"column":6},"end":{"line":33,"column":9}},"18":{"start":{"line":29,"column":2},"end":{"line":29,"column":34}},"19":{"start":{"line":30,"column":2},"end":{"line":30,"column":33}},"20":{"start":{"line":31,"column":2},"end":{"line":31,"column":38}},"21":{"start":{"line":32,"column":2},"end":{"line":32,"column":9}}},"branchMap":{}}}