{"D:\\Github\\ShowME\\Show-Me-Related-Work\\server\\Show-Me-App\\spec\\addDownvotesSpec.js":{"path":"D:\\Github\\ShowME\\Show-Me-Related-Work\\server\\Show-Me-App\\spec\\addDownvotesSpec.js","s":{"1":1,"2":1,"3":1,"4":1,"5":1,"6":1,"7":1,"8":1,"9":1,"10":1,"11":1,"12":1,"13":1,"14":1,"15":1,"16":1,"17":1,"18":1,"19":1,"20":1,"21":1,"22":1,"23":1},"b":{},"f":{"1":1,"2":1,"3":1,"4":1,"5":1,"6":1,"7":1,"8":1},"fnMap":{"1":{"name":"(anonymous_1)","line":4,"loc":{"start":{"line":4,"column":40},"end":{"line":4,"column":50}}},"2":{"name":"(anonymous_2)","line":5,"loc":{"start":{"line":5,"column":21},"end":{"line":5,"column":32}}},"3":{"name":"(anonymous_3)","line":8,"loc":{"start":{"line":8,"column":38},"end":{"line":8,"column":53}}},"4":{"name":"(anonymous_4)","line":14,"loc":{"start":{"line":14,"column":14},"end":{"line":14,"column":46}}},"5":{"name":"(anonymous_5)","line":21,"loc":{"start":{"line":21,"column":34},"end":{"line":21,"column":49}}},"6":{"name":"(anonymous_6)","line":27,"loc":{"start":{"line":27,"column":14},"end":{"line":27,"column":46}}},"7":{"name":"(anonymous_7)","line":34,"loc":{"start":{"line":34,"column":61},"end":{"line":34,"column":76}}},"8":{"name":"(anonymous_8)","line":40,"loc":{"start":{"line":40,"column":14},"end":{"line":40,"column":46}}}},"statementMap":{"1":{"start":{"line":1,"column":0},"end":{"line":1,"column":33}},"2":{"start":{"line":2,"column":0},"end":{"line":2,"column":67}},"3":{"start":{"line":4,"column":0},"end":{"line":47,"column":3}},"4":{"start":{"line":5,"column":3},"end":{"line":46,"column":5}},"5":{"start":{"line":8,"column":8},"end":{"line":18,"column":10}},"6":{"start":{"line":9,"column":5},"end":{"line":9,"column":79}},"7":{"start":{"line":10,"column":11},"end":{"line":10,"column":45}},"8":{"start":{"line":11,"column":11},"end":{"line":17,"column":15}},"9":{"start":{"line":15,"column":15},"end":{"line":15,"column":53}},"10":{"start":{"line":16,"column":15},"end":{"line":16,"column":22}},"11":{"start":{"line":21,"column":4},"end":{"line":31,"column":10}},"12":{"start":{"line":22,"column":5},"end":{"line":22,"column":80}},"13":{"start":{"line":23,"column":11},"end":{"line":23,"column":45}},"14":{"start":{"line":24,"column":11},"end":{"line":30,"column":15}},"15":{"start":{"line":28,"column":15},"end":{"line":28,"column":57}},"16":{"start":{"line":29,"column":15},"end":{"line":29,"column":22}},"17":{"start":{"line":34,"column":4},"end":{"line":45,"column":10}},"18":{"start":{"line":35,"column":5},"end":{"line":35,"column":79}},"19":{"start":{"line":36,"column":11},"end":{"line":36,"column":45}},"20":{"start":{"line":37,"column":11},"end":{"line":44,"column":15}},"21":{"start":{"line":41,"column":6},"end":{"line":41,"column":38}},"22":{"start":{"line":42,"column":15},"end":{"line":42,"column":51}},"23":{"start":{"line":43,"column":15},"end":{"line":43,"column":22}}},"branchMap":{}},"D:\\Github\\ShowME\\Show-Me-Related-Work\\server\\Show-Me-App\\spec\\findAllDomainsSpec.js":{"path":"D:\\Github\\ShowME\\Show-Me-Related-Work\\server\\Show-Me-App\\spec\\findAllDomainsSpec.js","s":{"1":1,"2":1,"3":1,"4":1,"5":1,"6":1,"7":1,"8":1,"9":1,"10":1,"11":1,"12":1,"13":1,"14":1,"15":1},"b":{},"f":{"1":1,"2":1,"3":1,"4":1,"5":1,"6":1},"fnMap":{"1":{"name":"(anonymous_1)","line":4,"loc":{"start":{"line":4,"column":34},"end":{"line":4,"column":44}}},"2":{"name":"(anonymous_2)","line":5,"loc":{"start":{"line":5,"column":22},"end":{"line":5,"column":33}}},"3":{"name":"(anonymous_3)","line":7,"loc":{"start":{"line":7,"column":32},"end":{"line":7,"column":47}}},"4":{"name":"(anonymous_4)","line":8,"loc":{"start":{"line":8,"column":20},"end":{"line":8,"column":52}}},"5":{"name":"(anonymous_5)","line":14,"loc":{"start":{"line":14,"column":33},"end":{"line":14,"column":48}}},"6":{"name":"(anonymous_6)","line":15,"loc":{"start":{"line":15,"column":20},"end":{"line":15,"column":52}}}},"statementMap":{"1":{"start":{"line":1,"column":0},"end":{"line":1,"column":33}},"2":{"start":{"line":2,"column":0},"end":{"line":2,"column":50}},"3":{"start":{"line":4,"column":0},"end":{"line":26,"column":3}},"4":{"start":{"line":5,"column":4},"end":{"line":25,"column":4}},"5":{"start":{"line":7,"column":2},"end":{"line":12,"column":5}},"6":{"start":{"line":8,"column":3},"end":{"line":11,"column":6}},"7":{"start":{"line":9,"column":4},"end":{"line":9,"column":42}},"8":{"start":{"line":10,"column":4},"end":{"line":10,"column":11}},"9":{"start":{"line":14,"column":2},"end":{"line":23,"column":5}},"10":{"start":{"line":15,"column":3},"end":{"line":22,"column":6}},"11":{"start":{"line":17,"column":4},"end":{"line":17,"column":39}},"12":{"start":{"line":18,"column":4},"end":{"line":18,"column":44}},"13":{"start":{"line":19,"column":4},"end":{"line":19,"column":41}},"14":{"start":{"line":20,"column":4},"end":{"line":20,"column":39}},"15":{"start":{"line":21,"column":4},"end":{"line":21,"column":11}}},"branchMap":{}},"D:\\Github\\ShowME\\Show-Me-Related-Work\\server\\Show-Me-App\\spec\\findorcreateUserSpec.js":{"path":"D:\\Github\\ShowME\\Show-Me-Related-Work\\server\\Show-Me-App\\spec\\findorcreateUserSpec.js","s":{"1":1,"2":1,"3":1,"4":1,"5":1,"6":1,"7":1,"8":1,"9":1,"10":1,"11":1,"12":1,"13":1,"14":1,"15":1,"16":1,"17":1,"18":1,"19":1,"20":1,"21":1,"22":1,"23":1,"24":1,"25":1,"26":1,"27":1,"28":1,"29":1,"30":1,"31":1},"b":{},"f":{"1":1,"2":1,"3":1,"4":1,"5":1,"6":1,"7":1,"8":1},"fnMap":{"1":{"name":"(anonymous_1)","line":4,"loc":{"start":{"line":4,"column":73},"end":{"line":4,"column":84}}},"2":{"name":"(anonymous_2)","line":5,"loc":{"start":{"line":5,"column":21},"end":{"line":5,"column":32}}},"3":{"name":"(anonymous_3)","line":8,"loc":{"start":{"line":8,"column":81},"end":{"line":8,"column":96}}},"4":{"name":"(anonymous_4)","line":9,"loc":{"start":{"line":9,"column":154},"end":{"line":9,"column":186}}},"5":{"name":"(anonymous_5)","line":21,"loc":{"start":{"line":21,"column":81},"end":{"line":21,"column":96}}},"6":{"name":"(anonymous_6)","line":22,"loc":{"start":{"line":22,"column":161},"end":{"line":22,"column":193}}},"7":{"name":"(anonymous_7)","line":34,"loc":{"start":{"line":34,"column":60},"end":{"line":34,"column":75}}},"8":{"name":"(anonymous_8)","line":35,"loc":{"start":{"line":35,"column":153},"end":{"line":35,"column":185}}}},"statementMap":{"1":{"start":{"line":1,"column":0},"end":{"line":1,"column":33}},"2":{"start":{"line":2,"column":0},"end":{"line":2,"column":55}},"3":{"start":{"line":4,"column":0},"end":{"line":46,"column":3}},"4":{"start":{"line":5,"column":2},"end":{"line":45,"column":4}},"5":{"start":{"line":8,"column":8},"end":{"line":18,"column":10}},"6":{"start":{"line":9,"column":11},"end":{"line":17,"column":15}},"7":{"start":{"line":10,"column":15},"end":{"line":10,"column":53}},"8":{"start":{"line":11,"column":6},"end":{"line":11,"column":36}},"9":{"start":{"line":12,"column":6},"end":{"line":12,"column":50}},"10":{"start":{"line":13,"column":6},"end":{"line":13,"column":48}},"11":{"start":{"line":14,"column":6},"end":{"line":14,"column":58}},"12":{"start":{"line":15,"column":6},"end":{"line":15,"column":65}},"13":{"start":{"line":16,"column":15},"end":{"line":16,"column":22}},"14":{"start":{"line":21,"column":8},"end":{"line":31,"column":10}},"15":{"start":{"line":22,"column":11},"end":{"line":30,"column":15}},"16":{"start":{"line":23,"column":15},"end":{"line":23,"column":53}},"17":{"start":{"line":24,"column":6},"end":{"line":24,"column":36}},"18":{"start":{"line":25,"column":6},"end":{"line":25,"column":51}},"19":{"start":{"line":26,"column":6},"end":{"line":26,"column":51}},"20":{"start":{"line":27,"column":6},"end":{"line":27,"column":67}},"21":{"start":{"line":28,"column":6},"end":{"line":28,"column":59}},"22":{"start":{"line":29,"column":15},"end":{"line":29,"column":22}},"23":{"start":{"line":34,"column":8},"end":{"line":44,"column":10}},"24":{"start":{"line":35,"column":11},"end":{"line":43,"column":15}},"25":{"start":{"line":36,"column":15},"end":{"line":36,"column":53}},"26":{"start":{"line":37,"column":6},"end":{"line":37,"column":37}},"27":{"start":{"line":38,"column":6},"end":{"line":38,"column":52}},"28":{"start":{"line":39,"column":6},"end":{"line":39,"column":48}},"29":{"start":{"line":40,"column":6},"end":{"line":40,"column":55}},"30":{"start":{"line":41,"column":6},"end":{"line":41,"column":65}},"31":{"start":{"line":42,"column":15},"end":{"line":42,"column":22}}},"branchMap":{}},"D:\\Github\\ShowME\\Show-Me-Related-Work\\server\\Show-Me-App\\spec\\findPapersForDomainSpec.js":{"path":"D:\\Github\\ShowME\\Show-Me-Related-Work\\server\\Show-Me-App\\spec\\findPapersForDomainSpec.js","s":{"1":1,"2":1,"3":1,"4":1,"5":1,"6":1,"7":1,"8":1,"9":1,"10":1,"11":1,"12":1,"13":1,"14":1,"15":1},"b":{},"f":{"1":1,"2":1,"3":1,"4":1,"5":1,"6":1},"fnMap":{"1":{"name":"(anonymous_1)","line":4,"loc":{"start":{"line":4,"column":49},"end":{"line":4,"column":59}}},"2":{"name":"(anonymous_2)","line":5,"loc":{"start":{"line":5,"column":22},"end":{"line":5,"column":33}}},"3":{"name":"(anonymous_3)","line":7,"loc":{"start":{"line":7,"column":32},"end":{"line":7,"column":47}}},"4":{"name":"(anonymous_4)","line":9,"loc":{"start":{"line":9,"column":20},"end":{"line":9,"column":52}}},"5":{"name":"(anonymous_5)","line":15,"loc":{"start":{"line":15,"column":45},"end":{"line":15,"column":60}}},"6":{"name":"(anonymous_6)","line":17,"loc":{"start":{"line":17,"column":20},"end":{"line":17,"column":52}}}},"statementMap":{"1":{"start":{"line":1,"column":0},"end":{"line":1,"column":33}},"2":{"start":{"line":2,"column":0},"end":{"line":2,"column":52}},"3":{"start":{"line":4,"column":0},"end":{"line":25,"column":3}},"4":{"start":{"line":5,"column":4},"end":{"line":24,"column":4}},"5":{"start":{"line":7,"column":2},"end":{"line":13,"column":5}},"6":{"start":{"line":8,"column":3},"end":{"line":8,"column":28}},"7":{"start":{"line":9,"column":3},"end":{"line":12,"column":6}},"8":{"start":{"line":10,"column":4},"end":{"line":10,"column":42}},"9":{"start":{"line":11,"column":4},"end":{"line":11,"column":11}},"10":{"start":{"line":15,"column":2},"end":{"line":22,"column":5}},"11":{"start":{"line":16,"column":3},"end":{"line":16,"column":28}},"12":{"start":{"line":17,"column":3},"end":{"line":21,"column":6}},"13":{"start":{"line":18,"column":4},"end":{"line":18,"column":39}},"14":{"start":{"line":19,"column":4},"end":{"line":19,"column":71}},"15":{"start":{"line":20,"column":4},"end":{"line":20,"column":11}}},"branchMap":{}},"D:\\Github\\ShowME\\Show-Me-Related-Work\\server\\Show-Me-App\\spec\\findRelationsfromIdSpec.js":{"path":"D:\\Github\\ShowME\\Show-Me-Related-Work\\server\\Show-Me-App\\spec\\findRelationsfromIdSpec.js","s":{"1":1,"2":1,"3":1,"4":1,"5":1,"6":1,"7":1,"8":1,"9":1,"10":1,"11":1,"12":1,"13":1,"14":1,"15":1,"16":1,"17":1,"18":1,"19":1,"20":1,"21":1,"22":1,"23":1,"24":1,"25":1},"b":{},"f":{"1":1,"2":1,"3":1,"4":1,"5":1,"6":1,"7":1,"8":1},"fnMap":{"1":{"name":"(anonymous_1)","line":4,"loc":{"start":{"line":4,"column":30},"end":{"line":4,"column":41}}},"2":{"name":"(anonymous_2)","line":5,"loc":{"start":{"line":5,"column":20},"end":{"line":5,"column":31}}},"3":{"name":"(anonymous_3)","line":8,"loc":{"start":{"line":8,"column":34},"end":{"line":8,"column":49}}},"4":{"name":"(anonymous_4)","line":10,"loc":{"start":{"line":10,"column":32},"end":{"line":10,"column":64}}},"5":{"name":"(anonymous_5)","line":17,"loc":{"start":{"line":17,"column":34},"end":{"line":17,"column":49}}},"6":{"name":"(anonymous_6)","line":19,"loc":{"start":{"line":19,"column":28},"end":{"line":19,"column":60}}},"7":{"name":"(anonymous_7)","line":26,"loc":{"start":{"line":26,"column":53},"end":{"line":26,"column":68}}},"8":{"name":"(anonymous_8)","line":28,"loc":{"start":{"line":28,"column":27},"end":{"line":28,"column":59}}}},"statementMap":{"1":{"start":{"line":1,"column":0},"end":{"line":1,"column":33}},"2":{"start":{"line":2,"column":0},"end":{"line":2,"column":59}},"3":{"start":{"line":4,"column":0},"end":{"line":46,"column":3}},"4":{"start":{"line":5,"column":2},"end":{"line":45,"column":5}},"5":{"start":{"line":8,"column":4},"end":{"line":14,"column":7}},"6":{"start":{"line":9,"column":3},"end":{"line":9,"column":88}},"7":{"start":{"line":10,"column":6},"end":{"line":13,"column":9}},"8":{"start":{"line":11,"column":8},"end":{"line":11,"column":46}},"9":{"start":{"line":12,"column":8},"end":{"line":12,"column":15}},"10":{"start":{"line":17,"column":4},"end":{"line":23,"column":7}},"11":{"start":{"line":18,"column":3},"end":{"line":18,"column":84}},"12":{"start":{"line":19,"column":6},"end":{"line":22,"column":9}},"13":{"start":{"line":20,"column":8},"end":{"line":20,"column":50}},"14":{"start":{"line":21,"column":8},"end":{"line":21,"column":15}},"15":{"start":{"line":26,"column":4},"end":{"line":44,"column":7}},"16":{"start":{"line":27,"column":3},"end":{"line":27,"column":83}},"17":{"start":{"line":28,"column":6},"end":{"line":43,"column":9}},"18":{"start":{"line":29,"column":2},"end":{"line":29,"column":34}},"19":{"start":{"line":32,"column":2},"end":{"line":32,"column":79}},"20":{"start":{"line":34,"column":2},"end":{"line":34,"column":90}},"21":{"start":{"line":35,"column":2},"end":{"line":35,"column":44}},"22":{"start":{"line":36,"column":2},"end":{"line":36,"column":46}},"23":{"start":{"line":40,"column":2},"end":{"line":40,"column":45}},"24":{"start":{"line":41,"column":2},"end":{"line":41,"column":46}},"25":{"start":{"line":42,"column":2},"end":{"line":42,"column":9}}},"branchMap":{}},"D:\\Github\\ShowME\\Show-Me-Related-Work\\server\\Show-Me-App\\spec\\findUserSpec.js":{"path":"D:\\Github\\ShowME\\Show-Me-Related-Work\\server\\Show-Me-App\\spec\\findUserSpec.js","s":{"1":1,"2":1,"3":1,"4":1,"5":1,"6":1,"7":1,"8":1,"9":1,"10":1,"11":1,"12":1,"13":1,"14":1,"15":1,"16":1,"17":1,"18":1,"19":1,"20":1,"21":1,"22":1,"23":1},"b":{},"f":{"1":1,"2":1,"3":1,"4":1,"5":1,"6":1,"7":1,"8":1},"fnMap":{"1":{"name":"(anonymous_1)","line":4,"loc":{"start":{"line":4,"column":52},"end":{"line":4,"column":63}}},"2":{"name":"(anonymous_2)","line":5,"loc":{"start":{"line":5,"column":20},"end":{"line":5,"column":31}}},"3":{"name":"(anonymous_3)","line":8,"loc":{"start":{"line":8,"column":34},"end":{"line":8,"column":49}}},"4":{"name":"(anonymous_4)","line":9,"loc":{"start":{"line":9,"column":28},"end":{"line":9,"column":60}}},"5":{"name":"(anonymous_5)","line":17,"loc":{"start":{"line":17,"column":31},"end":{"line":17,"column":46}}},"6":{"name":"(anonymous_6)","line":19,"loc":{"start":{"line":19,"column":28},"end":{"line":19,"column":60}}},"7":{"name":"(anonymous_7)","line":31,"loc":{"start":{"line":31,"column":31},"end":{"line":31,"column":46}}},"8":{"name":"(anonymous_8)","line":33,"loc":{"start":{"line":33,"column":28},"end":{"line":33,"column":60}}}},"statementMap":{"1":{"start":{"line":1,"column":0},"end":{"line":1,"column":33}},"2":{"start":{"line":2,"column":0},"end":{"line":2,"column":45}},"3":{"start":{"line":4,"column":0},"end":{"line":40,"column":3}},"4":{"start":{"line":5,"column":2},"end":{"line":39,"column":5}},"5":{"start":{"line":8,"column":4},"end":{"line":13,"column":7}},"6":{"start":{"line":9,"column":6},"end":{"line":12,"column":9}},"7":{"start":{"line":10,"column":8},"end":{"line":10,"column":46}},"8":{"start":{"line":11,"column":8},"end":{"line":11,"column":15}},"9":{"start":{"line":17,"column":4},"end":{"line":27,"column":7}},"10":{"start":{"line":18,"column":3},"end":{"line":18,"column":49}},"11":{"start":{"line":19,"column":6},"end":{"line":26,"column":9}},"12":{"start":{"line":20,"column":2},"end":{"line":20,"column":34}},"13":{"start":{"line":21,"column":2},"end":{"line":21,"column":36}},"14":{"start":{"line":22,"column":2},"end":{"line":22,"column":50}},"15":{"start":{"line":23,"column":2},"end":{"line":23,"column":48}},"16":{"start":{"line":24,"column":2},"end":{"line":24,"column":55}},"17":{"start":{"line":25,"column":2},"end":{"line":25,"column":9}},"18":{"start":{"line":31,"column":4},"end":{"line":38,"column":7}},"19":{"start":{"line":32,"column":3},"end":{"line":32,"column":51}},"20":{"start":{"line":33,"column":6},"end":{"line":37,"column":9}},"21":{"start":{"line":34,"column":2},"end":{"line":34,"column":34}},"22":{"start":{"line":35,"column":2},"end":{"line":35,"column":37}},"23":{"start":{"line":36,"column":2},"end":{"line":36,"column":9}}},"branchMap":{}},"D:\\Github\\ShowME\\Show-Me-Related-Work\\server\\Show-Me-App\\spec\\removeDownvotesSpec.js":{"path":"D:\\Github\\ShowME\\Show-Me-Related-Work\\server\\Show-Me-App\\spec\\removeDownvotesSpec.js","s":{"1":1,"2":1,"3":1,"4":1,"5":1,"6":1,"7":1,"8":1,"9":1,"10":1,"11":1,"12":1,"13":1,"14":1,"15":1,"16":1,"17":1,"18":1,"19":1,"20":1,"21":1,"22":1,"23":1},"b":{},"f":{"1":1,"2":1,"3":1,"4":1,"5":1,"6":1,"7":1,"8":1},"fnMap":{"1":{"name":"(anonymous_1)","line":4,"loc":{"start":{"line":4,"column":43},"end":{"line":4,"column":53}}},"2":{"name":"(anonymous_2)","line":5,"loc":{"start":{"line":5,"column":21},"end":{"line":5,"column":32}}},"3":{"name":"(anonymous_3)","line":8,"loc":{"start":{"line":8,"column":38},"end":{"line":8,"column":53}}},"4":{"name":"(anonymous_4)","line":14,"loc":{"start":{"line":14,"column":14},"end":{"line":14,"column":46}}},"5":{"name":"(anonymous_5)","line":21,"loc":{"start":{"line":21,"column":34},"end":{"line":21,"column":49}}},"6":{"name":"(anonymous_6)","line":27,"loc":{"start":{"line":27,"column":14},"end":{"line":27,"column":46}}},"7":{"name":"(anonymous_7)","line":34,"loc":{"start":{"line":34,"column":61},"end":{"line":34,"column":76}}},"8":{"name":"(anonymous_8)","line":40,"loc":{"start":{"line":40,"column":14},"end":{"line":40,"column":46}}}},"statementMap":{"1":{"start":{"line":1,"column":0},"end":{"line":1,"column":33}},"2":{"start":{"line":2,"column":0},"end":{"line":2,"column":70}},"3":{"start":{"line":4,"column":0},"end":{"line":47,"column":3}},"4":{"start":{"line":5,"column":3},"end":{"line":46,"column":5}},"5":{"start":{"line":8,"column":8},"end":{"line":18,"column":10}},"6":{"start":{"line":9,"column":5},"end":{"line":9,"column":79}},"7":{"start":{"line":10,"column":11},"end":{"line":10,"column":45}},"8":{"start":{"line":11,"column":11},"end":{"line":17,"column":15}},"9":{"start":{"line":15,"column":15},"end":{"line":15,"column":53}},"10":{"start":{"line":16,"column":15},"end":{"line":16,"column":22}},"11":{"start":{"line":21,"column":4},"end":{"line":31,"column":10}},"12":{"start":{"line":22,"column":5},"end":{"line":22,"column":80}},"13":{"start":{"line":23,"column":11},"end":{"line":23,"column":45}},"14":{"start":{"line":24,"column":11},"end":{"line":30,"column":15}},"15":{"start":{"line":28,"column":15},"end":{"line":28,"column":57}},"16":{"start":{"line":29,"column":15},"end":{"line":29,"column":22}},"17":{"start":{"line":34,"column":4},"end":{"line":45,"column":10}},"18":{"start":{"line":35,"column":5},"end":{"line":35,"column":79}},"19":{"start":{"line":36,"column":11},"end":{"line":36,"column":45}},"20":{"start":{"line":37,"column":11},"end":{"line":44,"column":15}},"21":{"start":{"line":41,"column":6},"end":{"line":41,"column":38}},"22":{"start":{"line":42,"column":15},"end":{"line":42,"column":51}},"23":{"start":{"line":43,"column":15},"end":{"line":43,"column":22}}},"branchMap":{}},"D:\\Github\\ShowME\\Show-Me-Related-Work\\server\\Show-Me-App\\spec\\searchSpec.js":{"path":"D:\\Github\\ShowME\\Show-Me-Related-Work\\server\\Show-Me-App\\spec\\searchSpec.js","s":{"1":1,"2":1,"3":1,"4":1,"5":1,"6":1,"7":1},"b":{},"f":{"1":1,"2":1,"3":1},"fnMap":{"1":{"name":"(anonymous_1)","line":4,"loc":{"start":{"line":4,"column":52},"end":{"line":4,"column":63}}},"2":{"name":"(anonymous_2)","line":5,"loc":{"start":{"line":5,"column":20},"end":{"line":5,"column":31}}},"3":{"name":"(anonymous_3)","line":8,"loc":{"start":{"line":8,"column":31},"end":{"line":8,"column":46}}}},"statementMap":{"1":{"start":{"line":1,"column":0},"end":{"line":1,"column":33}},"2":{"start":{"line":2,"column":0},"end":{"line":2,"column":54}},"3":{"start":{"line":4,"column":0},"end":{"line":17,"column":3}},"4":{"start":{"line":5,"column":2},"end":{"line":16,"column":5}},"5":{"start":{"line":8,"column":4},"end":{"line":15,"column":7}},"6":{"start":{"line":9,"column":3},"end":{"line":9,"column":105}},"7":{"start":{"line":13,"column":2},"end":{"line":13,"column":9}}},"branchMap":{}},"D:\\Github\\ShowME\\Show-Me-Related-Work\\server\\Show-Me-App\\api.js":{"path":"D:\\Github\\ShowME\\Show-Me-Related-Work\\server\\Show-Me-App\\api.js","s":{"1":0,"2":0,"3":0,"4":0,"5":0,"6":0,"7":0,"8":0,"9":0,"10":0,"11":0,"12":0,"13":0,"14":0,"15":0,"16":0,"17":0,"18":0,"19":0,"20":0,"21":0,"22":0,"23":0,"24":0,"25":0,"26":0,"27":0,"28":0,"29":0,"30":0,"31":0,"32":0,"33":0,"34":0,"35":0,"36":0,"37":0,"38":0,"39":0,"40":0,"41":0,"42":0,"43":0,"44":0,"45":0,"46":0,"47":0,"48":0,"49":0,"50":0,"51":0,"52":0,"53":0,"54":0,"55":0,"56":0,"57":0,"58":0,"59":0,"60":0,"61":0,"62":0,"63":0,"64":0,"65":0,"66":0,"67":0,"68":0,"69":0,"70":0,"71":0,"72":0,"73":0,"74":0,"75":0,"76":0,"77":0,"78":0,"79":0,"80":0,"81":0,"82":0,"83":0,"84":0,"85":0,"86":0,"87":0,"88":0,"89":0,"90":0,"91":0,"92":0,"93":0,"94":0,"95":0,"96":0,"97":0,"98":0,"99":0,"100":0,"101":0,"102":0,"103":0,"104":0,"105":0,"106":0,"107":0,"108":0,"109":0,"110":0,"111":0,"112":0,"113":0,"114":0,"115":0,"116":0,"117":0,"118":0,"119":0,"120":0,"121":0,"122":0,"123":0,"124":0,"125":0,"126":0,"127":0,"128":0,"129":0,"130":0,"131":0,"132":0,"133":0,"134":0,"135":0,"136":0,"137":0,"138":0,"139":0,"140":0,"141":0,"142":0,"143":0,"144":0,"145":0,"146":0,"147":0,"148":0,"149":0,"150":0,"151":0,"152":0,"153":0,"154":0,"155":0,"156":0,"157":0,"158":0,"159":0,"160":0,"161":0,"162":0,"163":0,"164":0,"165":0,"166":0,"167":0,"168":0,"169":0,"170":0,"171":0,"172":0,"173":0,"174":0,"175":0,"176":0,"177":0,"178":0,"179":0,"180":0,"181":0,"182":0,"183":0,"184":0,"185":0,"186":0,"187":0,"188":0,"189":0,"190":0,"191":0,"192":0,"193":0,"194":0,"195":0,"196":0,"197":0,"198":0,"199":0,"200":0,"201":0,"202":0,"203":0,"204":0,"205":0,"206":0,"207":0,"208":0,"209":0,"210":0,"211":0,"212":0,"213":0,"214":0,"215":0,"216":0,"217":0,"218":0,"219":0,"220":0,"221":0,"222":0,"223":0,"224":0,"225":0,"226":0,"227":0,"228":0,"229":0,"230":0,"231":0,"232":0,"233":0,"234":0,"235":0,"236":0,"237":0,"238":0,"239":0,"240":0,"241":0,"242":0,"243":0,"244":0,"245":0,"246":0,"247":0,"248":0,"249":0,"250":0,"251":0,"252":0,"253":0,"254":0,"255":0,"256":0,"257":0,"258":0,"259":0,"260":0,"261":0,"262":0,"263":0,"264":0,"265":0,"266":0,"267":0,"268":0,"269":0,"270":0,"271":0,"272":0,"273":0,"274":0,"275":0,"276":0,"277":0,"278":0,"279":0,"280":0,"281":0,"282":0,"283":0,"284":0,"285":0,"286":0,"287":0,"288":0,"289":0,"290":0,"291":0,"292":0,"293":0,"294":0,"295":0,"296":0,"297":0,"298":0,"299":0,"300":0,"301":0,"302":0,"303":0,"304":0,"305":0,"306":0,"307":0,"308":0,"309":0,"310":0,"311":0,"312":0,"313":0,"314":0,"315":0,"316":0,"317":0,"318":0,"319":0,"320":0,"321":0,"322":0,"323":0,"324":0,"325":0,"326":0,"327":0,"328":0,"329":0,"330":0,"331":0,"332":0,"333":0,"334":0,"335":0,"336":0,"337":0,"338":0,"339":0,"340":0,"341":0,"342":0,"343":0,"344":0,"345":0,"346":0,"347":0,"348":0,"349":0,"350":0,"351":0,"352":0,"353":0,"354":0,"355":0,"356":0,"357":0,"358":0,"359":0,"360":0,"361":0,"362":0,"363":0,"364":0,"365":0,"366":0,"367":0,"368":0,"369":0,"370":0,"371":0,"372":0,"373":0,"374":0,"375":0,"376":0,"377":0,"378":0,"379":0,"380":0,"381":0,"382":0,"383":0,"384":0,"385":0,"386":0,"387":0,"388":0,"389":0,"390":0,"391":0},"b":{"1":[0,0],"2":[0,0],"3":[0,0],"4":[0,0],"5":[0,0],"6":[0,0],"7":[0,0],"8":[0,0],"9":[0,0],"10":[0,0],"11":[0,0],"12":[0,0],"13":[0,0],"14":[0,0],"15":[0,0],"16":[0,0],"17":[0,0],"18":[0,0],"19":[0,0],"20":[0,0],"21":[0,0],"22":[0,0],"23":[0,0],"24":[0,0],"25":[0,0],"26":[0,0],"27":[0,0],"28":[0,0],"29":[0,0],"30":[0,0],"31":[0,0],"32":[0,0],"33":[0,0],"34":[0,0],"35":[0,0],"36":[0,0],"37":[0,0],"38":[0,0],"39":[0,0],"40":[0,0],"41":[0,0],"42":[0,0],"43":[0,0],"44":[0,0],"45":[0,0],"46":[0,0],"47":[0,0],"48":[0,0],"49":[0,0],"50":[0,0],"51":[0,0],"52":[0,0],"53":[0,0],"54":[0,0],"55":[0,0],"56":[0,0],"57":[0,0],"58":[0,0],"59":[0,0],"60":[0,0],"61":[0,0],"62":[0,0],"63":[0,0],"64":[0,0],"65":[0,0],"66":[0,0],"67":[0,0],"68":[0,0],"69":[0,0],"70":[0,0],"71":[0,0],"72":[0,0],"73":[0,0],"74":[0,0],"75":[0,0],"76":[0,0],"77":[0,0],"78":[0,0],"79":[0,0],"80":[0,0],"81":[0,0],"82":[0,0],"83":[0,0,0],"84":[0,0],"85":[0,0],"86":[0,0],"87":[0,0]},"f":{"1":0,"2":0,"3":0,"4":0,"5":0,"6":0,"7":0,"8":0,"9":0,"10":0,"11":0,"12":0,"13":0,"14":0,"15":0,"16":0,"17":0,"18":0,"19":0,"20":0,"21":0,"22":0,"23":0,"24":0,"25":0,"26":0,"27":0,"28":0,"29":0,"30":0,"31":0,"32":0,"33":0,"34":0,"35":0,"36":0,"37":0},"fnMap":{"1":{"name":"(anonymous_1)","line":12,"loc":{"start":{"line":12,"column":30},"end":{"line":12,"column":50}}},"2":{"name":"(anonymous_2)","line":16,"loc":{"start":{"line":16,"column":19},"end":{"line":16,"column":39}}},"3":{"name":"(anonymous_3)","line":20,"loc":{"start":{"line":20,"column":19},"end":{"line":20,"column":38}}},"4":{"name":"(anonymous_4)","line":22,"loc":{"start":{"line":22,"column":12},"end":{"line":22,"column":33}}},"5":{"name":"(anonymous_5)","line":38,"loc":{"start":{"line":38,"column":25},"end":{"line":38,"column":40}}},"6":{"name":"(anonymous_6)","line":40,"loc":{"start":{"line":40,"column":12},"end":{"line":40,"column":34}}},"7":{"name":"(anonymous_7)","line":54,"loc":{"start":{"line":54,"column":30},"end":{"line":54,"column":47}}},"8":{"name":"(anonymous_8)","line":57,"loc":{"start":{"line":57,"column":12},"end":{"line":57,"column":33}}},"9":{"name":"(anonymous_9)","line":77,"loc":{"start":{"line":77,"column":29},"end":{"line":77,"column":79}}},"10":{"name":"(anonymous_10)","line":84,"loc":{"start":{"line":84,"column":12},"end":{"line":84,"column":40}}},"11":{"name":"(anonymous_11)","line":137,"loc":{"start":{"line":137,"column":21},"end":{"line":137,"column":71}}},"12":{"name":"(anonymous_12)","line":144,"loc":{"start":{"line":144,"column":12},"end":{"line":144,"column":40}}},"13":{"name":"(anonymous_13)","line":174,"loc":{"start":{"line":174,"column":24},"end":{"line":174,"column":37}}},"14":{"name":"(anonymous_14)","line":189,"loc":{"start":{"line":189,"column":24},"end":{"line":189,"column":74}}},"15":{"name":"(anonymous_15)","line":196,"loc":{"start":{"line":196,"column":12},"end":{"line":196,"column":40}}},"16":{"name":"(anonymous_16)","line":222,"loc":{"start":{"line":222,"column":24},"end":{"line":222,"column":37}}},"17":{"name":"(anonymous_17)","line":237,"loc":{"start":{"line":237,"column":23},"end":{"line":237,"column":73}}},"18":{"name":"(anonymous_18)","line":244,"loc":{"start":{"line":244,"column":12},"end":{"line":244,"column":40}}},"19":{"name":"(anonymous_19)","line":274,"loc":{"start":{"line":274,"column":24},"end":{"line":274,"column":37}}},"20":{"name":"(anonymous_20)","line":289,"loc":{"start":{"line":289,"column":26},"end":{"line":289,"column":76}}},"21":{"name":"(anonymous_21)","line":296,"loc":{"start":{"line":296,"column":12},"end":{"line":296,"column":40}}},"22":{"name":"(anonymous_22)","line":322,"loc":{"start":{"line":322,"column":24},"end":{"line":322,"column":37}}},"23":{"name":"(anonymous_23)","line":337,"loc":{"start":{"line":337,"column":22},"end":{"line":337,"column":78}}},"24":{"name":"(anonymous_24)","line":346,"loc":{"start":{"line":346,"column":12},"end":{"line":346,"column":40}}},"25":{"name":"(anonymous_25)","line":367,"loc":{"start":{"line":367,"column":20},"end":{"line":367,"column":39}}},"26":{"name":"(anonymous_26)","line":374,"loc":{"start":{"line":374,"column":26},"end":{"line":374,"column":39}}},"27":{"name":"(anonymous_27)","line":392,"loc":{"start":{"line":392,"column":19},"end":{"line":392,"column":43}}},"28":{"name":"(anonymous_28)","line":398,"loc":{"start":{"line":398,"column":19},"end":{"line":398,"column":43}}},"29":{"name":"(anonymous_29)","line":434,"loc":{"start":{"line":434,"column":23},"end":{"line":434,"column":42}}},"30":{"name":"(anonymous_30)","line":453,"loc":{"start":{"line":453,"column":27},"end":{"line":453,"column":74}}},"31":{"name":"(anonymous_31)","line":455,"loc":{"start":{"line":455,"column":12},"end":{"line":455,"column":33}}},"32":{"name":"(anonymous_32)","line":478,"loc":{"start":{"line":478,"column":39},"end":{"line":478,"column":81}}},"33":{"name":"(anonymous_33)","line":488,"loc":{"start":{"line":488,"column":32},"end":{"line":488,"column":53}}},"34":{"name":"(anonymous_34)","line":496,"loc":{"start":{"line":496,"column":14},"end":{"line":496,"column":35}}},"35":{"name":"(anonymous_35)","line":517,"loc":{"start":{"line":517,"column":17},"end":{"line":517,"column":59}}},"36":{"name":"(anonymous_36)","line":530,"loc":{"start":{"line":530,"column":17},"end":{"line":530,"column":37}}},"37":{"name":"(anonymous_37)","line":532,"loc":{"start":{"line":532,"column":22},"end":{"line":532,"column":45}}}},"statementMap":{"1":{"start":{"line":1,"column":0},"end":{"line":1,"column":45}},"2":{"start":{"line":2,"column":0},"end":{"line":2,"column":47}},"3":{"start":{"line":3,"column":0},"end":{"line":3,"column":49}},"4":{"start":{"line":4,"column":0},"end":{"line":4,"column":53}},"5":{"start":{"line":5,"column":0},"end":{"line":5,"column":51}},"6":{"start":{"line":6,"column":0},"end":{"line":6,"column":59}},"7":{"start":{"line":7,"column":0},"end":{"line":7,"column":19}},"8":{"start":{"line":9,"column":0},"end":{"line":9,"column":34}},"9":{"start":{"line":12,"column":0},"end":{"line":14,"column":1}},"10":{"start":{"line":13,"column":1},"end":{"line":13,"column":27}},"11":{"start":{"line":16,"column":0},"end":{"line":18,"column":1}},"12":{"start":{"line":17,"column":1},"end":{"line":17,"column":27}},"13":{"start":{"line":20,"column":0},"end":{"line":36,"column":1}},"14":{"start":{"line":21,"column":1},"end":{"line":21,"column":47}},"15":{"start":{"line":22,"column":1},"end":{"line":35,"column":4}},"16":{"start":{"line":23,"column":2},"end":{"line":34,"column":36}},"17":{"start":{"line":23,"column":11},"end":{"line":23,"column":40}},"18":{"start":{"line":24,"column":7},"end":{"line":34,"column":36}},"19":{"start":{"line":25,"column":3},"end":{"line":32,"column":6}},"20":{"start":{"line":34,"column":7},"end":{"line":34,"column":36}},"21":{"start":{"line":38,"column":0},"end":{"line":52,"column":1}},"22":{"start":{"line":39,"column":1},"end":{"line":39,"column":32}},"23":{"start":{"line":40,"column":1},"end":{"line":51,"column":4}},"24":{"start":{"line":41,"column":2},"end":{"line":50,"column":36}},"25":{"start":{"line":41,"column":10},"end":{"line":41,"column":39}},"26":{"start":{"line":42,"column":7},"end":{"line":50,"column":36}},"27":{"start":{"line":43,"column":3},"end":{"line":43,"column":12}},"28":{"start":{"line":44,"column":3},"end":{"line":47,"column":4}},"29":{"start":{"line":45,"column":4},"end":{"line":45,"column":107}},"30":{"start":{"line":46,"column":4},"end":{"line":46,"column":21}},"31":{"start":{"line":48,"column":3},"end":{"line":48,"column":47}},"32":{"start":{"line":50,"column":7},"end":{"line":50,"column":36}},"33":{"start":{"line":54,"column":0},"end":{"line":75,"column":1}},"34":{"start":{"line":55,"column":1},"end":{"line":55,"column":42}},"35":{"start":{"line":57,"column":1},"end":{"line":74,"column":3}},"36":{"start":{"line":58,"column":2},"end":{"line":73,"column":3}},"37":{"start":{"line":58,"column":10},"end":{"line":58,"column":39}},"38":{"start":{"line":59,"column":7},"end":{"line":73,"column":3}},"39":{"start":{"line":60,"column":3},"end":{"line":60,"column":30}},"40":{"start":{"line":62,"column":3},"end":{"line":62,"column":20}},"41":{"start":{"line":63,"column":3},"end":{"line":68,"column":4}},"42":{"start":{"line":66,"column":4},"end":{"line":66,"column":162}},"43":{"start":{"line":67,"column":4},"end":{"line":67,"column":25}},"44":{"start":{"line":69,"column":3},"end":{"line":69,"column":60}},"45":{"start":{"line":72,"column":3},"end":{"line":72,"column":42}},"46":{"start":{"line":77,"column":0},"end":{"line":135,"column":1}},"47":{"start":{"line":78,"column":1},"end":{"line":78,"column":54}},"48":{"start":{"line":78,"column":13},"end":{"line":78,"column":54}},"49":{"start":{"line":79,"column":1},"end":{"line":79,"column":54}},"50":{"start":{"line":79,"column":13},"end":{"line":79,"column":54}},"51":{"start":{"line":80,"column":1},"end":{"line":80,"column":64}},"52":{"start":{"line":80,"column":18},"end":{"line":80,"column":64}},"53":{"start":{"line":81,"column":1},"end":{"line":81,"column":52}},"54":{"start":{"line":81,"column":13},"end":{"line":81,"column":52}},"55":{"start":{"line":83,"column":1},"end":{"line":83,"column":46}},"56":{"start":{"line":84,"column":1},"end":{"line":134,"column":4}},"57":{"start":{"line":85,"column":2},"end":{"line":133,"column":3}},"58":{"start":{"line":85,"column":10},"end":{"line":85,"column":39}},"59":{"start":{"line":86,"column":7},"end":{"line":133,"column":3}},"60":{"start":{"line":87,"column":3},"end":{"line":87,"column":37}},"61":{"start":{"line":88,"column":3},"end":{"line":88,"column":26}},"62":{"start":{"line":89,"column":3},"end":{"line":96,"column":4}},"63":{"start":{"line":90,"column":4},"end":{"line":92,"column":5}},"64":{"start":{"line":91,"column":5},"end":{"line":91,"column":29}},"65":{"start":{"line":93,"column":4},"end":{"line":95,"column":5}},"66":{"start":{"line":94,"column":5},"end":{"line":94,"column":34}},"67":{"start":{"line":97,"column":3},"end":{"line":132,"column":4}},"68":{"start":{"line":97,"column":27},"end":{"line":97,"column":71}},"69":{"start":{"line":98,"column":8},"end":{"line":132,"column":4}},"70":{"start":{"line":98,"column":37},"end":{"line":98,"column":86}},"71":{"start":{"line":100,"column":4},"end":{"line":100,"column":43}},"72":{"start":{"line":101,"column":4},"end":{"line":101,"column":40}},"73":{"start":{"line":102,"column":4},"end":{"line":102,"column":50}},"74":{"start":{"line":103,"column":4},"end":{"line":103,"column":26}},"75":{"start":{"line":104,"column":4},"end":{"line":104,"column":38}},"76":{"start":{"line":105,"column":4},"end":{"line":131,"column":5}},"77":{"start":{"line":107,"column":5},"end":{"line":107,"column":25}},"78":{"start":{"line":108,"column":5},"end":{"line":108,"column":27}},"79":{"start":{"line":110,"column":5},"end":{"line":110,"column":61}},"80":{"start":{"line":111,"column":5},"end":{"line":111,"column":33}},"81":{"start":{"line":111,"column":18},"end":{"line":111,"column":33}},"82":{"start":{"line":113,"column":5},"end":{"line":113,"column":65}},"83":{"start":{"line":114,"column":5},"end":{"line":114,"column":37}},"84":{"start":{"line":114,"column":20},"end":{"line":114,"column":37}},"85":{"start":{"line":117,"column":5},"end":{"line":126,"column":11}},"86":{"start":{"line":127,"column":5},"end":{"line":127,"column":22}},"87":{"start":{"line":130,"column":5},"end":{"line":130,"column":70}},"88":{"start":{"line":137,"column":0},"end":{"line":187,"column":1}},"89":{"start":{"line":138,"column":1},"end":{"line":138,"column":54}},"90":{"start":{"line":138,"column":13},"end":{"line":138,"column":54}},"91":{"start":{"line":139,"column":1},"end":{"line":139,"column":54}},"92":{"start":{"line":139,"column":13},"end":{"line":139,"column":54}},"93":{"start":{"line":140,"column":1},"end":{"line":140,"column":64}},"94":{"start":{"line":140,"column":18},"end":{"line":140,"column":64}},"95":{"start":{"line":141,"column":1},"end":{"line":141,"column":52}},"96":{"start":{"line":141,"column":13},"end":{"line":141,"column":52}},"97":{"start":{"line":143,"column":1},"end":{"line":143,"column":46}},"98":{"start":{"line":144,"column":1},"end":{"line":186,"column":4}},"99":{"start":{"line":145,"column":2},"end":{"line":185,"column":3}},"100":{"start":{"line":145,"column":10},"end":{"line":145,"column":39}},"101":{"start":{"line":146,"column":7},"end":{"line":185,"column":3}},"102":{"start":{"line":147,"column":3},"end":{"line":147,"column":37}},"103":{"start":{"line":148,"column":3},"end":{"line":148,"column":26}},"104":{"start":{"line":149,"column":3},"end":{"line":149,"column":26}},"105":{"start":{"line":150,"column":3},"end":{"line":156,"column":4}},"106":{"start":{"line":151,"column":4},"end":{"line":155,"column":5}},"107":{"start":{"line":152,"column":5},"end":{"line":152,"column":29}},"108":{"start":{"line":153,"column":5},"end":{"line":153,"column":21}},"109":{"start":{"line":154,"column":5},"end":{"line":154,"column":11}},"110":{"start":{"line":157,"column":3},"end":{"line":184,"column":4}},"111":{"start":{"line":157,"column":27},"end":{"line":157,"column":71}},"112":{"start":{"line":159,"column":4},"end":{"line":159,"column":71}},"113":{"start":{"line":160,"column":4},"end":{"line":160,"column":26}},"114":{"start":{"line":161,"column":4},"end":{"line":161,"column":38}},"115":{"start":{"line":162,"column":4},"end":{"line":183,"column":5}},"116":{"start":{"line":164,"column":5},"end":{"line":164,"column":64}},"117":{"start":{"line":165,"column":5},"end":{"line":166,"column":50}},"118":{"start":{"line":166,"column":6},"end":{"line":166,"column":50}},"119":{"start":{"line":168,"column":5},"end":{"line":168,"column":66}},"120":{"start":{"line":169,"column":5},"end":{"line":170,"column":55}},"121":{"start":{"line":170,"column":6},"end":{"line":170,"column":55}},"122":{"start":{"line":172,"column":5},"end":{"line":172,"column":62}},"123":{"start":{"line":174,"column":5},"end":{"line":179,"column":8}},"124":{"start":{"line":175,"column":6},"end":{"line":178,"column":7}},"125":{"start":{"line":175,"column":14},"end":{"line":175,"column":48}},"126":{"start":{"line":177,"column":7},"end":{"line":177,"column":34}},"127":{"start":{"line":182,"column":5},"end":{"line":182,"column":70}},"128":{"start":{"line":189,"column":0},"end":{"line":235,"column":1}},"129":{"start":{"line":190,"column":1},"end":{"line":190,"column":54}},"130":{"start":{"line":190,"column":13},"end":{"line":190,"column":54}},"131":{"start":{"line":191,"column":1},"end":{"line":191,"column":54}},"132":{"start":{"line":191,"column":13},"end":{"line":191,"column":54}},"133":{"start":{"line":192,"column":1},"end":{"line":192,"column":64}},"134":{"start":{"line":192,"column":18},"end":{"line":192,"column":64}},"135":{"start":{"line":193,"column":1},"end":{"line":193,"column":52}},"136":{"start":{"line":193,"column":13},"end":{"line":193,"column":52}},"137":{"start":{"line":195,"column":1},"end":{"line":195,"column":46}},"138":{"start":{"line":196,"column":1},"end":{"line":234,"column":4}},"139":{"start":{"line":197,"column":2},"end":{"line":233,"column":3}},"140":{"start":{"line":197,"column":10},"end":{"line":197,"column":39}},"141":{"start":{"line":198,"column":7},"end":{"line":233,"column":3}},"142":{"start":{"line":199,"column":3},"end":{"line":199,"column":37}},"143":{"start":{"line":200,"column":3},"end":{"line":200,"column":26}},"144":{"start":{"line":201,"column":3},"end":{"line":201,"column":26}},"145":{"start":{"line":202,"column":3},"end":{"line":208,"column":4}},"146":{"start":{"line":203,"column":4},"end":{"line":207,"column":5}},"147":{"start":{"line":204,"column":5},"end":{"line":204,"column":29}},"148":{"start":{"line":205,"column":5},"end":{"line":205,"column":21}},"149":{"start":{"line":206,"column":5},"end":{"line":206,"column":11}},"150":{"start":{"line":209,"column":3},"end":{"line":232,"column":4}},"151":{"start":{"line":209,"column":27},"end":{"line":209,"column":71}},"152":{"start":{"line":211,"column":4},"end":{"line":211,"column":71}},"153":{"start":{"line":212,"column":4},"end":{"line":212,"column":26}},"154":{"start":{"line":213,"column":4},"end":{"line":213,"column":38}},"155":{"start":{"line":214,"column":4},"end":{"line":231,"column":5}},"156":{"start":{"line":216,"column":5},"end":{"line":216,"column":64}},"157":{"start":{"line":217,"column":5},"end":{"line":218,"column":54}},"158":{"start":{"line":218,"column":6},"end":{"line":218,"column":54}},"159":{"start":{"line":220,"column":5},"end":{"line":220,"column":62}},"160":{"start":{"line":222,"column":5},"end":{"line":227,"column":8}},"161":{"start":{"line":223,"column":6},"end":{"line":226,"column":7}},"162":{"start":{"line":223,"column":14},"end":{"line":223,"column":48}},"163":{"start":{"line":225,"column":7},"end":{"line":225,"column":34}},"164":{"start":{"line":230,"column":5},"end":{"line":230,"column":70}},"165":{"start":{"line":237,"column":0},"end":{"line":287,"column":1}},"166":{"start":{"line":238,"column":1},"end":{"line":238,"column":54}},"167":{"start":{"line":238,"column":13},"end":{"line":238,"column":54}},"168":{"start":{"line":239,"column":1},"end":{"line":239,"column":54}},"169":{"start":{"line":239,"column":13},"end":{"line":239,"column":54}},"170":{"start":{"line":240,"column":1},"end":{"line":240,"column":64}},"171":{"start":{"line":240,"column":18},"end":{"line":240,"column":64}},"172":{"start":{"line":241,"column":1},"end":{"line":241,"column":52}},"173":{"start":{"line":241,"column":13},"end":{"line":241,"column":52}},"174":{"start":{"line":243,"column":1},"end":{"line":243,"column":46}},"175":{"start":{"line":244,"column":1},"end":{"line":286,"column":4}},"176":{"start":{"line":245,"column":2},"end":{"line":285,"column":3}},"177":{"start":{"line":245,"column":10},"end":{"line":245,"column":39}},"178":{"start":{"line":246,"column":7},"end":{"line":285,"column":3}},"179":{"start":{"line":247,"column":3},"end":{"line":247,"column":37}},"180":{"start":{"line":248,"column":3},"end":{"line":248,"column":26}},"181":{"start":{"line":249,"column":3},"end":{"line":249,"column":26}},"182":{"start":{"line":250,"column":3},"end":{"line":256,"column":4}},"183":{"start":{"line":251,"column":4},"end":{"line":255,"column":5}},"184":{"start":{"line":252,"column":5},"end":{"line":252,"column":29}},"185":{"start":{"line":253,"column":5},"end":{"line":253,"column":21}},"186":{"start":{"line":254,"column":5},"end":{"line":254,"column":11}},"187":{"start":{"line":257,"column":3},"end":{"line":284,"column":4}},"188":{"start":{"line":257,"column":27},"end":{"line":257,"column":71}},"189":{"start":{"line":259,"column":4},"end":{"line":259,"column":71}},"190":{"start":{"line":260,"column":4},"end":{"line":260,"column":26}},"191":{"start":{"line":261,"column":4},"end":{"line":261,"column":38}},"192":{"start":{"line":262,"column":4},"end":{"line":283,"column":5}},"193":{"start":{"line":264,"column":5},"end":{"line":264,"column":66}},"194":{"start":{"line":265,"column":5},"end":{"line":266,"column":52}},"195":{"start":{"line":266,"column":6},"end":{"line":266,"column":52}},"196":{"start":{"line":268,"column":5},"end":{"line":268,"column":64}},"197":{"start":{"line":269,"column":5},"end":{"line":270,"column":53}},"198":{"start":{"line":270,"column":6},"end":{"line":270,"column":53}},"199":{"start":{"line":272,"column":5},"end":{"line":272,"column":62}},"200":{"start":{"line":274,"column":5},"end":{"line":279,"column":8}},"201":{"start":{"line":275,"column":6},"end":{"line":278,"column":7}},"202":{"start":{"line":275,"column":14},"end":{"line":275,"column":48}},"203":{"start":{"line":277,"column":7},"end":{"line":277,"column":34}},"204":{"start":{"line":282,"column":5},"end":{"line":282,"column":70}},"205":{"start":{"line":289,"column":0},"end":{"line":335,"column":1}},"206":{"start":{"line":290,"column":1},"end":{"line":290,"column":54}},"207":{"start":{"line":290,"column":13},"end":{"line":290,"column":54}},"208":{"start":{"line":291,"column":1},"end":{"line":291,"column":54}},"209":{"start":{"line":291,"column":13},"end":{"line":291,"column":54}},"210":{"start":{"line":292,"column":1},"end":{"line":292,"column":64}},"211":{"start":{"line":292,"column":18},"end":{"line":292,"column":64}},"212":{"start":{"line":293,"column":1},"end":{"line":293,"column":52}},"213":{"start":{"line":293,"column":13},"end":{"line":293,"column":52}},"214":{"start":{"line":295,"column":1},"end":{"line":295,"column":46}},"215":{"start":{"line":296,"column":1},"end":{"line":334,"column":4}},"216":{"start":{"line":297,"column":2},"end":{"line":333,"column":3}},"217":{"start":{"line":297,"column":10},"end":{"line":297,"column":39}},"218":{"start":{"line":298,"column":7},"end":{"line":333,"column":3}},"219":{"start":{"line":299,"column":3},"end":{"line":299,"column":37}},"220":{"start":{"line":300,"column":3},"end":{"line":300,"column":26}},"221":{"start":{"line":301,"column":3},"end":{"line":301,"column":26}},"222":{"start":{"line":302,"column":3},"end":{"line":308,"column":4}},"223":{"start":{"line":303,"column":4},"end":{"line":307,"column":5}},"224":{"start":{"line":304,"column":5},"end":{"line":304,"column":29}},"225":{"start":{"line":305,"column":5},"end":{"line":305,"column":21}},"226":{"start":{"line":306,"column":5},"end":{"line":306,"column":11}},"227":{"start":{"line":309,"column":3},"end":{"line":332,"column":4}},"228":{"start":{"line":309,"column":27},"end":{"line":309,"column":71}},"229":{"start":{"line":311,"column":4},"end":{"line":311,"column":71}},"230":{"start":{"line":312,"column":4},"end":{"line":312,"column":26}},"231":{"start":{"line":313,"column":4},"end":{"line":313,"column":38}},"232":{"start":{"line":314,"column":4},"end":{"line":331,"column":5}},"233":{"start":{"line":316,"column":5},"end":{"line":316,"column":66}},"234":{"start":{"line":317,"column":5},"end":{"line":318,"column":56}},"235":{"start":{"line":318,"column":6},"end":{"line":318,"column":56}},"236":{"start":{"line":320,"column":5},"end":{"line":320,"column":62}},"237":{"start":{"line":322,"column":5},"end":{"line":327,"column":8}},"238":{"start":{"line":323,"column":6},"end":{"line":326,"column":7}},"239":{"start":{"line":323,"column":14},"end":{"line":323,"column":48}},"240":{"start":{"line":325,"column":7},"end":{"line":325,"column":34}},"241":{"start":{"line":330,"column":5},"end":{"line":330,"column":70}},"242":{"start":{"line":337,"column":0},"end":{"line":390,"column":1}},"243":{"start":{"line":338,"column":1},"end":{"line":338,"column":54}},"244":{"start":{"line":338,"column":13},"end":{"line":338,"column":54}},"245":{"start":{"line":339,"column":1},"end":{"line":339,"column":54}},"246":{"start":{"line":339,"column":13},"end":{"line":339,"column":54}},"247":{"start":{"line":340,"column":1},"end":{"line":340,"column":64}},"248":{"start":{"line":340,"column":18},"end":{"line":340,"column":64}},"249":{"start":{"line":341,"column":1},"end":{"line":341,"column":52}},"250":{"start":{"line":341,"column":13},"end":{"line":341,"column":52}},"251":{"start":{"line":342,"column":1},"end":{"line":342,"column":50}},"252":{"start":{"line":342,"column":11},"end":{"line":342,"column":50}},"253":{"start":{"line":344,"column":1},"end":{"line":344,"column":46}},"254":{"start":{"line":345,"column":1},"end":{"line":345,"column":52}},"255":{"start":{"line":346,"column":1},"end":{"line":389,"column":4}},"256":{"start":{"line":347,"column":2},"end":{"line":388,"column":3}},"257":{"start":{"line":347,"column":10},"end":{"line":347,"column":39}},"258":{"start":{"line":348,"column":7},"end":{"line":388,"column":3}},"259":{"start":{"line":349,"column":3},"end":{"line":349,"column":37}},"260":{"start":{"line":350,"column":3},"end":{"line":350,"column":26}},"261":{"start":{"line":351,"column":3},"end":{"line":351,"column":26}},"262":{"start":{"line":352,"column":3},"end":{"line":358,"column":4}},"263":{"start":{"line":353,"column":4},"end":{"line":357,"column":5}},"264":{"start":{"line":354,"column":5},"end":{"line":354,"column":29}},"265":{"start":{"line":355,"column":5},"end":{"line":355,"column":21}},"266":{"start":{"line":356,"column":5},"end":{"line":356,"column":11}},"267":{"start":{"line":360,"column":3},"end":{"line":387,"column":4}},"268":{"start":{"line":360,"column":27},"end":{"line":360,"column":71}},"269":{"start":{"line":362,"column":4},"end":{"line":362,"column":71}},"270":{"start":{"line":363,"column":4},"end":{"line":363,"column":26}},"271":{"start":{"line":364,"column":4},"end":{"line":364,"column":38}},"272":{"start":{"line":366,"column":4},"end":{"line":386,"column":5}},"273":{"start":{"line":367,"column":5},"end":{"line":382,"column":8}},"274":{"start":{"line":368,"column":6},"end":{"line":381,"column":50}},"275":{"start":{"line":368,"column":15},"end":{"line":368,"column":44}},"276":{"start":{"line":369,"column":11},"end":{"line":381,"column":50}},"277":{"start":{"line":370,"column":7},"end":{"line":370,"column":103}},"278":{"start":{"line":371,"column":7},"end":{"line":371,"column":37}},"279":{"start":{"line":372,"column":7},"end":{"line":372,"column":49}},"280":{"start":{"line":373,"column":7},"end":{"line":373,"column":64}},"281":{"start":{"line":374,"column":7},"end":{"line":379,"column":10}},"282":{"start":{"line":375,"column":8},"end":{"line":378,"column":9}},"283":{"start":{"line":375,"column":16},"end":{"line":375,"column":50}},"284":{"start":{"line":377,"column":9},"end":{"line":377,"column":36}},"285":{"start":{"line":381,"column":11},"end":{"line":381,"column":50}},"286":{"start":{"line":385,"column":5},"end":{"line":385,"column":70}},"287":{"start":{"line":392,"column":0},"end":{"line":396,"column":1}},"288":{"start":{"line":393,"column":1},"end":{"line":393,"column":19}},"289":{"start":{"line":394,"column":1},"end":{"line":394,"column":39}},"290":{"start":{"line":395,"column":1},"end":{"line":395,"column":28}},"291":{"start":{"line":398,"column":0},"end":{"line":451,"column":1}},"292":{"start":{"line":399,"column":1},"end":{"line":399,"column":41}},"293":{"start":{"line":400,"column":1},"end":{"line":400,"column":32}},"294":{"start":{"line":401,"column":1},"end":{"line":401,"column":92}},"295":{"start":{"line":402,"column":1},"end":{"line":402,"column":16}},"296":{"start":{"line":403,"column":1},"end":{"line":403,"column":38}},"297":{"start":{"line":404,"column":1},"end":{"line":404,"column":38}},"298":{"start":{"line":405,"column":1},"end":{"line":450,"column":4}},"299":{"start":{"line":406,"column":2},"end":{"line":406,"column":18}},"300":{"start":{"line":407,"column":2},"end":{"line":413,"column":3}},"301":{"start":{"line":408,"column":3},"end":{"line":408,"column":60}},"302":{"start":{"line":409,"column":3},"end":{"line":409,"column":65}},"303":{"start":{"line":410,"column":3},"end":{"line":410,"column":68}},"304":{"start":{"line":411,"column":3},"end":{"line":411,"column":63}},"305":{"start":{"line":412,"column":3},"end":{"line":412,"column":64}},"306":{"start":{"line":415,"column":2},"end":{"line":415,"column":17}},"307":{"start":{"line":416,"column":2},"end":{"line":416,"column":38}},"308":{"start":{"line":417,"column":2},"end":{"line":417,"column":29}},"309":{"start":{"line":418,"column":2},"end":{"line":418,"column":144}},"310":{"start":{"line":419,"column":2},"end":{"line":448,"column":5}},"311":{"start":{"line":420,"column":3},"end":{"line":420,"column":19}},"312":{"start":{"line":421,"column":3},"end":{"line":428,"column":4}},"313":{"start":{"line":422,"column":4},"end":{"line":422,"column":18}},"314":{"start":{"line":423,"column":4},"end":{"line":423,"column":60}},"315":{"start":{"line":424,"column":4},"end":{"line":424,"column":74}},"316":{"start":{"line":425,"column":4},"end":{"line":425,"column":69}},"317":{"start":{"line":426,"column":4},"end":{"line":426,"column":115}},"318":{"start":{"line":427,"column":4},"end":{"line":427,"column":47}},"319":{"start":{"line":430,"column":3},"end":{"line":430,"column":18}},"320":{"start":{"line":431,"column":3},"end":{"line":431,"column":39}},"321":{"start":{"line":432,"column":3},"end":{"line":432,"column":30}},"322":{"start":{"line":433,"column":3},"end":{"line":433,"column":145}},"323":{"start":{"line":434,"column":3},"end":{"line":447,"column":6}},"324":{"start":{"line":435,"column":4},"end":{"line":435,"column":20}},"325":{"start":{"line":436,"column":4},"end":{"line":436,"column":21}},"326":{"start":{"line":437,"column":4},"end":{"line":444,"column":5}},"327":{"start":{"line":438,"column":5},"end":{"line":438,"column":19}},"328":{"start":{"line":439,"column":5},"end":{"line":439,"column":61}},"329":{"start":{"line":440,"column":5},"end":{"line":440,"column":70}},"330":{"start":{"line":441,"column":5},"end":{"line":441,"column":65}},"331":{"start":{"line":442,"column":5},"end":{"line":442,"column":116}},"332":{"start":{"line":443,"column":5},"end":{"line":443,"column":48}},"333":{"start":{"line":445,"column":4},"end":{"line":445,"column":19}},"334":{"start":{"line":446,"column":4},"end":{"line":446,"column":24}},"335":{"start":{"line":453,"column":0},"end":{"line":476,"column":1}},"336":{"start":{"line":454,"column":1},"end":{"line":454,"column":47}},"337":{"start":{"line":455,"column":1},"end":{"line":475,"column":4}},"338":{"start":{"line":456,"column":2},"end":{"line":474,"column":3}},"339":{"start":{"line":456,"column":11},"end":{"line":456,"column":40}},"340":{"start":{"line":457,"column":7},"end":{"line":474,"column":3}},"341":{"start":{"line":458,"column":3},"end":{"line":463,"column":6}},"342":{"start":{"line":466,"column":3},"end":{"line":466,"column":48}},"343":{"start":{"line":467,"column":3},"end":{"line":467,"column":102}},"344":{"start":{"line":468,"column":3},"end":{"line":468,"column":37}},"345":{"start":{"line":469,"column":3},"end":{"line":469,"column":15}},"346":{"start":{"line":470,"column":3},"end":{"line":473,"column":7}},"347":{"start":{"line":478,"column":0},"end":{"line":516,"column":1}},"348":{"start":{"line":479,"column":1},"end":{"line":486,"column":4}},"349":{"start":{"line":487,"column":1},"end":{"line":487,"column":18}},"350":{"start":{"line":488,"column":1},"end":{"line":515,"column":4}},"351":{"start":{"line":489,"column":2},"end":{"line":489,"column":47}},"352":{"start":{"line":489,"column":10},"end":{"line":489,"column":47}},"353":{"start":{"line":490,"column":2},"end":{"line":514,"column":3}},"354":{"start":{"line":491,"column":3},"end":{"line":491,"column":79}},"355":{"start":{"line":494,"column":3},"end":{"line":494,"column":39}},"356":{"start":{"line":495,"column":3},"end":{"line":495,"column":81}},"357":{"start":{"line":496,"column":3},"end":{"line":513,"column":5}},"358":{"start":{"line":497,"column":4},"end":{"line":512,"column":5}},"359":{"start":{"line":497,"column":12},"end":{"line":497,"column":41}},"360":{"start":{"line":498,"column":9},"end":{"line":512,"column":5}},"361":{"start":{"line":499,"column":5},"end":{"line":499,"column":32}},"362":{"start":{"line":500,"column":5},"end":{"line":500,"column":22}},"363":{"start":{"line":501,"column":5},"end":{"line":507,"column":6}},"364":{"start":{"line":502,"column":6},"end":{"line":502,"column":22}},"365":{"start":{"line":503,"column":6},"end":{"line":503,"column":32}},"366":{"start":{"line":504,"column":6},"end":{"line":504,"column":35}},"367":{"start":{"line":505,"column":6},"end":{"line":505,"column":60}},"368":{"start":{"line":506,"column":6},"end":{"line":506,"column":27}},"369":{"start":{"line":508,"column":5},"end":{"line":508,"column":108}},"370":{"start":{"line":511,"column":5},"end":{"line":511,"column":81}},"371":{"start":{"line":517,"column":0},"end":{"line":559,"column":1}},"372":{"start":{"line":519,"column":1},"end":{"line":522,"column":51}},"373":{"start":{"line":524,"column":1},"end":{"line":527,"column":69}},"374":{"start":{"line":530,"column":1},"end":{"line":554,"column":4}},"375":{"start":{"line":531,"column":2},"end":{"line":531,"column":27}},"376":{"start":{"line":532,"column":2},"end":{"line":553,"column":5}},"377":{"start":{"line":533,"column":3},"end":{"line":552,"column":4}},"378":{"start":{"line":533,"column":12},"end":{"line":533,"column":41}},"379":{"start":{"line":534,"column":8},"end":{"line":552,"column":4}},"380":{"start":{"line":535,"column":4},"end":{"line":535,"column":21}},"381":{"start":{"line":536,"column":4},"end":{"line":545,"column":5}},"382":{"start":{"line":537,"column":5},"end":{"line":537,"column":21}},"383":{"start":{"line":538,"column":5},"end":{"line":538,"column":31}},"384":{"start":{"line":539,"column":5},"end":{"line":539,"column":34}},"385":{"start":{"line":540,"column":5},"end":{"line":540,"column":59}},"386":{"start":{"line":541,"column":5},"end":{"line":541,"column":44}},"387":{"start":{"line":542,"column":5},"end":{"line":542,"column":37}},"388":{"start":{"line":543,"column":5},"end":{"line":543,"column":35}},"389":{"start":{"line":544,"column":5},"end":{"line":544,"column":26}},"390":{"start":{"line":547,"column":4},"end":{"line":547,"column":107}},"391":{"start":{"line":551,"column":4},"end":{"line":551,"column":80}}},"branchMap":{"1":{"line":23,"type":"if","locations":[{"start":{"line":23,"column":2},"end":{"line":23,"column":2}},{"start":{"line":23,"column":2},"end":{"line":23,"column":2}}]},"2":{"line":24,"type":"if","locations":[{"start":{"line":24,"column":7},"end":{"line":24,"column":7}},{"start":{"line":24,"column":7},"end":{"line":24,"column":7}}]},"3":{"line":41,"type":"if","locations":[{"start":{"line":41,"column":2},"end":{"line":41,"column":2}},{"start":{"line":41,"column":2},"end":{"line":41,"column":2}}]},"4":{"line":42,"type":"if","locations":[{"start":{"line":42,"column":7},"end":{"line":42,"column":7}},{"start":{"line":42,"column":7},"end":{"line":42,"column":7}}]},"5":{"line":58,"type":"if","locations":[{"start":{"line":58,"column":2},"end":{"line":58,"column":2}},{"start":{"line":58,"column":2},"end":{"line":58,"column":2}}]},"6":{"line":59,"type":"if","locations":[{"start":{"line":59,"column":7},"end":{"line":59,"column":7}},{"start":{"line":59,"column":7},"end":{"line":59,"column":7}}]},"7":{"line":78,"type":"if","locations":[{"start":{"line":78,"column":1},"end":{"line":78,"column":1}},{"start":{"line":78,"column":1},"end":{"line":78,"column":1}}]},"8":{"line":79,"type":"if","locations":[{"start":{"line":79,"column":1},"end":{"line":79,"column":1}},{"start":{"line":79,"column":1},"end":{"line":79,"column":1}}]},"9":{"line":80,"type":"if","locations":[{"start":{"line":80,"column":1},"end":{"line":80,"column":1}},{"start":{"line":80,"column":1},"end":{"line":80,"column":1}}]},"10":{"line":81,"type":"if","locations":[{"start":{"line":81,"column":1},"end":{"line":81,"column":1}},{"start":{"line":81,"column":1},"end":{"line":81,"column":1}}]},"11":{"line":85,"type":"if","locations":[{"start":{"line":85,"column":2},"end":{"line":85,"column":2}},{"start":{"line":85,"column":2},"end":{"line":85,"column":2}}]},"12":{"line":86,"type":"if","locations":[{"start":{"line":86,"column":7},"end":{"line":86,"column":7}},{"start":{"line":86,"column":7},"end":{"line":86,"column":7}}]},"13":{"line":90,"type":"if","locations":[{"start":{"line":90,"column":4},"end":{"line":90,"column":4}},{"start":{"line":90,"column":4},"end":{"line":90,"column":4}}]},"14":{"line":93,"type":"if","locations":[{"start":{"line":93,"column":4},"end":{"line":93,"column":4}},{"start":{"line":93,"column":4},"end":{"line":93,"column":4}}]},"15":{"line":97,"type":"if","locations":[{"start":{"line":97,"column":3},"end":{"line":97,"column":3}},{"start":{"line":97,"column":3},"end":{"line":97,"column":3}}]},"16":{"line":98,"type":"if","locations":[{"start":{"line":98,"column":8},"end":{"line":98,"column":8}},{"start":{"line":98,"column":8},"end":{"line":98,"column":8}}]},"17":{"line":105,"type":"if","locations":[{"start":{"line":105,"column":4},"end":{"line":105,"column":4}},{"start":{"line":105,"column":4},"end":{"line":105,"column":4}}]},"18":{"line":111,"type":"if","locations":[{"start":{"line":111,"column":5},"end":{"line":111,"column":5}},{"start":{"line":111,"column":5},"end":{"line":111,"column":5}}]},"19":{"line":114,"type":"if","locations":[{"start":{"line":114,"column":5},"end":{"line":114,"column":5}},{"start":{"line":114,"column":5},"end":{"line":114,"column":5}}]},"20":{"line":138,"type":"if","locations":[{"start":{"line":138,"column":1},"end":{"line":138,"column":1}},{"start":{"line":138,"column":1},"end":{"line":138,"column":1}}]},"21":{"line":139,"type":"if","locations":[{"start":{"line":139,"column":1},"end":{"line":139,"column":1}},{"start":{"line":139,"column":1},"end":{"line":139,"column":1}}]},"22":{"line":140,"type":"if","locations":[{"start":{"line":140,"column":1},"end":{"line":140,"column":1}},{"start":{"line":140,"column":1},"end":{"line":140,"column":1}}]},"23":{"line":141,"type":"if","locations":[{"start":{"line":141,"column":1},"end":{"line":141,"column":1}},{"start":{"line":141,"column":1},"end":{"line":141,"column":1}}]},"24":{"line":145,"type":"if","locations":[{"start":{"line":145,"column":2},"end":{"line":145,"column":2}},{"start":{"line":145,"column":2},"end":{"line":145,"column":2}}]},"25":{"line":146,"type":"if","locations":[{"start":{"line":146,"column":7},"end":{"line":146,"column":7}},{"start":{"line":146,"column":7},"end":{"line":146,"column":7}}]},"26":{"line":151,"type":"if","locations":[{"start":{"line":151,"column":4},"end":{"line":151,"column":4}},{"start":{"line":151,"column":4},"end":{"line":151,"column":4}}]},"27":{"line":157,"type":"if","locations":[{"start":{"line":157,"column":3},"end":{"line":157,"column":3}},{"start":{"line":157,"column":3},"end":{"line":157,"column":3}}]},"28":{"line":162,"type":"if","locations":[{"start":{"line":162,"column":4},"end":{"line":162,"column":4}},{"start":{"line":162,"column":4},"end":{"line":162,"column":4}}]},"29":{"line":165,"type":"if","locations":[{"start":{"line":165,"column":5},"end":{"line":165,"column":5}},{"start":{"line":165,"column":5},"end":{"line":165,"column":5}}]},"30":{"line":169,"type":"if","locations":[{"start":{"line":169,"column":5},"end":{"line":169,"column":5}},{"start":{"line":169,"column":5},"end":{"line":169,"column":5}}]},"31":{"line":175,"type":"if","locations":[{"start":{"line":175,"column":6},"end":{"line":175,"column":6}},{"start":{"line":175,"column":6},"end":{"line":175,"column":6}}]},"32":{"line":190,"type":"if","locations":[{"start":{"line":190,"column":1},"end":{"line":190,"column":1}},{"start":{"line":190,"column":1},"end":{"line":190,"column":1}}]},"33":{"line":191,"type":"if","locations":[{"start":{"line":191,"column":1},"end":{"line":191,"column":1}},{"start":{"line":191,"column":1},"end":{"line":191,"column":1}}]},"34":{"line":192,"type":"if","locations":[{"start":{"line":192,"column":1},"end":{"line":192,"column":1}},{"start":{"line":192,"column":1},"end":{"line":192,"column":1}}]},"35":{"line":193,"type":"if","locations":[{"start":{"line":193,"column":1},"end":{"line":193,"column":1}},{"start":{"line":193,"column":1},"end":{"line":193,"column":1}}]},"36":{"line":197,"type":"if","locations":[{"start":{"line":197,"column":2},"end":{"line":197,"column":2}},{"start":{"line":197,"column":2},"end":{"line":197,"column":2}}]},"37":{"line":198,"type":"if","locations":[{"start":{"line":198,"column":7},"end":{"line":198,"column":7}},{"start":{"line":198,"column":7},"end":{"line":198,"column":7}}]},"38":{"line":203,"type":"if","locations":[{"start":{"line":203,"column":4},"end":{"line":203,"column":4}},{"start":{"line":203,"column":4},"end":{"line":203,"column":4}}]},"39":{"line":209,"type":"if","locations":[{"start":{"line":209,"column":3},"end":{"line":209,"column":3}},{"start":{"line":209,"column":3},"end":{"line":209,"column":3}}]},"40":{"line":214,"type":"if","locations":[{"start":{"line":214,"column":4},"end":{"line":214,"column":4}},{"start":{"line":214,"column":4},"end":{"line":214,"column":4}}]},"41":{"line":217,"type":"if","locations":[{"start":{"line":217,"column":5},"end":{"line":217,"column":5}},{"start":{"line":217,"column":5},"end":{"line":217,"column":5}}]},"42":{"line":223,"type":"if","locations":[{"start":{"line":223,"column":6},"end":{"line":223,"column":6}},{"start":{"line":223,"column":6},"end":{"line":223,"column":6}}]},"43":{"line":238,"type":"if","locations":[{"start":{"line":238,"column":1},"end":{"line":238,"column":1}},{"start":{"line":238,"column":1},"end":{"line":238,"column":1}}]},"44":{"line":239,"type":"if","locations":[{"start":{"line":239,"column":1},"end":{"line":239,"column":1}},{"start":{"line":239,"column":1},"end":{"line":239,"column":1}}]},"45":{"line":240,"type":"if","locations":[{"start":{"line":240,"column":1},"end":{"line":240,"column":1}},{"start":{"line":240,"column":1},"end":{"line":240,"column":1}}]},"46":{"line":241,"type":"if","locations":[{"start":{"line":241,"column":1},"end":{"line":241,"column":1}},{"start":{"line":241,"column":1},"end":{"line":241,"column":1}}]},"47":{"line":245,"type":"if","locations":[{"start":{"line":245,"column":2},"end":{"line":245,"column":2}},{"start":{"line":245,"column":2},"end":{"line":245,"column":2}}]},"48":{"line":246,"type":"if","locations":[{"start":{"line":246,"column":7},"end":{"line":246,"column":7}},{"start":{"line":246,"column":7},"end":{"line":246,"column":7}}]},"49":{"line":251,"type":"if","locations":[{"start":{"line":251,"column":4},"end":{"line":251,"column":4}},{"start":{"line":251,"column":4},"end":{"line":251,"column":4}}]},"50":{"line":257,"type":"if","locations":[{"start":{"line":257,"column":3},"end":{"line":257,"column":3}},{"start":{"line":257,"column":3},"end":{"line":257,"column":3}}]},"51":{"line":262,"type":"if","locations":[{"start":{"line":262,"column":4},"end":{"line":262,"column":4}},{"start":{"line":262,"column":4},"end":{"line":262,"column":4}}]},"52":{"line":265,"type":"if","locations":[{"start":{"line":265,"column":5},"end":{"line":265,"column":5}},{"start":{"line":265,"column":5},"end":{"line":265,"column":5}}]},"53":{"line":269,"type":"if","locations":[{"start":{"line":269,"column":5},"end":{"line":269,"column":5}},{"start":{"line":269,"column":5},"end":{"line":269,"column":5}}]},"54":{"line":275,"type":"if","locations":[{"start":{"line":275,"column":6},"end":{"line":275,"column":6}},{"start":{"line":275,"column":6},"end":{"line":275,"column":6}}]},"55":{"line":290,"type":"if","locations":[{"start":{"line":290,"column":1},"end":{"line":290,"column":1}},{"start":{"line":290,"column":1},"end":{"line":290,"column":1}}]},"56":{"line":291,"type":"if","locations":[{"start":{"line":291,"column":1},"end":{"line":291,"column":1}},{"start":{"line":291,"column":1},"end":{"line":291,"column":1}}]},"57":{"line":292,"type":"if","locations":[{"start":{"line":292,"column":1},"end":{"line":292,"column":1}},{"start":{"line":292,"column":1},"end":{"line":292,"column":1}}]},"58":{"line":293,"type":"if","locations":[{"start":{"line":293,"column":1},"end":{"line":293,"column":1}},{"start":{"line":293,"column":1},"end":{"line":293,"column":1}}]},"59":{"line":297,"type":"if","locations":[{"start":{"line":297,"column":2},"end":{"line":297,"column":2}},{"start":{"line":297,"column":2},"end":{"line":297,"column":2}}]},"60":{"line":298,"type":"if","locations":[{"start":{"line":298,"column":7},"end":{"line":298,"column":7}},{"start":{"line":298,"column":7},"end":{"line":298,"column":7}}]},"61":{"line":303,"type":"if","locations":[{"start":{"line":303,"column":4},"end":{"line":303,"column":4}},{"start":{"line":303,"column":4},"end":{"line":303,"column":4}}]},"62":{"line":309,"type":"if","locations":[{"start":{"line":309,"column":3},"end":{"line":309,"column":3}},{"start":{"line":309,"column":3},"end":{"line":309,"column":3}}]},"63":{"line":314,"type":"if","locations":[{"start":{"line":314,"column":4},"end":{"line":314,"column":4}},{"start":{"line":314,"column":4},"end":{"line":314,"column":4}}]},"64":{"line":317,"type":"if","locations":[{"start":{"line":317,"column":5},"end":{"line":317,"column":5}},{"start":{"line":317,"column":5},"end":{"line":317,"column":5}}]},"65":{"line":323,"type":"if","locations":[{"start":{"line":323,"column":6},"end":{"line":323,"column":6}},{"start":{"line":323,"column":6},"end":{"line":323,"column":6}}]},"66":{"line":338,"type":"if","locations":[{"start":{"line":338,"column":1},"end":{"line":338,"column":1}},{"start":{"line":338,"column":1},"end":{"line":338,"column":1}}]},"67":{"line":339,"type":"if","locations":[{"start":{"line":339,"column":1},"end":{"line":339,"column":1}},{"start":{"line":339,"column":1},"end":{"line":339,"column":1}}]},"68":{"line":340,"type":"if","locations":[{"start":{"line":340,"column":1},"end":{"line":340,"column":1}},{"start":{"line":340,"column":1},"end":{"line":340,"column":1}}]},"69":{"line":341,"type":"if","locations":[{"start":{"line":341,"column":1},"end":{"line":341,"column":1}},{"start":{"line":341,"column":1},"end":{"line":341,"column":1}}]},"70":{"line":342,"type":"if","locations":[{"start":{"line":342,"column":1},"end":{"line":342,"column":1}},{"start":{"line":342,"column":1},"end":{"line":342,"column":1}}]},"71":{"line":347,"type":"if","locations":[{"start":{"line":347,"column":2},"end":{"line":347,"column":2}},{"start":{"line":347,"column":2},"end":{"line":347,"column":2}}]},"72":{"line":348,"type":"if","locations":[{"start":{"line":348,"column":7},"end":{"line":348,"column":7}},{"start":{"line":348,"column":7},"end":{"line":348,"column":7}}]},"73":{"line":353,"type":"if","locations":[{"start":{"line":353,"column":4},"end":{"line":353,"column":4}},{"start":{"line":353,"column":4},"end":{"line":353,"column":4}}]},"74":{"line":360,"type":"if","locations":[{"start":{"line":360,"column":3},"end":{"line":360,"column":3}},{"start":{"line":360,"column":3},"end":{"line":360,"column":3}}]},"75":{"line":366,"type":"if","locations":[{"start":{"line":366,"column":4},"end":{"line":366,"column":4}},{"start":{"line":366,"column":4},"end":{"line":366,"column":4}}]},"76":{"line":368,"type":"if","locations":[{"start":{"line":368,"column":6},"end":{"line":368,"column":6}},{"start":{"line":368,"column":6},"end":{"line":368,"column":6}}]},"77":{"line":369,"type":"if","locations":[{"start":{"line":369,"column":11},"end":{"line":369,"column":11}},{"start":{"line":369,"column":11},"end":{"line":369,"column":11}}]},"78":{"line":375,"type":"if","locations":[{"start":{"line":375,"column":8},"end":{"line":375,"column":8}},{"start":{"line":375,"column":8},"end":{"line":375,"column":8}}]},"79":{"line":456,"type":"if","locations":[{"start":{"line":456,"column":2},"end":{"line":456,"column":2}},{"start":{"line":456,"column":2},"end":{"line":456,"column":2}}]},"80":{"line":457,"type":"if","locations":[{"start":{"line":457,"column":7},"end":{"line":457,"column":7}},{"start":{"line":457,"column":7},"end":{"line":457,"column":7}}]},"81":{"line":489,"type":"if","locations":[{"start":{"line":489,"column":2},"end":{"line":489,"column":2}},{"start":{"line":489,"column":2},"end":{"line":489,"column":2}}]},"82":{"line":490,"type":"if","locations":[{"start":{"line":490,"column":2},"end":{"line":490,"column":2}},{"start":{"line":490,"column":2},"end":{"line":490,"column":2}}]},"83":{"line":490,"type":"binary-expr","locations":[{"start":{"line":490,"column":5},"end":{"line":490,"column":25}},{"start":{"line":490,"column":29},"end":{"line":490,"column":47}},{"start":{"line":490,"column":51},"end":{"line":490,"column":68}}]},"84":{"line":497,"type":"if","locations":[{"start":{"line":497,"column":4},"end":{"line":497,"column":4}},{"start":{"line":497,"column":4},"end":{"line":497,"column":4}}]},"85":{"line":498,"type":"if","locations":[{"start":{"line":498,"column":9},"end":{"line":498,"column":9}},{"start":{"line":498,"column":9},"end":{"line":498,"column":9}}]},"86":{"line":533,"type":"if","locations":[{"start":{"line":533,"column":3},"end":{"line":533,"column":3}},{"start":{"line":533,"column":3},"end":{"line":533,"column":3}}]},"87":{"line":534,"type":"if","locations":[{"start":{"line":534,"column":8},"end":{"line":534,"column":8}},{"start":{"line":534,"column":8},"end":{"line":534,"column":8}}]}}},"D:\\Github\\ShowME\\Show-Me-Related-Work\\server\\Show-Me-App\\app.js":{"path":"D:\\Github\\ShowME\\Show-Me-Related-Work\\server\\Show-Me-App\\app.js","s":{"1":0,"2":0,"3":0,"4":0,"5":0,"6":0,"7":0,"8":0,"9":0,"10":0,"11":0,"12":0,"13":0,"14":0,"15":0,"16":0,"17":0,"18":0,"19":0,"20":0,"21":0,"22":0,"23":0,"24":0,"25":0,"26":0,"27":0,"28":0,"29":0,"30":0,"31":0,"32":0,"33":0,"34":0,"35":0,"36":0,"37":0,"38":0,"39":0,"40":0,"41":0,"42":0},"b":{"1":[0,0],"2":[0,0]},"f":{"1":0,"2":0},"fnMap":{"1":{"name":"(anonymous_1)","line":42,"loc":{"start":{"line":42,"column":8},"end":{"line":42,"column":33}}},"2":{"name":"(anonymous_2)","line":49,"loc":{"start":{"line":49,"column":8},"end":{"line":49,"column":38}}}},"statementMap":{"1":{"start":{"line":1,"column":0},"end":{"line":1,"column":33}},"2":{"start":{"line":2,"column":0},"end":{"line":2,"column":27}},"3":{"start":{"line":3,"column":0},"end":{"line":3,"column":39}},"4":{"start":{"line":4,"column":0},"end":{"line":4,"column":31}},"5":{"start":{"line":5,"column":0},"end":{"line":5,"column":44}},"6":{"start":{"line":6,"column":0},"end":{"line":6,"column":40}},"7":{"start":{"line":7,"column":0},"end":{"line":7,"column":27}},"8":{"start":{"line":9,"column":0},"end":{"line":9,"column":38}},"9":{"start":{"line":10,"column":0},"end":{"line":10,"column":38}},"10":{"start":{"line":11,"column":0},"end":{"line":11,"column":42}},"11":{"start":{"line":12,"column":0},"end":{"line":12,"column":46}},"12":{"start":{"line":13,"column":0},"end":{"line":13,"column":46}},"13":{"start":{"line":14,"column":0},"end":{"line":14,"column":40}},"14":{"start":{"line":16,"column":0},"end":{"line":16,"column":20}},"15":{"start":{"line":17,"column":0},"end":{"line":17,"column":16}},"16":{"start":{"line":19,"column":0},"end":{"line":19,"column":40}},"17":{"start":{"line":20,"column":0},"end":{"line":20,"column":22}},"18":{"start":{"line":23,"column":0},"end":{"line":23,"column":48}},"19":{"start":{"line":24,"column":0},"end":{"line":24,"column":30}},"20":{"start":{"line":28,"column":0},"end":{"line":28,"column":23}},"21":{"start":{"line":29,"column":0},"end":{"line":29,"column":27}},"22":{"start":{"line":30,"column":0},"end":{"line":30,"column":52}},"23":{"start":{"line":31,"column":0},"end":{"line":31,"column":24}},"24":{"start":{"line":32,"column":0},"end":{"line":32,"column":56}},"25":{"start":{"line":34,"column":0},"end":{"line":34,"column":20}},"26":{"start":{"line":35,"column":0},"end":{"line":35,"column":25}},"27":{"start":{"line":36,"column":0},"end":{"line":36,"column":29}},"28":{"start":{"line":37,"column":0},"end":{"line":37,"column":33}},"29":{"start":{"line":38,"column":0},"end":{"line":38,"column":33}},"30":{"start":{"line":39,"column":0},"end":{"line":39,"column":26}},"31":{"start":{"line":42,"column":0},"end":{"line":46,"column":3}},"32":{"start":{"line":43,"column":2},"end":{"line":43,"column":35}},"33":{"start":{"line":44,"column":2},"end":{"line":44,"column":19}},"34":{"start":{"line":45,"column":2},"end":{"line":45,"column":12}},"35":{"start":{"line":49,"column":0},"end":{"line":57,"column":3}},"36":{"start":{"line":51,"column":2},"end":{"line":51,"column":35}},"37":{"start":{"line":52,"column":2},"end":{"line":52,"column":69}},"38":{"start":{"line":55,"column":2},"end":{"line":55,"column":32}},"39":{"start":{"line":56,"column":2},"end":{"line":56,"column":22}},"40":{"start":{"line":59,"column":0},"end":{"line":59,"column":17}},"41":{"start":{"line":61,"column":0},"end":{"line":61,"column":40}},"42":{"start":{"line":63,"column":0},"end":{"line":63,"column":21}}},"branchMap":{"1":{"line":52,"type":"cond-expr","locations":[{"start":{"line":52,"column":60},"end":{"line":52,"column":63}},{"start":{"line":52,"column":66},"end":{"line":52,"column":68}}]},"2":{"line":55,"type":"binary-expr","locations":[{"start":{"line":55,"column":13},"end":{"line":55,"column":23}},{"start":{"line":55,"column":27},"end":{"line":55,"column":30}}]}}},"D:\\Github\\ShowME\\Show-Me-Related-Work\\server\\Show-Me-App\\models\\comments.js":{"path":"D:\\Github\\ShowME\\Show-Me-Related-Work\\server\\Show-Me-App\\models\\comments.js","s":{"1":0,"2":0,"3":0,"4":0,"5":0,"6":0,"7":0,"8":0,"9":0,"10":0,"11":0},"b":{},"f":{"1":0,"2":0},"fnMap":{"1":{"name":"(anonymous_1)","line":13,"loc":{"start":{"line":13,"column":35},"end":{"line":13,"column":45}}},"2":{"name":"(anonymous_2)","line":17,"loc":{"start":{"line":17,"column":34},"end":{"line":17,"column":44}}}},"statementMap":{"1":{"start":{"line":1,"column":0},"end":{"line":1,"column":35}},"2":{"start":{"line":2,"column":0},"end":{"line":2,"column":34}},"3":{"start":{"line":3,"column":0},"end":{"line":3,"column":38}},"4":{"start":{"line":4,"column":0},"end":{"line":4,"column":29}},"5":{"start":{"line":6,"column":0},"end":{"line":11,"column":3}},"6":{"start":{"line":13,"column":0},"end":{"line":15,"column":3}},"7":{"start":{"line":14,"column":1},"end":{"line":14,"column":39}},"8":{"start":{"line":17,"column":0},"end":{"line":19,"column":3}},"9":{"start":{"line":18,"column":1},"end":{"line":18,"column":39}},"10":{"start":{"line":21,"column":0},"end":{"line":21,"column":66}},"11":{"start":{"line":23,"column":0},"end":{"line":23,"column":64}}},"branchMap":{}},"D:\\Github\\ShowME\\Show-Me-Related-Work\\server\\Show-Me-App\\models\\domains.js":{"path":"D:\\Github\\ShowME\\Show-Me-Related-Work\\server\\Show-Me-App\\models\\domains.js","s":{"1":0,"2":0,"3":0,"4":0,"5":0,"6":0,"7":0,"8":0,"9":0,"10":0,"11":0},"b":{},"f":{"1":0,"2":0},"fnMap":{"1":{"name":"(anonymous_1)","line":35,"loc":{"start":{"line":35,"column":35},"end":{"line":35,"column":45}}},"2":{"name":"(anonymous_2)","line":39,"loc":{"start":{"line":39,"column":34},"end":{"line":39,"column":44}}}},"statementMap":{"1":{"start":{"line":1,"column":0},"end":{"line":1,"column":35}},"2":{"start":{"line":2,"column":0},"end":{"line":2,"column":34}},"3":{"start":{"line":3,"column":0},"end":{"line":3,"column":40}},"4":{"start":{"line":4,"column":0},"end":{"line":4,"column":45}},"5":{"start":{"line":5,"column":0},"end":{"line":5,"column":29}},"6":{"start":{"line":7,"column":0},"end":{"line":33,"column":3}},"7":{"start":{"line":35,"column":0},"end":{"line":37,"column":3}},"8":{"start":{"line":36,"column":1},"end":{"line":36,"column":23}},"9":{"start":{"line":39,"column":0},"end":{"line":41,"column":3}},"10":{"start":{"line":40,"column":1},"end":{"line":40,"column":38}},"11":{"start":{"line":43,"column":0},"end":{"line":43,"column":63}}},"branchMap":{}},"D:\\Github\\ShowME\\Show-Me-Related-Work\\server\\Show-Me-App\\models\\models.js":{"path":"D:\\Github\\ShowME\\Show-Me-Related-Work\\server\\Show-Me-App\\models\\models.js","s":{"1":0,"2":0,"3":0,"4":0,"5":0,"6":0,"7":0,"8":0,"9":0,"10":0,"11":0,"12":0,"13":0,"14":0,"15":0,"16":0,"17":0,"18":0,"19":0},"b":{},"f":{"1":0,"2":0,"3":0},"fnMap":{"1":{"name":"(anonymous_1)","line":11,"loc":{"start":{"line":11,"column":21},"end":{"line":11,"column":31}}},"2":{"name":"(anonymous_2)","line":22,"loc":{"start":{"line":22,"column":16},"end":{"line":22,"column":29}}},"3":{"name":"(anonymous_3)","line":26,"loc":{"start":{"line":26,"column":23},"end":{"line":26,"column":33}}}},"statementMap":{"1":{"start":{"line":1,"column":0},"end":{"line":1,"column":29}},"2":{"start":{"line":2,"column":0},"end":{"line":2,"column":35}},"3":{"start":{"line":3,"column":0},"end":{"line":3,"column":34}},"4":{"start":{"line":4,"column":0},"end":{"line":4,"column":39}},"5":{"start":{"line":5,"column":0},"end":{"line":5,"column":38}},"6":{"start":{"line":6,"column":0},"end":{"line":6,"column":40}},"7":{"start":{"line":7,"column":0},"end":{"line":7,"column":42}},"8":{"start":{"line":8,"column":0},"end":{"line":8,"column":46}},"9":{"start":{"line":10,"column":0},"end":{"line":10,"column":34}},"10":{"start":{"line":11,"column":0},"end":{"line":20,"column":1}},"11":{"start":{"line":12,"column":1},"end":{"line":12,"column":32}},"12":{"start":{"line":14,"column":1},"end":{"line":16,"column":4}},"13":{"start":{"line":18,"column":1},"end":{"line":18,"column":30}},"14":{"start":{"line":19,"column":1},"end":{"line":19,"column":74}},"15":{"start":{"line":22,"column":0},"end":{"line":24,"column":1}},"16":{"start":{"line":23,"column":1},"end":{"line":23,"column":38}},"17":{"start":{"line":26,"column":0},"end":{"line":113,"column":1}},"18":{"start":{"line":27,"column":1},"end":{"line":27,"column":18}},"19":{"start":{"line":112,"column":1},"end":{"line":112,"column":48}}},"branchMap":{}},"D:\\Github\\ShowME\\Show-Me-Related-Work\\server\\Show-Me-App\\models\\papers.js":{"path":"D:\\Github\\ShowME\\Show-Me-Related-Work\\server\\Show-Me-App\\models\\papers.js","s":{"1":0,"2":0,"3":0,"4":0,"5":0,"6":0,"7":0},"b":{},"f":{"1":0},"fnMap":{"1":{"name":"(anonymous_1)","line":33,"loc":{"start":{"line":33,"column":33},"end":{"line":33,"column":43}}}},"statementMap":{"1":{"start":{"line":1,"column":0},"end":{"line":1,"column":35}},"2":{"start":{"line":2,"column":0},"end":{"line":2,"column":34}},"3":{"start":{"line":3,"column":0},"end":{"line":3,"column":29}},"4":{"start":{"line":18,"column":0},"end":{"line":30,"column":3}},"5":{"start":{"line":33,"column":0},"end":{"line":35,"column":3}},"6":{"start":{"line":34,"column":1},"end":{"line":34,"column":19}},"7":{"start":{"line":41,"column":0},"end":{"line":41,"column":60}}},"branchMap":{}},"D:\\Github\\ShowME\\Show-Me-Related-Work\\server\\Show-Me-App\\models\\relations.js":{"path":"D:\\Github\\ShowME\\Show-Me-Related-Work\\server\\Show-Me-App\\models\\relations.js","s":{"1":0,"2":0,"3":0,"4":0,"5":0,"6":0,"7":0,"8":0,"9":0,"10":0,"11":0,"12":0},"b":{},"f":{"1":0,"2":0},"fnMap":{"1":{"name":"(anonymous_1)","line":15,"loc":{"start":{"line":15,"column":36},"end":{"line":15,"column":46}}},"2":{"name":"(anonymous_2)","line":19,"loc":{"start":{"line":19,"column":35},"end":{"line":19,"column":45}}}},"statementMap":{"1":{"start":{"line":1,"column":0},"end":{"line":1,"column":35}},"2":{"start":{"line":2,"column":0},"end":{"line":2,"column":34}},"3":{"start":{"line":3,"column":0},"end":{"line":3,"column":40}},"4":{"start":{"line":4,"column":0},"end":{"line":4,"column":38}},"5":{"start":{"line":5,"column":0},"end":{"line":5,"column":44}},"6":{"start":{"line":6,"column":0},"end":{"line":6,"column":29}},"7":{"start":{"line":8,"column":0},"end":{"line":13,"column":3}},"8":{"start":{"line":15,"column":0},"end":{"line":17,"column":3}},"9":{"start":{"line":16,"column":1},"end":{"line":16,"column":48}},"10":{"start":{"line":19,"column":0},"end":{"line":21,"column":3}},"11":{"start":{"line":20,"column":1},"end":{"line":20,"column":40}},"12":{"start":{"line":23,"column":0},"end":{"line":23,"column":66}}},"branchMap":{}},"D:\\Github\\ShowME\\Show-Me-Related-Work\\server\\Show-Me-App\\models\\users.js":{"path":"D:\\Github\\ShowME\\Show-Me-Related-Work\\server\\Show-Me-App\\models\\users.js","s":{"1":0,"2":0,"3":0,"4":0,"5":0,"6":0,"7":0,"8":0,"9":0},"b":{},"f":{"1":0,"2":0},"fnMap":{"1":{"name":"(anonymous_1)","line":12,"loc":{"start":{"line":12,"column":31},"end":{"line":12,"column":41}}},"2":{"name":"(anonymous_2)","line":16,"loc":{"start":{"line":16,"column":30},"end":{"line":16,"column":40}}}},"statementMap":{"1":{"start":{"line":1,"column":0},"end":{"line":1,"column":35}},"2":{"start":{"line":2,"column":0},"end":{"line":2,"column":34}},"3":{"start":{"line":3,"column":0},"end":{"line":3,"column":29}},"4":{"start":{"line":5,"column":0},"end":{"line":10,"column":3}},"5":{"start":{"line":12,"column":0},"end":{"line":14,"column":3}},"6":{"start":{"line":13,"column":1},"end":{"line":13,"column":47}},"7":{"start":{"line":16,"column":0},"end":{"line":18,"column":3}},"8":{"start":{"line":17,"column":1},"end":{"line":17,"column":36}},"9":{"start":{"line":20,"column":0},"end":{"line":20,"column":57}}},"branchMap":{}},"D:\\Github\\ShowME\\Show-Me-Related-Work\\server\\Show-Me-App\\neo4jmodels\\graphNode.js":{"path":"D:\\Github\\ShowME\\Show-Me-Related-Work\\server\\Show-Me-App\\neo4jmodels\\graphNode.js","s":{"1":0,"2":0,"3":0,"4":0},"b":{},"f":{"1":0},"fnMap":{"1":{"name":"(anonymous_1)","line":5,"loc":{"start":{"line":5,"column":20},"end":{"line":5,"column":31}}}},"statementMap":{"1":{"start":{"line":1,"column":0},"end":{"line":1,"column":35}},"2":{"start":{"line":3,"column":0},"end":{"line":3,"column":34}},"3":{"start":{"line":5,"column":0},"end":{"line":7,"column":1}},"4":{"start":{"line":6,"column":1},"end":{"line":6,"column":33}}},"branchMap":{}},"D:\\Github\\ShowME\\Show-Me-Related-Work\\server\\Show-Me-App\\neo4jmodels\\models.js":{"path":"D:\\Github\\ShowME\\Show-Me-Related-Work\\server\\Show-Me-App\\neo4jmodels\\models.js","s":{"1":0,"2":0,"3":0,"4":0,"5":0,"6":0,"7":0,"8":0,"9":0,"10":0,"11":0,"12":0},"b":{},"f":{"1":0,"2":0},"fnMap":{"1":{"name":"(anonymous_1)","line":10,"loc":{"start":{"line":10,"column":21},"end":{"line":10,"column":32}}},"2":{"name":"(anonymous_2)","line":18,"loc":{"start":{"line":18,"column":27},"end":{"line":18,"column":37}}}},"statementMap":{"1":{"start":{"line":3,"column":0},"end":{"line":3,"column":39}},"2":{"start":{"line":4,"column":0},"end":{"line":4,"column":47}},"3":{"start":{"line":6,"column":0},"end":{"line":6,"column":39}},"4":{"start":{"line":8,"column":0},"end":{"line":8,"column":34}},"5":{"start":{"line":10,"column":0},"end":{"line":16,"column":1}},"6":{"start":{"line":11,"column":1},"end":{"line":11,"column":27}},"7":{"start":{"line":12,"column":1},"end":{"line":12,"column":37}},"8":{"start":{"line":13,"column":1},"end":{"line":13,"column":37}},"9":{"start":{"line":14,"column":1},"end":{"line":14,"column":70}},"10":{"start":{"line":15,"column":1},"end":{"line":15,"column":15}},"11":{"start":{"line":18,"column":0},"end":{"line":20,"column":1}},"12":{"start":{"line":19,"column":1},"end":{"line":19,"column":25}}},"branchMap":{}},"D:\\Github\\ShowME\\Show-Me-Related-Work\\server\\Show-Me-App\\routes\\domains.js":{"path":"D:\\Github\\ShowME\\Show-Me-Related-Work\\server\\Show-Me-App\\routes\\domains.js","s":{"1":0,"2":0,"3":0,"4":0,"5":0,"6":0,"7":0,"8":0,"9":0,"10":0,"11":0},"b":{},"f":{"1":0,"2":0,"3":0},"fnMap":{"1":{"name":"(anonymous_1)","line":6,"loc":{"start":{"line":6,"column":19},"end":{"line":6,"column":44}}},"2":{"name":"(anonymous_2)","line":10,"loc":{"start":{"line":10,"column":19},"end":{"line":10,"column":43}}},"3":{"name":"(anonymous_3)","line":15,"loc":{"start":{"line":15,"column":23},"end":{"line":15,"column":47}}}},"statementMap":{"1":{"start":{"line":1,"column":0},"end":{"line":1,"column":33}},"2":{"start":{"line":2,"column":0},"end":{"line":2,"column":30}},"3":{"start":{"line":3,"column":0},"end":{"line":3,"column":32}},"4":{"start":{"line":6,"column":0},"end":{"line":8,"column":3}},"5":{"start":{"line":7,"column":1},"end":{"line":7,"column":26}},"6":{"start":{"line":10,"column":0},"end":{"line":13,"column":3}},"7":{"start":{"line":11,"column":1},"end":{"line":11,"column":24}},"8":{"start":{"line":12,"column":1},"end":{"line":12,"column":35}},"9":{"start":{"line":15,"column":0},"end":{"line":17,"column":3}},"10":{"start":{"line":16,"column":1},"end":{"line":16,"column":105}},"11":{"start":{"line":18,"column":0},"end":{"line":18,"column":24}}},"branchMap":{}},"D:\\Github\\ShowME\\Show-Me-Related-Work\\server\\Show-Me-App\\routes\\graphNode.js":{"path":"D:\\Github\\ShowME\\Show-Me-Related-Work\\server\\Show-Me-App\\routes\\graphNode.js","s":{"1":0,"2":0,"3":0,"4":0,"5":0,"6":0,"7":0,"8":0},"b":{},"f":{"1":0},"fnMap":{"1":{"name":"(anonymous_1)","line":5,"loc":{"start":{"line":5,"column":29},"end":{"line":5,"column":54}}}},"statementMap":{"1":{"start":{"line":1,"column":0},"end":{"line":1,"column":33}},"2":{"start":{"line":2,"column":0},"end":{"line":2,"column":30}},"3":{"start":{"line":3,"column":0},"end":{"line":3,"column":32}},"4":{"start":{"line":5,"column":0},"end":{"line":9,"column":3}},"5":{"start":{"line":6,"column":1},"end":{"line":6,"column":29}},"6":{"start":{"line":7,"column":1},"end":{"line":7,"column":32}},"7":{"start":{"line":8,"column":1},"end":{"line":8,"column":28}},"8":{"start":{"line":11,"column":0},"end":{"line":11,"column":24}}},"branchMap":{}},"D:\\Github\\ShowME\\Show-Me-Related-Work\\server\\Show-Me-App\\routes\\index.js":{"path":"D:\\Github\\ShowME\\Show-Me-Related-Work\\server\\Show-Me-App\\routes\\index.js","s":{"1":0,"2":0,"3":0,"4":0,"5":0},"b":{},"f":{"1":0},"fnMap":{"1":{"name":"(anonymous_1)","line":5,"loc":{"start":{"line":5,"column":16},"end":{"line":5,"column":41}}}},"statementMap":{"1":{"start":{"line":1,"column":0},"end":{"line":1,"column":33}},"2":{"start":{"line":2,"column":0},"end":{"line":2,"column":30}},"3":{"start":{"line":5,"column":0},"end":{"line":7,"column":3}},"4":{"start":{"line":6,"column":2},"end":{"line":6,"column":44}},"5":{"start":{"line":9,"column":0},"end":{"line":9,"column":24}}},"branchMap":{}},"D:\\Github\\ShowME\\Show-Me-Related-Work\\server\\Show-Me-App\\routes\\relations.js":{"path":"D:\\Github\\ShowME\\Show-Me-Related-Work\\server\\Show-Me-App\\routes\\relations.js","s":{"1":0,"2":0,"3":0,"4":0,"5":0,"6":0,"7":0,"8":0,"9":0,"10":0,"11":0,"12":0,"13":0,"14":0,"15":0,"16":0,"17":0,"18":0,"19":0,"20":0,"21":0,"22":0,"23":0,"24":0,"25":0,"26":0,"27":0,"28":0,"29":0,"30":0,"31":0,"32":0,"33":0,"34":0,"35":0,"36":0,"37":0,"38":0,"39":0,"40":0,"41":0},"b":{},"f":{"1":0,"2":0,"3":0,"4":0,"5":0,"6":0},"fnMap":{"1":{"name":"(anonymous_1)","line":6,"loc":{"start":{"line":6,"column":19},"end":{"line":6,"column":44}}},"2":{"name":"(anonymous_2)","line":14,"loc":{"start":{"line":14,"column":26},"end":{"line":14,"column":50}}},"3":{"name":"(anonymous_3)","line":22,"loc":{"start":{"line":22,"column":28},"end":{"line":22,"column":52}}},"4":{"name":"(anonymous_4)","line":31,"loc":{"start":{"line":31,"column":29},"end":{"line":31,"column":53}}},"5":{"name":"(anonymous_5)","line":39,"loc":{"start":{"line":39,"column":31},"end":{"line":39,"column":55}}},"6":{"name":"(anonymous_6)","line":47,"loc":{"start":{"line":47,"column":27},"end":{"line":47,"column":51}}}},"statementMap":{"1":{"start":{"line":1,"column":0},"end":{"line":1,"column":33}},"2":{"start":{"line":2,"column":0},"end":{"line":2,"column":30}},"3":{"start":{"line":3,"column":0},"end":{"line":3,"column":32}},"4":{"start":{"line":6,"column":0},"end":{"line":12,"column":3}},"5":{"start":{"line":7,"column":1},"end":{"line":7,"column":31}},"6":{"start":{"line":8,"column":1},"end":{"line":8,"column":31}},"7":{"start":{"line":9,"column":1},"end":{"line":9,"column":41}},"8":{"start":{"line":10,"column":1},"end":{"line":10,"column":27}},"9":{"start":{"line":11,"column":1},"end":{"line":11,"column":65}},"10":{"start":{"line":14,"column":0},"end":{"line":20,"column":3}},"11":{"start":{"line":15,"column":1},"end":{"line":15,"column":31}},"12":{"start":{"line":16,"column":1},"end":{"line":16,"column":31}},"13":{"start":{"line":17,"column":1},"end":{"line":17,"column":41}},"14":{"start":{"line":18,"column":1},"end":{"line":18,"column":27}},"15":{"start":{"line":19,"column":1},"end":{"line":19,"column":57}},"16":{"start":{"line":22,"column":0},"end":{"line":29,"column":3}},"17":{"start":{"line":23,"column":1},"end":{"line":23,"column":31}},"18":{"start":{"line":24,"column":1},"end":{"line":24,"column":31}},"19":{"start":{"line":25,"column":1},"end":{"line":25,"column":41}},"20":{"start":{"line":26,"column":1},"end":{"line":26,"column":27}},"21":{"start":{"line":28,"column":1},"end":{"line":28,"column":59}},"22":{"start":{"line":31,"column":0},"end":{"line":37,"column":3}},"23":{"start":{"line":32,"column":1},"end":{"line":32,"column":31}},"24":{"start":{"line":33,"column":1},"end":{"line":33,"column":31}},"25":{"start":{"line":34,"column":1},"end":{"line":34,"column":41}},"26":{"start":{"line":35,"column":1},"end":{"line":35,"column":27}},"27":{"start":{"line":36,"column":1},"end":{"line":36,"column":60}},"28":{"start":{"line":39,"column":0},"end":{"line":45,"column":3}},"29":{"start":{"line":40,"column":1},"end":{"line":40,"column":31}},"30":{"start":{"line":41,"column":1},"end":{"line":41,"column":31}},"31":{"start":{"line":42,"column":1},"end":{"line":42,"column":41}},"32":{"start":{"line":43,"column":1},"end":{"line":43,"column":27}},"33":{"start":{"line":44,"column":1},"end":{"line":44,"column":62}},"34":{"start":{"line":47,"column":0},"end":{"line":54,"column":3}},"35":{"start":{"line":48,"column":1},"end":{"line":48,"column":31}},"36":{"start":{"line":49,"column":1},"end":{"line":49,"column":31}},"37":{"start":{"line":50,"column":1},"end":{"line":50,"column":41}},"38":{"start":{"line":51,"column":1},"end":{"line":51,"column":27}},"39":{"start":{"line":52,"column":1},"end":{"line":52,"column":27}},"40":{"start":{"line":53,"column":1},"end":{"line":53,"column":64}},"41":{"start":{"line":56,"column":0},"end":{"line":56,"column":24}}},"branchMap":{}},"D:\\Github\\ShowME\\Show-Me-Related-Work\\server\\Show-Me-App\\routes\\search.js":{"path":"D:\\Github\\ShowME\\Show-Me-Related-Work\\server\\Show-Me-App\\routes\\search.js","s":{"1":0,"2":0,"3":0,"4":0,"5":0,"6":0},"b":{},"f":{"1":0},"fnMap":{"1":{"name":"(anonymous_1)","line":5,"loc":{"start":{"line":5,"column":23},"end":{"line":5,"column":48}}}},"statementMap":{"1":{"start":{"line":1,"column":0},"end":{"line":1,"column":33}},"2":{"start":{"line":2,"column":0},"end":{"line":2,"column":30}},"3":{"start":{"line":3,"column":0},"end":{"line":3,"column":32}},"4":{"start":{"line":5,"column":0},"end":{"line":7,"column":3}},"5":{"start":{"line":6,"column":4},"end":{"line":6,"column":84}},"6":{"start":{"line":9,"column":0},"end":{"line":9,"column":24}}},"branchMap":{}},"D:\\Github\\ShowME\\Show-Me-Related-Work\\server\\Show-Me-App\\routes\\users.js":{"path":"D:\\Github\\ShowME\\Show-Me-Related-Work\\server\\Show-Me-App\\routes\\users.js","s":{"1":0,"2":0,"3":0,"4":0,"5":0,"6":0,"7":0,"8":0,"9":0,"10":0,"11":0},"b":{},"f":{"1":0,"2":0},"fnMap":{"1":{"name":"(anonymous_1)","line":6,"loc":{"start":{"line":6,"column":26},"end":{"line":6,"column":51}}},"2":{"name":"(anonymous_2)","line":11,"loc":{"start":{"line":11,"column":21},"end":{"line":11,"column":45}}}},"statementMap":{"1":{"start":{"line":1,"column":0},"end":{"line":1,"column":33}},"2":{"start":{"line":2,"column":0},"end":{"line":2,"column":30}},"3":{"start":{"line":3,"column":0},"end":{"line":3,"column":32}},"4":{"start":{"line":6,"column":0},"end":{"line":9,"column":3}},"5":{"start":{"line":7,"column":1},"end":{"line":7,"column":28}},"6":{"start":{"line":8,"column":1},"end":{"line":8,"column":28}},"7":{"start":{"line":11,"column":0},"end":{"line":15,"column":3}},"8":{"start":{"line":12,"column":1},"end":{"line":12,"column":26}},"9":{"start":{"line":13,"column":1},"end":{"line":13,"column":23}},"10":{"start":{"line":14,"column":1},"end":{"line":14,"column":102}},"11":{"start":{"line":17,"column":0},"end":{"line":17,"column":24}}},"branchMap":{}}}